"../../Plugins/2D/Paper2D/Content/PlaceholderTextures/DummySpriteTexture.uasset" 0
"../../Plugins/2D/Paper2D/Content/DummySpriteTexture.uasset" 1
"../../Plugins/2D/Paper2D/Content/DefaultSpriteMaterial.uasset" 2
"../../Plugins/2D/Paper2D/Content/OpaqueUnlitSpriteMaterial.uasset" 3
"../../../../../../Users/gmanq/Desktop/UnknownWorld/Content/2dSideScroller/Textures/2DBackground.uasset" 4
"../../../../../../Users/gmanq/Desktop/UnknownWorld/Content/2DSideScroller/Sprites/Background_Sprite.uasset" 5
"../../../../../../Users/gmanq/Desktop/UnknownWorld/Content/2dSideScroller/Textures/2DCharacter_IdleAnimAtlas.uasset" 6
"../../../../../../Users/gmanq/Desktop/UnknownWorld/Content/2dSideScroller/Sprites/IdleFrames/IdleCycle1.uasset" 7
"../../../../../../Users/gmanq/Desktop/UnknownWorld/Content/2dSideScroller/Sprites/IdleFrames/IdleCycle2.uasset" 8
"../../../../../../Users/gmanq/Desktop/UnknownWorld/Content/2dSideScroller/Sprites/IdleFrames/IdleCycle3.uasset" 9
"../../../../../../Users/gmanq/Desktop/UnknownWorld/Content/2dSideScroller/Sprites/IdleFrames/IdleCycle4.uasset" 10
"../../../../../../Users/gmanq/Desktop/UnknownWorld/Content/2dSideScroller/Sprites/IdleFrames/IdleCycle5.uasset" 11
"../../../../../../Users/gmanq/Desktop/UnknownWorld/Content/2dSideScroller/Sprites/IdleFrames/IdleCycle6.uasset" 12
"../../../../../../Users/gmanq/Desktop/UnknownWorld/Content/2dSideScroller/Sprites/IdleFrames/IdleCycle7.uasset" 13
"../../../../../../Users/gmanq/Desktop/UnknownWorld/Content/2dSideScroller/Sprites/IdleFrames/IdleCycle8.uasset" 14
"../../../../../../Users/gmanq/Desktop/UnknownWorld/Content/2DSideScroller/Sprites/IdleAnimation.uasset" 15
"../../../../../../Users/gmanq/Desktop/UnknownWorld/Content/2dSideScroller/Textures/2DBackgroundBlockAtlas.uasset" 16
"../../../../../../Users/gmanq/Desktop/UnknownWorld/Content/2DSideScroller/Sprites/Ledge.uasset" 17
"../../../../../../Users/gmanq/Desktop/UnknownWorld/Content/2dSideScroller/Textures/2DBackgroundTile.uasset" 18
"../../../../../../Users/gmanq/Desktop/UnknownWorld/Content/2DSideScroller/Materials/PrototypingSpriteMaterial.uasset" 19
"../../../../../../Users/gmanq/Desktop/UnknownWorld/Content/2DSideScroller/Sprites/PrototypingSprite.uasset" 20
"../../../../../../Users/gmanq/Desktop/UnknownWorld/Content/2dSideScroller/Textures/2DCharacter_RunAnimAtlas.uasset" 21
"../../../../../../Users/gmanq/Desktop/UnknownWorld/Content/2dSideScroller/Sprites/RunFrames/RunCycle_1.uasset" 22
"../../../../../../Users/gmanq/Desktop/UnknownWorld/Content/2dSideScroller/Sprites/RunFrames/RunCycle_10.uasset" 23
"../../../../../../Users/gmanq/Desktop/UnknownWorld/Content/2dSideScroller/Sprites/RunFrames/RunCycle_11.uasset" 24
"../../../../../../Users/gmanq/Desktop/UnknownWorld/Content/2dSideScroller/Sprites/RunFrames/RunCycle_12.uasset" 25
"../../../../../../Users/gmanq/Desktop/UnknownWorld/Content/2dSideScroller/Sprites/RunFrames/RunCycle_13.uasset" 26
"../../../../../../Users/gmanq/Desktop/UnknownWorld/Content/2dSideScroller/Sprites/RunFrames/RunCycle_14.uasset" 27
"../../../../../../Users/gmanq/Desktop/UnknownWorld/Content/2dSideScroller/Sprites/RunFrames/RunCycle_15.uasset" 28
"../../../../../../Users/gmanq/Desktop/UnknownWorld/Content/2dSideScroller/Sprites/RunFrames/RunCycle_16.uasset" 29
"../../../../../../Users/gmanq/Desktop/UnknownWorld/Content/2dSideScroller/Sprites/RunFrames/RunCycle_2.uasset" 30
"../../../../../../Users/gmanq/Desktop/UnknownWorld/Content/2dSideScroller/Sprites/RunFrames/RunCycle_3.uasset" 31
"../../../../../../Users/gmanq/Desktop/UnknownWorld/Content/2dSideScroller/Sprites/RunFrames/RunCycle_4.uasset" 32
"../../../../../../Users/gmanq/Desktop/UnknownWorld/Content/2dSideScroller/Sprites/RunFrames/RunCycle_5.uasset" 33
"../../../../../../Users/gmanq/Desktop/UnknownWorld/Content/2dSideScroller/Sprites/RunFrames/RunCycle_6.uasset" 34
"../../../../../../Users/gmanq/Desktop/UnknownWorld/Content/2dSideScroller/Sprites/RunFrames/RunCycle_7.uasset" 35
"../../../../../../Users/gmanq/Desktop/UnknownWorld/Content/2dSideScroller/Sprites/RunFrames/RunCycle_8.uasset" 36
"../../../../../../Users/gmanq/Desktop/UnknownWorld/Content/2dSideScroller/Sprites/RunFrames/RunCycle_9.uasset" 37
"../../../../../../Users/gmanq/Desktop/UnknownWorld/Content/2DSideScroller/Sprites/RunningAnimation.uasset" 38
"../../../Engine/Content/EditorBlueprintResources/StandardMacros.uasset" 39
"../../../../../../Users/gmanq/Desktop/UnknownWorld/Content/Item_personaje/Balas_personaje/MegamanX_Teleporting_6.uasset" 40
"../../../../../../Users/gmanq/Desktop/UnknownWorld/Content/Item_personaje/Balas_personaje/MegamanX_Teleporting_6_Sprite.uasset" 41
"../../../../../../Users/gmanq/Desktop/UnknownWorld/Content/Item_personaje/Balas_personaje/Bala_Secundaria.uasset" 42
"../../../../../../Users/gmanq/Desktop/UnknownWorld/Content/enemigos/enemigo/sprites/attack/Attack1_Sprite.uasset" 43
"../../../../../../Users/gmanq/Desktop/UnknownWorld/Content/enemigos/enemigo/sprites/attack/Attack2_Sprite.uasset" 44
"../../../../../../Users/gmanq/Desktop/UnknownWorld/Content/enemigos/enemigo/sprites/attack/Attack3_Sprite.uasset" 45
"../../../../../../Users/gmanq/Desktop/UnknownWorld/Content/enemigos/enemigo/sprites/attack/Attack4_Sprite.uasset" 46
"../../../../../../Users/gmanq/Desktop/UnknownWorld/Content/enemigos/enemigo/Flipbooks/Attack_enemigos.uasset" 47
"../../../../../../Users/gmanq/Desktop/UnknownWorld/Content/enemigos/enemigo/sprites/death/Death1_Sprite.uasset" 48
"../../../../../../Users/gmanq/Desktop/UnknownWorld/Content/enemigos/enemigo/sprites/death/Death2_Sprite.uasset" 49
"../../../../../../Users/gmanq/Desktop/UnknownWorld/Content/enemigos/enemigo/sprites/death/Death3_Sprite.uasset" 50
"../../../../../../Users/gmanq/Desktop/UnknownWorld/Content/enemigos/enemigo/sprites/death/Death4_Sprite.uasset" 51
"../../../../../../Users/gmanq/Desktop/UnknownWorld/Content/enemigos/enemigo/sprites/death/Death5_Sprite.uasset" 52
"../../../../../../Users/gmanq/Desktop/UnknownWorld/Content/enemigos/enemigo/sprites/death/Death6_Sprite.uasset" 53
"../../../../../../Users/gmanq/Desktop/UnknownWorld/Content/enemigos/enemigo/Flipbooks/Death_enemigo.uasset" 54
"../../../../../../Users/gmanq/Desktop/UnknownWorld/Content/enemigos/enemigo/Flipbooks/DeathLoop_enemigo.uasset" 55
"../../../../../../Users/gmanq/Desktop/UnknownWorld/Content/enemigos/enemigo/sprites/IDle/Idle1_Sprite.uasset" 56
"../../../../../../Users/gmanq/Desktop/UnknownWorld/Content/enemigos/enemigo/sprites/IDle/Idle2_Sprite.uasset" 57
"../../../../../../Users/gmanq/Desktop/UnknownWorld/Content/enemigos/enemigo/sprites/IDle/Idle3_Sprite.uasset" 58
"../../../../../../Users/gmanq/Desktop/UnknownWorld/Content/enemigos/enemigo/Flipbooks/Idle_enemigo.uasset" 59
"../../../../../../Users/gmanq/Desktop/UnknownWorld/Content/enemigos/enemigo/sprites/walk/Walk1_Sprite.uasset" 60
"../../../../../../Users/gmanq/Desktop/UnknownWorld/Content/enemigos/enemigo/sprites/walk/Walk2_Sprite.uasset" 61
"../../../../../../Users/gmanq/Desktop/UnknownWorld/Content/enemigos/enemigo/sprites/walk/Walk3_Sprite.uasset" 62
"../../../../../../Users/gmanq/Desktop/UnknownWorld/Content/enemigos/enemigo/sprites/walk/Walk4_Sprite.uasset" 63
"../../../../../../Users/gmanq/Desktop/UnknownWorld/Content/enemigos/enemigo/sprites/walk/Walk5_Sprite.uasset" 64
"../../../../../../Users/gmanq/Desktop/UnknownWorld/Content/enemigos/enemigo/sprites/walk/Walk6_Sprite.uasset" 65
"../../../../../../Users/gmanq/Desktop/UnknownWorld/Content/enemigos/enemigo/Flipbooks/Walk_enemigo.uasset" 66
"../../../../../../Users/gmanq/Desktop/UnknownWorld/Content/Personaje/Animaciones/Sprites/Apuntar_diagonal_arriba/Fusion-Samus_Sprite_100.uasset" 67
"../../../../../../Users/gmanq/Desktop/UnknownWorld/Content/Personaje/Animaciones/Sprites/Apuntar_diagonal_arriba/Fusion-Samus_Sprite_98.uasset" 68
"../../../../../../Users/gmanq/Desktop/UnknownWorld/Content/Personaje/Animaciones/Sprites/Apuntar_diagonal_arriba/Fusion-Samus_Sprite_99.uasset" 69
"../../../../../../Users/gmanq/Desktop/UnknownWorld/Content/Personaje/Animaciones/Flipbooks/Apuntar_arriba.uasset" 70
"../../Plugins/2D/Paper2D/Content/TranslucentUnlitSpriteMaterial.uasset" 71
"../../../../../../Users/gmanq/Desktop/UnknownWorld/Content/Personaje/Animaciones/Sprites/kisspng-sprite-explosion-portable-network-graphics-animati-more-images-amp-concepts-palanysamy-5c05fdae7653d4_5021770915438964944847.uasset" 72
"../../../../../../Users/gmanq/Desktop/UnknownWorld/Content/Personaje/Animaciones/Sprites/muerte/43.uasset" 73
"../../../../../../Users/gmanq/Desktop/UnknownWorld/Content/Personaje/Animaciones/Sprites/muerte/41.uasset" 74
"../../../../../../Users/gmanq/Desktop/UnknownWorld/Content/Personaje/Animaciones/Flipbooks/Loop_death.uasset" 75
"../../../../../../Users/gmanq/Desktop/UnknownWorld/Content/Personaje/Animaciones/Sprites/Fusion-Samus.uasset" 76
"../../../../../../Users/gmanq/Desktop/UnknownWorld/Content/Personaje/Animaciones/Sprites/Salto_disparo/1.uasset" 77
"../../../../../../Users/gmanq/Desktop/UnknownWorld/Content/Personaje/Animaciones/Sprites/Salto_disparo/2.uasset" 78
"../../../../../../Users/gmanq/Desktop/UnknownWorld/Content/Personaje/Animaciones/Sprites/Salto_disparo/3.uasset" 79
"../../../../../../Users/gmanq/Desktop/UnknownWorld/Content/Personaje/Animaciones/Sprites/Salto_disparo/4.uasset" 80
"../../../../../../Users/gmanq/Desktop/UnknownWorld/Content/Personaje/Animaciones/Sprites/Salto_disparo/5.uasset" 81
"../../../../../../Users/gmanq/Desktop/UnknownWorld/Content/Personaje/Animaciones/Sprites/Salto_disparo/6.uasset" 82
"../../../../../../Users/gmanq/Desktop/UnknownWorld/Content/Personaje/Animaciones/Sprites/Salto_disparo/7.uasset" 83
"../../../../../../Users/gmanq/Desktop/UnknownWorld/Content/Personaje/Animaciones/Flipbooks/Salto_disparo.uasset" 84
"../../../../../../Users/gmanq/Desktop/UnknownWorld/Content/Personaje/Animaciones/Sprites/salto_disparo_diagonal_arriba/Fusion-Samus_Sprite_377.uasset" 85
"../../../../../../Users/gmanq/Desktop/UnknownWorld/Content/Personaje/Animaciones/Sprites/salto_disparo_diagonal_arriba/Fusion-Samus_Sprite_378.uasset" 86
"../../../../../../Users/gmanq/Desktop/UnknownWorld/Content/Personaje/Animaciones/Sprites/salto_disparo_diagonal_arriba/Fusion-Samus_Sprite_379.uasset" 87
"../../../../../../Users/gmanq/Desktop/UnknownWorld/Content/Personaje/Animaciones/Sprites/salto_disparo_diagonal_arriba/Fusion-Samus_Sprite_380.uasset" 88
"../../../../../../Users/gmanq/Desktop/UnknownWorld/Content/Personaje/Animaciones/Sprites/salto_disparo_diagonal_arriba/Fusion-Samus_Sprite_383.uasset" 89
"../../../../../../Users/gmanq/Desktop/UnknownWorld/Content/Personaje/Animaciones/Flipbooks/Salto_disparo_diagonal.uasset" 90
"../../../../../../Users/gmanq/Desktop/UnknownWorld/Content/enemigos/enemigo.uasset" 91
"../../../../../../Users/gmanq/Desktop/UnknownWorld/Content/Item_personaje/Balas_personaje/Fusion-Samus_Sprite_148.uasset" 92
"../../../../../../Users/gmanq/Desktop/UnknownWorld/Content/Item_personaje/Balas_personaje/Bala_principal.uasset" 93
"../../../../../../Users/gmanq/Desktop/UnknownWorld/Content/Objetos_pantalla/HUD.uasset" 94
"../../../../../../Users/gmanq/Desktop/UnknownWorld/Content/Personaje/Animaciones/Sprites/Correr/Fusion-Samus_Sprite_184.uasset" 95
"../../../../../../Users/gmanq/Desktop/UnknownWorld/Content/Personaje/Animaciones/Sprites/Correr/Fusion-Samus_Sprite_185.uasset" 96
"../../../../../../Users/gmanq/Desktop/UnknownWorld/Content/Personaje/Animaciones/Sprites/Correr/Fusion-Samus_Sprite_186.uasset" 97
"../../../../../../Users/gmanq/Desktop/UnknownWorld/Content/Personaje/Animaciones/Sprites/Correr/Fusion-Samus_Sprite_187.uasset" 98
"../../../../../../Users/gmanq/Desktop/UnknownWorld/Content/Personaje/Animaciones/Sprites/Correr/Fusion-Samus_Sprite_188.uasset" 99
"../../../../../../Users/gmanq/Desktop/UnknownWorld/Content/Personaje/Animaciones/Sprites/Correr/Fusion-Samus_Sprite_189.uasset" 100
"../../../../../../Users/gmanq/Desktop/UnknownWorld/Content/Personaje/Animaciones/Sprites/Correr/Fusion-Samus_Sprite_190.uasset" 101
"../../../../../../Users/gmanq/Desktop/UnknownWorld/Content/Personaje/Animaciones/Sprites/Correr/Fusion-Samus_Sprite_191.uasset" 102
"../../../../../../Users/gmanq/Desktop/UnknownWorld/Content/Personaje/Animaciones/Sprites/Correr/Fusion-Samus_Sprite_192.uasset" 103
"../../../../../../Users/gmanq/Desktop/UnknownWorld/Content/Personaje/Animaciones/Sprites/Correr/Fusion-Samus_Sprite_193.uasset" 104
"../../../../../../Users/gmanq/Desktop/UnknownWorld/Content/Personaje/Animaciones/Flipbooks/Correr.uasset" 105
"../../../../../../Users/gmanq/Desktop/UnknownWorld/Content/Personaje/Animaciones/Sprites/correr_disparo_diagonal_arriba/Fusion-Samus_Sprite_264.uasset" 106
"../../../../../../Users/gmanq/Desktop/UnknownWorld/Content/Personaje/Animaciones/Sprites/correr_disparo_diagonal_arriba/Fusion-Samus_Sprite_265.uasset" 107
"../../../../../../Users/gmanq/Desktop/UnknownWorld/Content/Personaje/Animaciones/Sprites/correr_disparo_diagonal_arriba/Fusion-Samus_Sprite_266.uasset" 108
"../../../../../../Users/gmanq/Desktop/UnknownWorld/Content/Personaje/Animaciones/Sprites/correr_disparo_diagonal_arriba/Fusion-Samus_Sprite_267.uasset" 109
"../../../../../../Users/gmanq/Desktop/UnknownWorld/Content/Personaje/Animaciones/Sprites/correr_disparo_diagonal_arriba/Fusion-Samus_Sprite_275.uasset" 110
"../../../../../../Users/gmanq/Desktop/UnknownWorld/Content/Personaje/Animaciones/Sprites/correr_disparo_diagonal_arriba/Fusion-Samus_Sprite_276.uasset" 111
"../../../../../../Users/gmanq/Desktop/UnknownWorld/Content/Personaje/Animaciones/Sprites/correr_disparo_diagonal_arriba/Fusion-Samus_Sprite_277.uasset" 112
"../../../../../../Users/gmanq/Desktop/UnknownWorld/Content/Personaje/Animaciones/Sprites/correr_disparo_diagonal_arriba/Fusion-Samus_Sprite_278.uasset" 113
"../../../../../../Users/gmanq/Desktop/UnknownWorld/Content/Personaje/Animaciones/Sprites/correr_disparo_diagonal_arriba/Fusion-Samus_Sprite_279.uasset" 114
"../../../../../../Users/gmanq/Desktop/UnknownWorld/Content/Personaje/Animaciones/Sprites/correr_disparo_diagonal_arriba/Fusion-Samus_Sprite_280.uasset" 115
"../../../../../../Users/gmanq/Desktop/UnknownWorld/Content/Personaje/Animaciones/Flipbooks/Correr_disparo_arriba.uasset" 116
"../../../../../../Users/gmanq/Desktop/UnknownWorld/Content/Personaje/Animaciones/Sprites/Correr_disparo_recto/Fusion-Samus_Sprite_227.uasset" 117
"../../../../../../Users/gmanq/Desktop/UnknownWorld/Content/Personaje/Animaciones/Sprites/Correr_disparo_recto/Fusion-Samus_Sprite_229.uasset" 118
"../../../../../../Users/gmanq/Desktop/UnknownWorld/Content/Personaje/Animaciones/Sprites/Correr_disparo_recto/Fusion-Samus_Sprite_231.uasset" 119
"../../../../../../Users/gmanq/Desktop/UnknownWorld/Content/Personaje/Animaciones/Sprites/Correr_disparo_recto/Fusion-Samus_Sprite_233.uasset" 120
"../../../../../../Users/gmanq/Desktop/UnknownWorld/Content/Personaje/Animaciones/Sprites/Correr_disparo_recto/Fusion-Samus_Sprite_235.uasset" 121
"../../../../../../Users/gmanq/Desktop/UnknownWorld/Content/Personaje/Animaciones/Sprites/Correr_disparo_recto/Fusion-Samus_Sprite_237.uasset" 122
"../../../../../../Users/gmanq/Desktop/UnknownWorld/Content/Personaje/Animaciones/Sprites/Correr_disparo_recto/Fusion-Samus_Sprite_239.uasset" 123
"../../../../../../Users/gmanq/Desktop/UnknownWorld/Content/Personaje/Animaciones/Sprites/Correr_disparo_recto/Fusion-Samus_Sprite_241.uasset" 124
"../../../../../../Users/gmanq/Desktop/UnknownWorld/Content/Personaje/Animaciones/Sprites/Correr_disparo_recto/Fusion-Samus_Sprite_243.uasset" 125
"../../../../../../Users/gmanq/Desktop/UnknownWorld/Content/Personaje/Animaciones/Sprites/Correr_disparo_recto/Fusion-Samus_Sprite_245.uasset" 126
"../../../../../../Users/gmanq/Desktop/UnknownWorld/Content/Personaje/Animaciones/Flipbooks/Correr_disparo_recto.uasset" 127
"../../../../../../Users/gmanq/Desktop/UnknownWorld/Content/Personaje/Animaciones/Sprites/muerte/1.uasset" 128
"../../../../../../Users/gmanq/Desktop/UnknownWorld/Content/Personaje/Animaciones/Sprites/muerte/11.uasset" 129
"../../../../../../Users/gmanq/Desktop/UnknownWorld/Content/Personaje/Animaciones/Sprites/muerte/12.uasset" 130
"../../../../../../Users/gmanq/Desktop/UnknownWorld/Content/Personaje/Animaciones/Sprites/muerte/13.uasset" 131
"../../../../../../Users/gmanq/Desktop/UnknownWorld/Content/Personaje/Animaciones/Sprites/muerte/14.uasset" 132
"../../../../../../Users/gmanq/Desktop/UnknownWorld/Content/Personaje/Animaciones/Sprites/muerte/15.uasset" 133
"../../../../../../Users/gmanq/Desktop/UnknownWorld/Content/Personaje/Animaciones/Sprites/muerte/16.uasset" 134
"../../../../../../Users/gmanq/Desktop/UnknownWorld/Content/Personaje/Animaciones/Sprites/muerte/17.uasset" 135
"../../../../../../Users/gmanq/Desktop/UnknownWorld/Content/Personaje/Animaciones/Sprites/muerte/18.uasset" 136
"../../../../../../Users/gmanq/Desktop/UnknownWorld/Content/Personaje/Animaciones/Sprites/muerte/19.uasset" 137
"../../../../../../Users/gmanq/Desktop/UnknownWorld/Content/Personaje/Animaciones/Sprites/muerte/2.uasset" 138
"../../../../../../Users/gmanq/Desktop/UnknownWorld/Content/Personaje/Animaciones/Sprites/muerte/20.uasset" 139
"../../../../../../Users/gmanq/Desktop/UnknownWorld/Content/Personaje/Animaciones/Sprites/muerte/22.uasset" 140
"../../../../../../Users/gmanq/Desktop/UnknownWorld/Content/Personaje/Animaciones/Sprites/muerte/23.uasset" 141
"../../../../../../Users/gmanq/Desktop/UnknownWorld/Content/Personaje/Animaciones/Sprites/muerte/25.uasset" 142
"../../../../../../Users/gmanq/Desktop/UnknownWorld/Content/Personaje/Animaciones/Sprites/muerte/26.uasset" 143
"../../../../../../Users/gmanq/Desktop/UnknownWorld/Content/Personaje/Animaciones/Sprites/muerte/27.uasset" 144
"../../../../../../Users/gmanq/Desktop/UnknownWorld/Content/Personaje/Animaciones/Sprites/muerte/28.uasset" 145
"../../../../../../Users/gmanq/Desktop/UnknownWorld/Content/Personaje/Animaciones/Sprites/muerte/29.uasset" 146
"../../../../../../Users/gmanq/Desktop/UnknownWorld/Content/Personaje/Animaciones/Sprites/muerte/3.uasset" 147
"../../../../../../Users/gmanq/Desktop/UnknownWorld/Content/Personaje/Animaciones/Sprites/muerte/30.uasset" 148
"../../../../../../Users/gmanq/Desktop/UnknownWorld/Content/Personaje/Animaciones/Sprites/muerte/31.uasset" 149
"../../../../../../Users/gmanq/Desktop/UnknownWorld/Content/Personaje/Animaciones/Sprites/muerte/32.uasset" 150
"../../../../../../Users/gmanq/Desktop/UnknownWorld/Content/Personaje/Animaciones/Sprites/muerte/33.uasset" 151
"../../../../../../Users/gmanq/Desktop/UnknownWorld/Content/Personaje/Animaciones/Sprites/muerte/34.uasset" 152
"../../../../../../Users/gmanq/Desktop/UnknownWorld/Content/Personaje/Animaciones/Sprites/muerte/35.uasset" 153
"../../../../../../Users/gmanq/Desktop/UnknownWorld/Content/Personaje/Animaciones/Sprites/muerte/36.uasset" 154
"../../../../../../Users/gmanq/Desktop/UnknownWorld/Content/Personaje/Animaciones/Sprites/muerte/37.uasset" 155
"../../../../../../Users/gmanq/Desktop/UnknownWorld/Content/Personaje/Animaciones/Sprites/muerte/38.uasset" 156
"../../../../../../Users/gmanq/Desktop/UnknownWorld/Content/Personaje/Animaciones/Sprites/muerte/39.uasset" 157
"../../../../../../Users/gmanq/Desktop/UnknownWorld/Content/Personaje/Animaciones/Sprites/muerte/4.uasset" 158
"../../../../../../Users/gmanq/Desktop/UnknownWorld/Content/Personaje/Animaciones/Sprites/muerte/40.uasset" 159
"../../../../../../Users/gmanq/Desktop/UnknownWorld/Content/Personaje/Animaciones/Sprites/muerte/5.uasset" 160
"../../../../../../Users/gmanq/Desktop/UnknownWorld/Content/Personaje/Animaciones/Sprites/muerte/6.uasset" 161
"../../../../../../Users/gmanq/Desktop/UnknownWorld/Content/Personaje/Animaciones/Sprites/muerte/7.uasset" 162
"../../../../../../Users/gmanq/Desktop/UnknownWorld/Content/Personaje/Animaciones/Sprites/muerte/8.uasset" 163
"../../../../../../Users/gmanq/Desktop/UnknownWorld/Content/Personaje/Animaciones/Sprites/muerte/9.uasset" 164
"../../../../../../Users/gmanq/Desktop/UnknownWorld/Content/Personaje/Animaciones/Flipbooks/Fase2_muerte.uasset" 165
"../../../../../../Users/gmanq/Desktop/UnknownWorld/Content/Personaje/Animaciones/Sprites/muerte/Fusion-Samus_Sprite_11.uasset" 166
"../../../../../../Users/gmanq/Desktop/UnknownWorld/Content/Personaje/Animaciones/Sprites/muerte/Fusion-Samus_Sprite_12.uasset" 167
"../../../../../../Users/gmanq/Desktop/UnknownWorld/Content/Personaje/Animaciones/Sprites/muerte/Fusion-Samus_Sprite_13.uasset" 168
"../../../../../../Users/gmanq/Desktop/UnknownWorld/Content/Personaje/Animaciones/Sprites/muerte/Fusion-Samus_Sprite_15.uasset" 169
"../../../../../../Users/gmanq/Desktop/UnknownWorld/Content/Personaje/Animaciones/Flipbooks/Muerte_personaje.uasset" 170
"../../../../../../Users/gmanq/Desktop/UnknownWorld/Content/Personaje/Animaciones/Sprites/Quieto/Fusion-Samus_Sprite_76.uasset" 171
"../../../../../../Users/gmanq/Desktop/UnknownWorld/Content/Personaje/Animaciones/Sprites/Quieto/Fusion-Samus_Sprite_78.uasset" 172
"../../../../../../Users/gmanq/Desktop/UnknownWorld/Content/Personaje/Animaciones/Sprites/Quieto/Fusion-Samus_Sprite_80.uasset" 173
"../../../../../../Users/gmanq/Desktop/UnknownWorld/Content/Personaje/Animaciones/Flipbooks/Quieto.uasset" 174
"../../../../../../Users/gmanq/Desktop/UnknownWorld/Content/Personaje/Animaciones/Sprites/Salto/Fusion-Samus_Sprite_56.uasset" 175
"../../../../../../Users/gmanq/Desktop/UnknownWorld/Content/Personaje/Animaciones/Sprites/Salto/Fusion-Samus_Sprite_57.uasset" 176
"../../../../../../Users/gmanq/Desktop/UnknownWorld/Content/Personaje/Animaciones/Sprites/Salto/Fusion-Samus_Sprite_58.uasset" 177
"../../../../../../Users/gmanq/Desktop/UnknownWorld/Content/Personaje/Animaciones/Sprites/Salto/Fusion-Samus_Sprite_59.uasset" 178
"../../../../../../Users/gmanq/Desktop/UnknownWorld/Content/Personaje/Animaciones/Sprites/Salto/Fusion-Samus_Sprite_60.uasset" 179
"../../../../../../Users/gmanq/Desktop/UnknownWorld/Content/Personaje/Animaciones/Sprites/Salto/Fusion-Samus_Sprite_61.uasset" 180
"../../../../../../Users/gmanq/Desktop/UnknownWorld/Content/Personaje/Animaciones/Sprites/Salto/Fusion-Samus_Sprite_62.uasset" 181
"../../../../../../Users/gmanq/Desktop/UnknownWorld/Content/Personaje/Animaciones/Sprites/Salto/Fusion-Samus_Sprite_63.uasset" 182
"../../../../../../Users/gmanq/Desktop/UnknownWorld/Content/Personaje/Animaciones/Flipbooks/Salto_giro.uasset" 183
"../../../../../../Users/gmanq/Desktop/UnknownWorld/Content/sonidos/disparo_2.uasset" 184
"../../../../../../Users/gmanq/Desktop/UnknownWorld/Content/sonidos/disparo_2_Cue.uasset" 185
"../../../../../../Users/gmanq/Desktop/UnknownWorld/Content/sonidos/disparo.uasset" 186
"../../../../../../Users/gmanq/Desktop/UnknownWorld/Content/sonidos/disparo_Cue.uasset" 187
"../../../../../../Users/gmanq/Desktop/UnknownWorld/Content/sonidos/jumpl.uasset" 188
"../../../../../../Users/gmanq/Desktop/UnknownWorld/Content/sonidos/jumpl_Cue.uasset" 189
"../../../../../../Users/gmanq/Desktop/UnknownWorld/Content/Personaje/2DSideScrollerCharacter.uasset" 190
"../../../../../../Users/gmanq/Desktop/UnknownWorld/Content/2DSideScrollerBP/Blueprints/2DSideScrollerCharacter.uasset" 191
"../../../../../../Users/gmanq/Desktop/UnknownWorld/Content/enemigos/enemigo/sprites/attack/Attack1.uasset" 192
"../../../../../../Users/gmanq/Desktop/UnknownWorld/Content/enemigos/enemigo/sprites/attack/Attack2.uasset" 193
"../../../../../../Users/gmanq/Desktop/UnknownWorld/Content/enemigos/enemigo/sprites/attack/Attack3.uasset" 194
"../../../../../../Users/gmanq/Desktop/UnknownWorld/Content/enemigos/enemigo/sprites/attack/Attack4.uasset" 195
"../../../../../../Users/gmanq/Desktop/UnknownWorld/Content/enemigos/enemigo/sprites/death/Death1.uasset" 196
"../../../../../../Users/gmanq/Desktop/UnknownWorld/Content/enemigos/enemigo/sprites/death/Death2.uasset" 197
"../../../../../../Users/gmanq/Desktop/UnknownWorld/Content/enemigos/enemigo/sprites/death/Death3.uasset" 198
"../../../../../../Users/gmanq/Desktop/UnknownWorld/Content/enemigos/enemigo/sprites/death/Death4.uasset" 199
"../../../../../../Users/gmanq/Desktop/UnknownWorld/Content/enemigos/enemigo/sprites/death/Death5.uasset" 200
"../../../../../../Users/gmanq/Desktop/UnknownWorld/Content/enemigos/enemigo/sprites/death/Death6.uasset" 201
"../../../../../../Users/gmanq/Desktop/UnknownWorld/Content/enemigos/enemigo/sprites/IDle/Idle1.uasset" 202
"../../../../../../Users/gmanq/Desktop/UnknownWorld/Content/enemigos/enemigo/sprites/IDle/Idle2.uasset" 203
"../../../../../../Users/gmanq/Desktop/UnknownWorld/Content/enemigos/enemigo/sprites/IDle/Idle3.uasset" 204
"../../../../../../Users/gmanq/Desktop/UnknownWorld/Content/enemigos/enemigo/sprites/walk/Walk1.uasset" 205
"../../../../../../Users/gmanq/Desktop/UnknownWorld/Content/enemigos/enemigo/sprites/walk/Walk2.uasset" 206
"../../../../../../Users/gmanq/Desktop/UnknownWorld/Content/enemigos/enemigo/sprites/walk/Walk3.uasset" 207
"../../../../../../Users/gmanq/Desktop/UnknownWorld/Content/enemigos/enemigo/sprites/walk/Walk4.uasset" 208
"../../../../../../Users/gmanq/Desktop/UnknownWorld/Content/enemigos/enemigo/sprites/walk/Walk5.uasset" 209
"../../../../../../Users/gmanq/Desktop/UnknownWorld/Content/enemigos/enemigo/sprites/walk/Walk6.uasset" 210
"../../../Engine/Content/BasicShapes/BasicShapeMaterial.uasset" 211
"../../../Engine/Content/Functions/Engine_MaterialFunctions01/Opacity/CameraDepthFade.uasset" 212
"../../../Engine/Content/EngineMaterials/T_Default_Material_Grid_M.uasset" 213
"../../../Engine/Content/EngineMaterials/T_Default_Material_Grid_N.uasset" 214
"../../../Engine/Content/EngineMaterials/WorldGridMaterial.uasset" 215
"../../../Engine/Content/BasicShapes/Cube.uasset" 216
"../../../../../../Users/gmanq/Desktop/UnknownWorld/Content/Items/pngocean_com.uasset" 217
"../../../../../../Users/gmanq/Desktop/UnknownWorld/Content/Items/Sprites/Municion1.uasset" 218
"../../../../../../Users/gmanq/Desktop/UnknownWorld/Content/sonidos/municion.uasset" 219
"../../../../../../Users/gmanq/Desktop/UnknownWorld/Content/sonidos/municion_Cue.uasset" 220
"../../../../../../Users/gmanq/Desktop/UnknownWorld/Content/Items/Objetos/Item_Municion.uasset" 221
"../../../../../../Users/gmanq/Desktop/UnknownWorld/Content/Items/Item_Municion.uasset" 222
"../../../../../../Users/gmanq/Desktop/UnknownWorld/Content/Items/torreta.uasset" 223
"../../../../../../Users/gmanq/Desktop/UnknownWorld/Content/Items/Box.uasset" 224
"../../../../../../Users/gmanq/Desktop/UnknownWorld/Content/Items/Sprites/Box_Sprite_0.uasset" 225
"../../../../../../Users/gmanq/Desktop/UnknownWorld/Content/Items/Sprites/pngocean_com_Sprite_1.uasset" 226
"../../../../../../Users/gmanq/Desktop/UnknownWorld/Content/Items/Sprites/pngocean_com_Sprite_2.uasset" 227
"../../../../../../Users/gmanq/Desktop/UnknownWorld/Content/Items/Sprites/pngocean_com_Sprite_3.uasset" 228
"../../../../../../Users/gmanq/Desktop/UnknownWorld/Content/Items/Sprites/pngocean_com_Sprite_4.uasset" 229
"../../../../../../Users/gmanq/Desktop/UnknownWorld/Content/Items/Sprites/pngocean_com_Sprite_5.uasset" 230
"../../../../../../Users/gmanq/Desktop/UnknownWorld/Content/Items/Sprites/pngocean_com_Sprite_6.uasset" 231
"../../../../../../Users/gmanq/Desktop/UnknownWorld/Content/Item_nivel/Pisos/sprites/1.uasset" 232
"../../../../../../Users/gmanq/Desktop/UnknownWorld/Content/Item_nivel/Pisos/sprites/12.uasset" 233
"../../../../../../Users/gmanq/Desktop/UnknownWorld/Content/Item_nivel/Pisos/sprites/1988667.uasset" 234
"../../../../../../Users/gmanq/Desktop/UnknownWorld/Content/Item_nivel/Pisos/sprites/2.uasset" 235
"../../../../../../Users/gmanq/Desktop/UnknownWorld/Content/Item_nivel/Pisos/sprites/3.uasset" 236
"../../../../../../Users/gmanq/Desktop/UnknownWorld/Content/Item_nivel/Pisos/sprites/4.uasset" 237
"../../../../../../Users/gmanq/Desktop/UnknownWorld/Content/Item_nivel/Pisos/sprites/5.uasset" 238
"../../../../../../Users/gmanq/Desktop/UnknownWorld/Content/Item_nivel/Pisos/sprites/6.uasset" 239
"../../../../../../Users/gmanq/Desktop/UnknownWorld/Content/Item_nivel/Pisos/sprites/platformertilesPadded.uasset" 240
"../../../../../../Users/gmanq/Desktop/UnknownWorld/Content/Item_nivel/Pisos/sprites/platformertiles_TileSet.uasset" 241
"../../../../../../Users/gmanq/Desktop/UnknownWorld/Content/Item_nivel/Pisos/sprites/MenuPrincipal_TileMap.uasset" 242
"../../../../../../Users/gmanq/Desktop/UnknownWorld/Content/Item_nivel/Pisos/sprites/orig_63352.uasset" 243
"../../../../../../Users/gmanq/Desktop/UnknownWorld/Content/Item_nivel/Pisos/sprites/plataforma.uasset" 244
"../../../../../../Users/gmanq/Desktop/UnknownWorld/Content/Item_nivel/Pisos/sprites/platformertiles.uasset" 245
"../../../../../../Users/gmanq/Desktop/UnknownWorld/Content/Item_nivel/Pisos/sprites/Cueva1_TileMap.uasset" 246
"../../../../../../Users/gmanq/Desktop/UnknownWorld/Content/Item_nivel/Pisos/sprites/platformertiles_TileMap.uasset" 247
"../../../../../../Users/gmanq/Desktop/UnknownWorld/Content/Item_nivel/Pisos/sprites/Sprite/12_Sprite_0.uasset" 248
"../../../../../../Users/gmanq/Desktop/UnknownWorld/Content/Item_nivel/Pisos/sprites/Sprite/1988667_Sprite_0.uasset" 249
"../../../../../../Users/gmanq/Desktop/UnknownWorld/Content/Item_nivel/Pisos/sprites/Sprite/1_Sprite_0.uasset" 250
"../../../../../../Users/gmanq/Desktop/UnknownWorld/Content/Item_nivel/Pisos/sprites/Sprite/2_Sprite_0.uasset" 251
"../../../../../../Users/gmanq/Desktop/UnknownWorld/Content/Item_nivel/Pisos/sprites/Sprite/3_Sprite_0.uasset" 252
"../../../../../../Users/gmanq/Desktop/UnknownWorld/Content/Item_nivel/Pisos/sprites/Sprite/vector-a-dark-cave-landscape_Sprite_0.uasset" 253
"../../../../../../Users/gmanq/Desktop/UnknownWorld/Content/Item_personaje/Bala_principal/Bala_principal.uasset" 254
"../../../../../../Users/gmanq/Desktop/UnknownWorld/Content/Item_personaje/Bala_principal/Bala_Secundaria.uasset" 255
"../../../../../../Users/gmanq/Desktop/UnknownWorld/Content/Item_personaje/Bala_principal/Fusion-Samus_Sprite_148.uasset" 256
"../../../../../../Users/gmanq/Desktop/UnknownWorld/Content/Item_personaje/Bala_principal/MegamanX_Teleporting_6.uasset" 257
"../../../../../../Users/gmanq/Desktop/UnknownWorld/Content/Item_personaje/Bala_principal/MegamanX_Teleporting_6_Sprite.uasset" 258
"../../../../../../Users/gmanq/Desktop/UnknownWorld/Content/Niveles/To_cueva2.uasset" 259
"../../../../../../Users/gmanq/Desktop/UnknownWorld/Content/Niveles/Cueva_2.uasset" 260
"../../../../../../Users/gmanq/Desktop/UnknownWorld/Content/Niveles/Noche1.uasset" 261
"../../../../../../Users/gmanq/Desktop/UnknownWorld/Content/Niveles/Test.uasset" 262
"../../../../../../Users/gmanq/Desktop/UnknownWorld/Content/Objetos_pantalla/Life.uasset" 263
"../../../../../../Users/gmanq/Desktop/UnknownWorld/Content/Personaje/Animaciones/Flipbooks/Salto.uasset" 264
"../../../../../../Users/gmanq/Desktop/UnknownWorld/Content/Personaje/Animaciones/Sprites/apuntar_agachado/Fusion-Samus_Sprite_130.uasset" 265
"../../../../../../Users/gmanq/Desktop/UnknownWorld/Content/Personaje/Animaciones/Sprites/apuntar_agachado/Fusion-Samus_Sprite_132.uasset" 266
"../../../../../../Users/gmanq/Desktop/UnknownWorld/Content/Personaje/Animaciones/Sprites/apuntar_agachado/Fusion-Samus_Sprite_139.uasset" 267
"../../../../../../Users/gmanq/Desktop/UnknownWorld/Content/Personaje/Animaciones/Sprites/Apuntar_diagonal_abajo/Fusion-Samus_Sprite_101.uasset" 268
"../../../../../../Users/gmanq/Desktop/UnknownWorld/Content/Personaje/Animaciones/Sprites/Apuntar_diagonal_abajo/Fusion-Samus_Sprite_102.uasset" 269
"../../../../../../Users/gmanq/Desktop/UnknownWorld/Content/Personaje/Animaciones/Sprites/Apuntar_diagonal_abajo/Fusion-Samus_Sprite_103.uasset" 270
"../../../../../../Users/gmanq/Desktop/UnknownWorld/Content/Personaje/Animaciones/Sprites/Correr_disparo_diagonal_abajo/Fusion-Samus_Sprite_305.uasset" 271
"../../../../../../Users/gmanq/Desktop/UnknownWorld/Content/Personaje/Animaciones/Sprites/Correr_disparo_diagonal_abajo/Fusion-Samus_Sprite_306.uasset" 272
"../../../../../../Users/gmanq/Desktop/UnknownWorld/Content/Personaje/Animaciones/Sprites/Correr_disparo_diagonal_abajo/Fusion-Samus_Sprite_307.uasset" 273
"../../../../../../Users/gmanq/Desktop/UnknownWorld/Content/Personaje/Animaciones/Sprites/Correr_disparo_diagonal_abajo/Fusion-Samus_Sprite_308.uasset" 274
"../../../../../../Users/gmanq/Desktop/UnknownWorld/Content/Personaje/Animaciones/Sprites/Correr_disparo_diagonal_abajo/Fusion-Samus_Sprite_309.uasset" 275
"../../../../../../Users/gmanq/Desktop/UnknownWorld/Content/Personaje/Animaciones/Sprites/Correr_disparo_diagonal_abajo/Fusion-Samus_Sprite_310.uasset" 276
"../../../../../../Users/gmanq/Desktop/UnknownWorld/Content/Personaje/Animaciones/Sprites/Correr_disparo_diagonal_abajo/Fusion-Samus_Sprite_311.uasset" 277
"../../../../../../Users/gmanq/Desktop/UnknownWorld/Content/Personaje/Animaciones/Sprites/Correr_disparo_diagonal_abajo/Fusion-Samus_Sprite_312.uasset" 278
"../../../../../../Users/gmanq/Desktop/UnknownWorld/Content/Personaje/Animaciones/Sprites/Correr_disparo_diagonal_abajo/Fusion-Samus_Sprite_313.uasset" 279
"../../../../../../Users/gmanq/Desktop/UnknownWorld/Content/Personaje/Animaciones/Sprites/Correr_disparo_diagonal_abajo/Fusion-Samus_Sprite_314.uasset" 280
"../../../../../../Users/gmanq/Desktop/UnknownWorld/Content/Personaje/Animaciones/Sprites/muerte/10.uasset" 281
"../../../../../../Users/gmanq/Desktop/UnknownWorld/Content/Personaje/Animaciones/Sprites/muerte/21.uasset" 282
"../../../../../../Users/gmanq/Desktop/UnknownWorld/Content/Personaje/Animaciones/Sprites/muerte/24.uasset" 283
"../../../../../../Users/gmanq/Desktop/UnknownWorld/Content/Personaje/Animaciones/Sprites/Otros/Fusion-Samus_Sprite_17.uasset" 284
"../../../../../../Users/gmanq/Desktop/UnknownWorld/Content/Personaje/Animaciones/Sprites/Otros/Fusion-Samus_Sprite_147.uasset" 285
"../../../../../../Users/gmanq/Desktop/UnknownWorld/Content/Personaje/Animaciones/Sprites/Otros/Fusion-Samus_Sprite_148.uasset" 286
"../../../../../../Users/gmanq/Desktop/UnknownWorld/Content/Personaje/Animaciones/Sprites/Otros/Fusion-Samus_Sprite_149.uasset" 287
"../../../../../../Users/gmanq/Desktop/UnknownWorld/Content/Personaje/Animaciones/Sprites/Otros/Fusion-Samus_Sprite_150.uasset" 288
"../../../../../../Users/gmanq/Desktop/UnknownWorld/Content/Personaje/Animaciones/Sprites/Otros/Fusion-Samus_Sprite_151.uasset" 289
"../../../../../../Users/gmanq/Desktop/UnknownWorld/Content/Personaje/Animaciones/Sprites/Otros/Fusion-Samus_Sprite_152.uasset" 290
"../../../../../../Users/gmanq/Desktop/UnknownWorld/Content/Personaje/Animaciones/Sprites/Otros/Fusion-Samus_Sprite_153.uasset" 291
"../../../../../../Users/gmanq/Desktop/UnknownWorld/Content/Personaje/Animaciones/Sprites/Otros/Fusion-Samus_Sprite_154.uasset" 292
"../../../../../../Users/gmanq/Desktop/UnknownWorld/Content/Personaje/Animaciones/Sprites/Otros/Fusion-Samus_Sprite_155.uasset" 293
"../../../../../../Users/gmanq/Desktop/UnknownWorld/Content/Personaje/Animaciones/Sprites/Otros/Fusion-Samus_Sprite_156.uasset" 294
"../../../../../../Users/gmanq/Desktop/UnknownWorld/Content/Personaje/Animaciones/Sprites/Otros/Fusion-Samus_Sprite_157.uasset" 295
"../../../../../../Users/gmanq/Desktop/UnknownWorld/Content/Personaje/Animaciones/Sprites/Otros/Fusion-Samus_Sprite_158.uasset" 296
"../../../../../../Users/gmanq/Desktop/UnknownWorld/Content/Personaje/Animaciones/Sprites/Otros/Fusion-Samus_Sprite_159.uasset" 297
"../../../../../../Users/gmanq/Desktop/UnknownWorld/Content/Personaje/Animaciones/Sprites/Otros/Fusion-Samus_Sprite_160.uasset" 298
"../../../../../../Users/gmanq/Desktop/UnknownWorld/Content/Personaje/Animaciones/Sprites/Otros/Fusion-Samus_Sprite_161.uasset" 299
"../../../../../../Users/gmanq/Desktop/UnknownWorld/Content/Personaje/Animaciones/Sprites/Otros/Fusion-Samus_Sprite_162.uasset" 300
"../../../../../../Users/gmanq/Desktop/UnknownWorld/Content/Personaje/Animaciones/Sprites/Otros/Fusion-Samus_Sprite_163.uasset" 301
"../../../../../../Users/gmanq/Desktop/UnknownWorld/Content/Personaje/Animaciones/Sprites/Otros/Fusion-Samus_Sprite_164.uasset" 302
"../../../../../../Users/gmanq/Desktop/UnknownWorld/Content/Personaje/Animaciones/Sprites/Otros/Fusion-Samus_Sprite_165.uasset" 303
"../../../../../../Users/gmanq/Desktop/UnknownWorld/Content/Personaje/Animaciones/Sprites/Otros/Fusion-Samus_Sprite_166.uasset" 304
"../../../../../../Users/gmanq/Desktop/UnknownWorld/Content/Personaje/Animaciones/Sprites/Otros/Fusion-Samus_Sprite_167.uasset" 305
"../../../../../../Users/gmanq/Desktop/UnknownWorld/Content/Personaje/Animaciones/Sprites/Otros/Fusion-Samus_Sprite_168.uasset" 306
"../../../../../../Users/gmanq/Desktop/UnknownWorld/Content/Personaje/Animaciones/Sprites/Otros/Fusion-Samus_Sprite_169.uasset" 307
"../../../../../../Users/gmanq/Desktop/UnknownWorld/Content/Personaje/Animaciones/Sprites/Otros/Fusion-Samus_Sprite_170.uasset" 308
"../../../../../../Users/gmanq/Desktop/UnknownWorld/Content/Personaje/Animaciones/Sprites/Otros/Fusion-Samus_Sprite_171.uasset" 309
"../../../../../../Users/gmanq/Desktop/UnknownWorld/Content/Personaje/Animaciones/Sprites/Otros/Fusion-Samus_Sprite_172.uasset" 310
"../../../../../../Users/gmanq/Desktop/UnknownWorld/Content/Personaje/Animaciones/Sprites/Otros/Fusion-Samus_Sprite_173.uasset" 311
"../../../../../../Users/gmanq/Desktop/UnknownWorld/Content/Personaje/Animaciones/Sprites/Otros/Fusion-Samus_Sprite_174.uasset" 312
"../../../../../../Users/gmanq/Desktop/UnknownWorld/Content/Personaje/Animaciones/Sprites/Otros/Fusion-Samus_Sprite_175.uasset" 313
"../../../../../../Users/gmanq/Desktop/UnknownWorld/Content/Personaje/Animaciones/Sprites/Otros/Fusion-Samus_Sprite_176.uasset" 314
"../../../../../../Users/gmanq/Desktop/UnknownWorld/Content/Personaje/Animaciones/Sprites/Otros/Fusion-Samus_Sprite_177.uasset" 315
"../../../../../../Users/gmanq/Desktop/UnknownWorld/Content/Personaje/Animaciones/Sprites/Otros/Fusion-Samus_Sprite_178.uasset" 316
"../../../../../../Users/gmanq/Desktop/UnknownWorld/Content/Personaje/Animaciones/Sprites/Otros/Fusion-Samus_Sprite_179.uasset" 317
"../../../../../../Users/gmanq/Desktop/UnknownWorld/Content/Personaje/Animaciones/Sprites/Otros/Fusion-Samus_Sprite_180.uasset" 318
"../../../../../../Users/gmanq/Desktop/UnknownWorld/Content/Personaje/Animaciones/Sprites/Otros/Fusion-Samus_Sprite_181.uasset" 319
"../../../../../../Users/gmanq/Desktop/UnknownWorld/Content/Personaje/Animaciones/Sprites/Otros/Fusion-Samus_Sprite_182.uasset" 320
"../../../../../../Users/gmanq/Desktop/UnknownWorld/Content/Personaje/Animaciones/Sprites/Otros/Fusion-Samus_Sprite_183.uasset" 321
"../../../../../../Users/gmanq/Desktop/UnknownWorld/Content/Personaje/Animaciones/Sprites/Otros/Fusion-Samus_Sprite_194.uasset" 322
"../../../../../../Users/gmanq/Desktop/UnknownWorld/Content/Personaje/Animaciones/Sprites/Otros/Fusion-Samus_Sprite_195.uasset" 323
"../../../../../../Users/gmanq/Desktop/UnknownWorld/Content/Personaje/Animaciones/Sprites/Otros/Fusion-Samus_Sprite_196.uasset" 324
"../../../../../../Users/gmanq/Desktop/UnknownWorld/Content/Personaje/Animaciones/Sprites/Otros/Fusion-Samus_Sprite_197.uasset" 325
"../../../../../../Users/gmanq/Desktop/UnknownWorld/Content/Personaje/Animaciones/Sprites/Otros/Fusion-Samus_Sprite_198.uasset" 326
"../../../../../../Users/gmanq/Desktop/UnknownWorld/Content/Personaje/Animaciones/Sprites/Otros/Fusion-Samus_Sprite_199.uasset" 327
"../../../../../../Users/gmanq/Desktop/UnknownWorld/Content/Personaje/Animaciones/Sprites/Otros/Fusion-Samus_Sprite_200.uasset" 328
"../../../../../../Users/gmanq/Desktop/UnknownWorld/Content/Personaje/Animaciones/Sprites/Otros/Fusion-Samus_Sprite_201.uasset" 329
"../../../../../../Users/gmanq/Desktop/UnknownWorld/Content/Personaje/Animaciones/Sprites/Otros/Fusion-Samus_Sprite_202.uasset" 330
"../../../../../../Users/gmanq/Desktop/UnknownWorld/Content/Personaje/Animaciones/Sprites/Otros/Fusion-Samus_Sprite_203.uasset" 331
"../../../../../../Users/gmanq/Desktop/UnknownWorld/Content/Personaje/Animaciones/Sprites/Otros/Fusion-Samus_Sprite_204.uasset" 332
"../../../../../../Users/gmanq/Desktop/UnknownWorld/Content/Personaje/Animaciones/Sprites/Otros/Fusion-Samus_Sprite_205.uasset" 333
"../../../../../../Users/gmanq/Desktop/UnknownWorld/Content/Personaje/Animaciones/Sprites/Otros/Fusion-Samus_Sprite_206.uasset" 334
"../../../../../../Users/gmanq/Desktop/UnknownWorld/Content/Personaje/Animaciones/Sprites/Otros/Fusion-Samus_Sprite_208.uasset" 335
"../../../../../../Users/gmanq/Desktop/UnknownWorld/Content/Personaje/Animaciones/Sprites/Otros/Fusion-Samus_Sprite_210.uasset" 336
"../../../../../../Users/gmanq/Desktop/UnknownWorld/Content/Personaje/Animaciones/Sprites/Otros/Fusion-Samus_Sprite_212.uasset" 337
"../../../../../../Users/gmanq/Desktop/UnknownWorld/Content/Personaje/Animaciones/Sprites/Otros/Fusion-Samus_Sprite_214.uasset" 338
"../../../../../../Users/gmanq/Desktop/UnknownWorld/Content/Personaje/Animaciones/Sprites/Otros/Fusion-Samus_Sprite_216.uasset" 339
"../../../../../../Users/gmanq/Desktop/UnknownWorld/Content/Personaje/Animaciones/Sprites/Otros/Fusion-Samus_Sprite_218.uasset" 340
"../../../../../../Users/gmanq/Desktop/UnknownWorld/Content/Personaje/Animaciones/Sprites/Otros/Fusion-Samus_Sprite_220.uasset" 341
"../../../../../../Users/gmanq/Desktop/UnknownWorld/Content/Personaje/Animaciones/Sprites/Otros/Fusion-Samus_Sprite_222.uasset" 342
"../../../../../../Users/gmanq/Desktop/UnknownWorld/Content/Personaje/Animaciones/Sprites/Otros/Fusion-Samus_Sprite_224.uasset" 343
"../../../../../../Users/gmanq/Desktop/UnknownWorld/Content/Personaje/Animaciones/Sprites/Otros/Fusion-Samus_Sprite_226.uasset" 344
"../../../../../../Users/gmanq/Desktop/UnknownWorld/Content/Personaje/Animaciones/Sprites/Otros/Fusion-Samus_Sprite_247.uasset" 345
"../../../../../../Users/gmanq/Desktop/UnknownWorld/Content/Personaje/Animaciones/Sprites/Otros/Fusion-Samus_Sprite_248.uasset" 346
"../../../../../../Users/gmanq/Desktop/UnknownWorld/Content/Personaje/Animaciones/Sprites/Otros/Fusion-Samus_Sprite_249.uasset" 347
"../../../../../../Users/gmanq/Desktop/UnknownWorld/Content/Personaje/Animaciones/Sprites/Otros/Fusion-Samus_Sprite_250.uasset" 348
"../../../../../../Users/gmanq/Desktop/UnknownWorld/Content/Personaje/Animaciones/Sprites/Otros/Fusion-Samus_Sprite_251.uasset" 349
"../../../../../../Users/gmanq/Desktop/UnknownWorld/Content/Personaje/Animaciones/Sprites/Otros/Fusion-Samus_Sprite_252.uasset" 350
"../../../../../../Users/gmanq/Desktop/UnknownWorld/Content/Personaje/Animaciones/Sprites/Otros/Fusion-Samus_Sprite_253.uasset" 351
"../../../../../../Users/gmanq/Desktop/UnknownWorld/Content/Personaje/Animaciones/Sprites/Otros/Fusion-Samus_Sprite_254.uasset" 352
"../../../../../../Users/gmanq/Desktop/UnknownWorld/Content/Personaje/Animaciones/Sprites/Otros/Fusion-Samus_Sprite_255.uasset" 353
"../../../../../../Users/gmanq/Desktop/UnknownWorld/Content/Personaje/Animaciones/Sprites/Otros/Fusion-Samus_Sprite_256.uasset" 354
"../../../../../../Users/gmanq/Desktop/UnknownWorld/Content/Personaje/Animaciones/Sprites/Otros/Fusion-Samus_Sprite_257.uasset" 355
"../../../../../../Users/gmanq/Desktop/UnknownWorld/Content/Personaje/Animaciones/Sprites/Otros/Fusion-Samus_Sprite_258.uasset" 356
"../../../../../../Users/gmanq/Desktop/UnknownWorld/Content/Personaje/Animaciones/Sprites/Otros/Fusion-Samus_Sprite_259.uasset" 357
"../../../../../../Users/gmanq/Desktop/UnknownWorld/Content/Personaje/Animaciones/Sprites/Otros/Fusion-Samus_Sprite_260.uasset" 358
"../../../../../../Users/gmanq/Desktop/UnknownWorld/Content/Personaje/Animaciones/Sprites/Otros/Fusion-Samus_Sprite_261.uasset" 359
"../../../../../../Users/gmanq/Desktop/UnknownWorld/Content/Personaje/Animaciones/Sprites/Otros/Fusion-Samus_Sprite_262.uasset" 360
"../../../../../../Users/gmanq/Desktop/UnknownWorld/Content/Personaje/Animaciones/Sprites/Otros/Fusion-Samus_Sprite_263.uasset" 361
"../../../../../../Users/gmanq/Desktop/UnknownWorld/Content/Personaje/Animaciones/Sprites/Otros/Fusion-Samus_Sprite_264.uasset" 362
"../../../../../../Users/gmanq/Desktop/UnknownWorld/Content/Personaje/Animaciones/Sprites/Otros/Fusion-Samus_Sprite_265.uasset" 363
"../../../../../../Users/gmanq/Desktop/UnknownWorld/Content/Personaje/Animaciones/Sprites/Otros/Fusion-Samus_Sprite_266.uasset" 364
"../../../../../../Users/gmanq/Desktop/UnknownWorld/Content/Personaje/Animaciones/Sprites/Otros/Fusion-Samus_Sprite_267.uasset" 365
"../../../../../../Users/gmanq/Desktop/UnknownWorld/Content/Personaje/Animaciones/Sprites/Otros/Fusion-Samus_Sprite_269.uasset" 366
"../../../../../../Users/gmanq/Desktop/UnknownWorld/Content/Personaje/Animaciones/Sprites/Otros/Fusion-Samus_Sprite_270.uasset" 367
"../../../../../../Users/gmanq/Desktop/UnknownWorld/Content/Personaje/Animaciones/Sprites/Otros/Fusion-Samus_Sprite_271.uasset" 368
"../../../../../../Users/gmanq/Desktop/UnknownWorld/Content/Personaje/Animaciones/Sprites/Otros/Fusion-Samus_Sprite_272.uasset" 369
"../../../../../../Users/gmanq/Desktop/UnknownWorld/Content/Personaje/Animaciones/Sprites/Otros/Fusion-Samus_Sprite_273.uasset" 370
"../../../../../../Users/gmanq/Desktop/UnknownWorld/Content/Personaje/Animaciones/Sprites/Otros/Fusion-Samus_Sprite_274.uasset" 371
"../../../../../../Users/gmanq/Desktop/UnknownWorld/Content/Personaje/Animaciones/Sprites/Otros/Fusion-Samus_Sprite_275.uasset" 372
"../../../../../../Users/gmanq/Desktop/UnknownWorld/Content/Personaje/Animaciones/Sprites/Otros/Fusion-Samus_Sprite_276.uasset" 373
"../../../../../../Users/gmanq/Desktop/UnknownWorld/Content/Personaje/Animaciones/Sprites/Otros/Fusion-Samus_Sprite_277.uasset" 374
"../../../../../../Users/gmanq/Desktop/UnknownWorld/Content/Personaje/Animaciones/Sprites/Otros/Fusion-Samus_Sprite_278.uasset" 375
"../../../../../../Users/gmanq/Desktop/UnknownWorld/Content/Personaje/Animaciones/Sprites/Otros/Fusion-Samus_Sprite_279.uasset" 376
"../../../../../../Users/gmanq/Desktop/UnknownWorld/Content/Personaje/Animaciones/Sprites/Otros/Fusion-Samus_Sprite_280.uasset" 377
"../../../../../../Users/gmanq/Desktop/UnknownWorld/Content/Personaje/Animaciones/Sprites/Otros/Fusion-Samus_Sprite_281.uasset" 378
"../../../../../../Users/gmanq/Desktop/UnknownWorld/Content/Personaje/Animaciones/Sprites/Otros/Fusion-Samus_Sprite_282.uasset" 379
"../../../../../../Users/gmanq/Desktop/UnknownWorld/Content/Personaje/Animaciones/Sprites/Otros/Fusion-Samus_Sprite_283.uasset" 380
"../../../../../../Users/gmanq/Desktop/UnknownWorld/Content/Personaje/Animaciones/Sprites/Otros/Fusion-Samus_Sprite_284.uasset" 381
"../../../../../../Users/gmanq/Desktop/UnknownWorld/Content/Personaje/Animaciones/Sprites/Otros/Fusion-Samus_Sprite_285.uasset" 382
"../../../../../../Users/gmanq/Desktop/UnknownWorld/Content/Personaje/Animaciones/Sprites/Otros/Fusion-Samus_Sprite_286.uasset" 383
"../../../../../../Users/gmanq/Desktop/UnknownWorld/Content/Personaje/Animaciones/Sprites/Otros/Fusion-Samus_Sprite_287.uasset" 384
"../../../../../../Users/gmanq/Desktop/UnknownWorld/Content/Personaje/Animaciones/Sprites/Otros/Fusion-Samus_Sprite_288.uasset" 385
"../../../../../../Users/gmanq/Desktop/UnknownWorld/Content/Personaje/Animaciones/Sprites/Otros/Fusion-Samus_Sprite_289.uasset" 386
"../../../../../../Users/gmanq/Desktop/UnknownWorld/Content/Personaje/Animaciones/Sprites/Otros/Fusion-Samus_Sprite_290.uasset" 387
"../../../../../../Users/gmanq/Desktop/UnknownWorld/Content/Personaje/Animaciones/Sprites/Otros/Fusion-Samus_Sprite_291.uasset" 388
"../../../../../../Users/gmanq/Desktop/UnknownWorld/Content/Personaje/Animaciones/Sprites/Otros/Fusion-Samus_Sprite_292.uasset" 389
"../../../../../../Users/gmanq/Desktop/UnknownWorld/Content/Personaje/Animaciones/Sprites/Otros/Fusion-Samus_Sprite_293.uasset" 390
"../../../../../../Users/gmanq/Desktop/UnknownWorld/Content/Personaje/Animaciones/Sprites/Otros/Fusion-Samus_Sprite_294.uasset" 391
"../../../../../../Users/gmanq/Desktop/UnknownWorld/Content/Personaje/Animaciones/Sprites/Otros/Fusion-Samus_Sprite_295.uasset" 392
"../../../../../../Users/gmanq/Desktop/UnknownWorld/Content/Personaje/Animaciones/Sprites/Otros/Fusion-Samus_Sprite_296.uasset" 393
"../../../../../../Users/gmanq/Desktop/UnknownWorld/Content/Personaje/Animaciones/Sprites/Otros/Fusion-Samus_Sprite_297.uasset" 394
"../../../../../../Users/gmanq/Desktop/UnknownWorld/Content/Personaje/Animaciones/Sprites/Otros/Fusion-Samus_Sprite_298.uasset" 395
"../../../../../../Users/gmanq/Desktop/UnknownWorld/Content/Personaje/Animaciones/Sprites/Otros/Fusion-Samus_Sprite_299.uasset" 396
"../../../../../../Users/gmanq/Desktop/UnknownWorld/Content/Personaje/Animaciones/Sprites/Otros/Fusion-Samus_Sprite_300.uasset" 397
"../../../../../../Users/gmanq/Desktop/UnknownWorld/Content/Personaje/Animaciones/Sprites/Otros/Fusion-Samus_Sprite_301.uasset" 398
"../../../../../../Users/gmanq/Desktop/UnknownWorld/Content/Personaje/Animaciones/Sprites/Otros/Fusion-Samus_Sprite_302.uasset" 399
"../../../../../../Users/gmanq/Desktop/UnknownWorld/Content/Personaje/Animaciones/Sprites/Otros/Fusion-Samus_Sprite_303.uasset" 400
"../../../../../../Users/gmanq/Desktop/UnknownWorld/Content/Personaje/Animaciones/Sprites/Otros/Fusion-Samus_Sprite_304.uasset" 401
"../../../../../../Users/gmanq/Desktop/UnknownWorld/Content/Personaje/Animaciones/Sprites/Otros/Fusion-Samus_Sprite_315.uasset" 402
"../../../../../../Users/gmanq/Desktop/UnknownWorld/Content/Personaje/Animaciones/Sprites/Otros/Fusion-Samus_Sprite_316.uasset" 403
"../../../../../../Users/gmanq/Desktop/UnknownWorld/Content/Personaje/Animaciones/Sprites/Otros/Fusion-Samus_Sprite_317.uasset" 404
"../../../../../../Users/gmanq/Desktop/UnknownWorld/Content/Personaje/Animaciones/Sprites/Otros/Fusion-Samus_Sprite_318.uasset" 405
"../../../../../../Users/gmanq/Desktop/UnknownWorld/Content/Personaje/Animaciones/Sprites/Otros/Fusion-Samus_Sprite_319.uasset" 406
"../../../../../../Users/gmanq/Desktop/UnknownWorld/Content/Personaje/Animaciones/Sprites/Otros/Fusion-Samus_Sprite_320.uasset" 407
"../../../../../../Users/gmanq/Desktop/UnknownWorld/Content/Personaje/Animaciones/Sprites/Otros/Fusion-Samus_Sprite_321.uasset" 408
"../../../../../../Users/gmanq/Desktop/UnknownWorld/Content/Personaje/Animaciones/Sprites/Otros/Fusion-Samus_Sprite_322.uasset" 409
"../../../../../../Users/gmanq/Desktop/UnknownWorld/Content/Personaje/Animaciones/Sprites/Otros/Fusion-Samus_Sprite_323.uasset" 410
"../../../../../../Users/gmanq/Desktop/UnknownWorld/Content/Personaje/Animaciones/Sprites/Otros/Fusion-Samus_Sprite_324.uasset" 411
"../../../../../../Users/gmanq/Desktop/UnknownWorld/Content/Personaje/Animaciones/Sprites/Otros/Fusion-Samus_Sprite_325.uasset" 412
"../../../../../../Users/gmanq/Desktop/UnknownWorld/Content/Personaje/Animaciones/Sprites/Otros/Fusion-Samus_Sprite_326.uasset" 413
"../../../../../../Users/gmanq/Desktop/UnknownWorld/Content/Personaje/Animaciones/Sprites/Otros/Fusion-Samus_Sprite_327.uasset" 414
"../../../../../../Users/gmanq/Desktop/UnknownWorld/Content/Personaje/Animaciones/Sprites/Otros/Fusion-Samus_Sprite_328.uasset" 415
"../../../../../../Users/gmanq/Desktop/UnknownWorld/Content/Personaje/Animaciones/Sprites/Otros/Fusion-Samus_Sprite_329.uasset" 416
"../../../../../../Users/gmanq/Desktop/UnknownWorld/Content/Personaje/Animaciones/Sprites/Otros/Fusion-Samus_Sprite_331.uasset" 417
"../../../../../../Users/gmanq/Desktop/UnknownWorld/Content/Personaje/Animaciones/Sprites/Otros/Fusion-Samus_Sprite_333.uasset" 418
"../../../../../../Users/gmanq/Desktop/UnknownWorld/Content/Personaje/Animaciones/Sprites/Otros/Fusion-Samus_Sprite_335.uasset" 419
"../../../../../../Users/gmanq/Desktop/UnknownWorld/Content/Personaje/Animaciones/Sprites/Otros/Fusion-Samus_Sprite_337.uasset" 420
"../../../../../../Users/gmanq/Desktop/UnknownWorld/Content/Personaje/Animaciones/Sprites/Otros/Fusion-Samus_Sprite_339.uasset" 421
"../../../../../../Users/gmanq/Desktop/UnknownWorld/Content/Personaje/Animaciones/Sprites/Otros/Fusion-Samus_Sprite_341.uasset" 422
"../../../../../../Users/gmanq/Desktop/UnknownWorld/Content/Personaje/Animaciones/Sprites/Otros/Fusion-Samus_Sprite_342.uasset" 423
"../../../../../../Users/gmanq/Desktop/UnknownWorld/Content/Personaje/Animaciones/Sprites/Salto/1.uasset" 424
"../../../../../../Users/gmanq/Desktop/UnknownWorld/Content/Personaje/Animaciones/Sprites/Otros/Fusion-Samus_Sprite_343.uasset" 425
"../../../../../../Users/gmanq/Desktop/UnknownWorld/Content/Personaje/Animaciones/Sprites/Salto/2.uasset" 426
"../../../../../../Users/gmanq/Desktop/UnknownWorld/Content/Personaje/Animaciones/Sprites/Otros/Fusion-Samus_Sprite_344.uasset" 427
"../../../../../../Users/gmanq/Desktop/UnknownWorld/Content/Personaje/Animaciones/Sprites/Salto/3.uasset" 428
"../../../../../../Users/gmanq/Desktop/UnknownWorld/Content/Personaje/Animaciones/Sprites/Otros/Fusion-Samus_Sprite_346.uasset" 429
"../../../../../../Users/gmanq/Desktop/UnknownWorld/Content/Personaje/Animaciones/Sprites/Salto/4.uasset" 430
"../../../../../../Users/gmanq/Desktop/UnknownWorld/Content/Personaje/Animaciones/Sprites/Otros/Fusion-Samus_Sprite_348.uasset" 431
"../../../../../../Users/gmanq/Desktop/UnknownWorld/Content/Personaje/Animaciones/Sprites/Salto/5.uasset" 432
"../../../../../../Users/gmanq/Desktop/UnknownWorld/Content/Personaje/Animaciones/Sprites/Otros/Fusion-Samus_Sprite_350.uasset" 433
"../../../../../../Users/gmanq/Desktop/UnknownWorld/Content/Personaje/Animaciones/Sprites/Salto/6.uasset" 434
"../../../../../../Users/gmanq/Desktop/UnknownWorld/Content/Personaje/Animaciones/Sprites/Otros/Fusion-Samus_Sprite_352.uasset" 435
"../../../../../../Users/gmanq/Desktop/UnknownWorld/Content/Personaje/Animaciones/Sprites/Salto/7.uasset" 436
"../../../../../../Users/gmanq/Desktop/UnknownWorld/Content/Personaje/Animaciones/Sprites/Otros/Fusion-Samus_Sprite_354.uasset" 437
"../../../../../../Users/gmanq/Desktop/UnknownWorld/Content/Personaje/Animaciones/Sprites/Otros/Fusion-Samus_Sprite_357.uasset" 438
"../../../../../../Users/gmanq/Desktop/UnknownWorld/Content/Personaje/Animaciones/Sprites/Otros/Fusion-Samus_Sprite_358.uasset" 439
"../../../../../../Users/gmanq/Desktop/UnknownWorld/Content/Personaje/Animaciones/Sprites/Otros/Fusion-Samus_Sprite_359.uasset" 440
"../../../../../../Users/gmanq/Desktop/UnknownWorld/Content/Personaje/Animaciones/Sprites/Otros/Fusion-Samus_Sprite_360.uasset" 441
"../../../../../../Users/gmanq/Desktop/UnknownWorld/Content/Personaje/Animaciones/Sprites/Otros/Fusion-Samus_Sprite_361.uasset" 442
"../../../../../../Users/gmanq/Desktop/UnknownWorld/Content/Personaje/Animaciones/Sprites/Otros/Fusion-Samus_Sprite_362.uasset" 443
"../../../../../../Users/gmanq/Desktop/UnknownWorld/Content/Personaje/Animaciones/Sprites/Otros/Fusion-Samus_Sprite_363.uasset" 444
"../../../../../../Users/gmanq/Desktop/UnknownWorld/Content/Personaje/Animaciones/Sprites/Otros/Fusion-Samus_Sprite_364.uasset" 445
"../../../../../../Users/gmanq/Desktop/UnknownWorld/Content/Personaje/Animaciones/Sprites/Otros/Fusion-Samus_Sprite_365.uasset" 446
"../../../../../../Users/gmanq/Desktop/UnknownWorld/Content/Personaje/Animaciones/Sprites/Otros/Fusion-Samus_Sprite_366.uasset" 447
"../../../../../../Users/gmanq/Desktop/UnknownWorld/Content/Personaje/Animaciones/Sprites/Otros/Fusion-Samus_Sprite_367.uasset" 448
"../../../../../../Users/gmanq/Desktop/UnknownWorld/Content/Personaje/Animaciones/Sprites/Otros/Fusion-Samus_Sprite_368.uasset" 449
"../../../../../../Users/gmanq/Desktop/UnknownWorld/Content/Personaje/Animaciones/Sprites/Otros/Fusion-Samus_Sprite_369.uasset" 450
"../../../../../../Users/gmanq/Desktop/UnknownWorld/Content/Personaje/Animaciones/Sprites/Otros/Fusion-Samus_Sprite_370.uasset" 451
"../../../../../../Users/gmanq/Desktop/UnknownWorld/Content/Personaje/Animaciones/Sprites/Otros/Fusion-Samus_Sprite_371.uasset" 452
"../../../../../../Users/gmanq/Desktop/UnknownWorld/Content/Personaje/Animaciones/Sprites/Otros/Fusion-Samus_Sprite_372.uasset" 453
"../../../../../../Users/gmanq/Desktop/UnknownWorld/Content/Personaje/Animaciones/Sprites/Otros/Fusion-Samus_Sprite_373.uasset" 454
"../../../../../../Users/gmanq/Desktop/UnknownWorld/Content/Personaje/Animaciones/Sprites/Otros/Fusion-Samus_Sprite_374.uasset" 455
"../../../../../../Users/gmanq/Desktop/UnknownWorld/Content/Personaje/Animaciones/Sprites/Otros/Fusion-Samus_Sprite_375.uasset" 456
"../../../../../../Users/gmanq/Desktop/UnknownWorld/Content/Personaje/Animaciones/Sprites/Otros/Fusion-Samus_Sprite_376.uasset" 457
"../../../../../../Users/gmanq/Desktop/UnknownWorld/Content/Personaje/Animaciones/Sprites/Otros/Fusion-Samus_Sprite_377.uasset" 458
"../../../../../../Users/gmanq/Desktop/UnknownWorld/Content/Personaje/Animaciones/Sprites/Otros/Fusion-Samus_Sprite_378.uasset" 459
"../../../../../../Users/gmanq/Desktop/UnknownWorld/Content/Personaje/Animaciones/Sprites/Otros/Fusion-Samus_Sprite_379.uasset" 460
"../../../../../../Users/gmanq/Desktop/UnknownWorld/Content/Personaje/Animaciones/Sprites/Otros/Fusion-Samus_Sprite_380.uasset" 461
"../../../../../../Users/gmanq/Desktop/UnknownWorld/Content/Personaje/Animaciones/Sprites/salto_disparo_diagonal_arriba/Fusion-Samus_Sprite_381.uasset" 462
"../../../../../../Users/gmanq/Desktop/UnknownWorld/Content/Personaje/Animaciones/Sprites/Otros/Fusion-Samus_Sprite_381.uasset" 463
"../../../../../../Users/gmanq/Desktop/UnknownWorld/Content/Personaje/Animaciones/Sprites/salto_disparo_diagonal_arriba/Fusion-Samus_Sprite_382.uasset" 464
"../../../../../../Users/gmanq/Desktop/UnknownWorld/Content/Personaje/Animaciones/Sprites/Otros/Fusion-Samus_Sprite_382.uasset" 465
"../../../../../../Users/gmanq/Desktop/UnknownWorld/Content/Personaje/Animaciones/Sprites/Otros/Fusion-Samus_Sprite_383.uasset" 466
"../../../../../../Users/gmanq/Desktop/UnknownWorld/Content/Personaje/Animaciones/Sprites/Otros/Fusion-Samus_Sprite_384.uasset" 467
"../../../../../../Users/gmanq/Desktop/UnknownWorld/Content/Personaje/Animaciones/Sprites/Otros/Fusion-Samus_Sprite_385.uasset" 468
"../../../../../../Users/gmanq/Desktop/UnknownWorld/Content/Personaje/Animaciones/Sprites/Otros/Fusion-Samus_Sprite_386.uasset" 469
"../../../../../../Users/gmanq/Desktop/UnknownWorld/Content/Personaje/Animaciones/Sprites/Otros/Fusion-Samus_Sprite_387.uasset" 470
"../../../../../../Users/gmanq/Desktop/UnknownWorld/Content/Personaje/Animaciones/Sprites/Otros/Fusion-Samus_Sprite_388.uasset" 471
"../../../../../../Users/gmanq/Desktop/UnknownWorld/Content/Personaje/Animaciones/Sprites/Otros/Fusion-Samus_Sprite_389.uasset" 472
"../../../../../../Users/gmanq/Desktop/UnknownWorld/Content/Personaje/Animaciones/Sprites/Otros/Fusion-Samus_Sprite_390.uasset" 473
"../../../../../../Users/gmanq/Desktop/UnknownWorld/Content/Personaje/Animaciones/Sprites/Otros/Fusion-Samus_Sprite_391.uasset" 474
"../../../../../../Users/gmanq/Desktop/UnknownWorld/Content/Personaje/Animaciones/Sprites/Otros/Fusion-Samus_Sprite_392.uasset" 475
"../../../../../../Users/gmanq/Desktop/UnknownWorld/Content/Personaje/Animaciones/Sprites/Otros/Fusion-Samus_Sprite_393.uasset" 476
"../../../../../../Users/gmanq/Desktop/UnknownWorld/Content/Personaje/Animaciones/Sprites/Otros/Fusion-Samus_Sprite_394.uasset" 477
"../../../../../../Users/gmanq/Desktop/UnknownWorld/Content/Personaje/Animaciones/Sprites/Otros/Fusion-Samus_Sprite_395.uasset" 478
"../../../../../../Users/gmanq/Desktop/UnknownWorld/Content/Personaje/Animaciones/Sprites/Otros/Fusion-Samus_Sprite_396.uasset" 479
"../../../../../../Users/gmanq/Desktop/UnknownWorld/Content/Personaje/Animaciones/Sprites/Otros/Fusion-Samus_Sprite_397.uasset" 480
"../../../../../../Users/gmanq/Desktop/UnknownWorld/Content/Personaje/Animaciones/Sprites/Otros/Fusion-Samus_Sprite_398.uasset" 481
"../../../../../../Users/gmanq/Desktop/UnknownWorld/Content/Personaje/Animaciones/Sprites/Otros/Fusion-Samus_Sprite_399.uasset" 482
"../../../../../../Users/gmanq/Desktop/UnknownWorld/Content/Personaje/Animaciones/Sprites/Otros/Fusion-Samus_Sprite_400.uasset" 483
"../../../../../../Users/gmanq/Desktop/UnknownWorld/Content/Personaje/Animaciones/Sprites/Otros/Fusion-Samus_Sprite_401.uasset" 484
"../../../../../../Users/gmanq/Desktop/UnknownWorld/Content/Personaje/Animaciones/Sprites/Otros/Fusion-Samus_Sprite_402.uasset" 485
"../../../../../../Users/gmanq/Desktop/UnknownWorld/Content/Personaje/Animaciones/Sprites/Otros/Fusion-Samus_Sprite_403.uasset" 486
"../../../../../../Users/gmanq/Desktop/UnknownWorld/Content/Personaje/Animaciones/Sprites/Otros/Fusion-Samus_Sprite_404.uasset" 487
"../../../../../../Users/gmanq/Desktop/UnknownWorld/Content/Personaje/Animaciones/Sprites/Otros/Fusion-Samus_Sprite_405.uasset" 488
"../../../../../../Users/gmanq/Desktop/UnknownWorld/Content/Personaje/Animaciones/Sprites/Otros/Fusion-Samus_Sprite_406.uasset" 489
"../../../../../../Users/gmanq/Desktop/UnknownWorld/Content/Personaje/Animaciones/Sprites/Otros/Fusion-Samus_Sprite_407.uasset" 490
"../../../../../../Users/gmanq/Desktop/UnknownWorld/Content/Personaje/Animaciones/Sprites/Otros/Fusion-Samus_Sprite_408.uasset" 491
"../../../../../../Users/gmanq/Desktop/UnknownWorld/Content/Personaje/Animaciones/Sprites/Otros/Fusion-Samus_Sprite_409.uasset" 492
"../../../../../../Users/gmanq/Desktop/UnknownWorld/Content/Personaje/Animaciones/Sprites/Otros/Fusion-Samus_Sprite_410.uasset" 493
"../../../../../../Users/gmanq/Desktop/UnknownWorld/Content/Personaje/Animaciones/Sprites/Otros/Fusion-Samus_Sprite_411.uasset" 494
"../../../../../../Users/gmanq/Desktop/UnknownWorld/Content/Personaje/Animaciones/Sprites/Otros/Fusion-Samus_Sprite_412.uasset" 495
"../../../../../../Users/gmanq/Desktop/UnknownWorld/Content/Personaje/Animaciones/Sprites/Otros/Fusion-Samus_Sprite_413.uasset" 496
"../../../../../../Users/gmanq/Desktop/UnknownWorld/Content/Personaje/Animaciones/Sprites/Otros/Fusion-Samus_Sprite_414.uasset" 497
"../../../../../../Users/gmanq/Desktop/UnknownWorld/Content/Personaje/Animaciones/Sprites/Otros/Fusion-Samus_Sprite_415.uasset" 498
"../../../../../../Users/gmanq/Desktop/UnknownWorld/Content/Personaje/Animaciones/Sprites/Otros/Fusion-Samus_Sprite_416.uasset" 499
"../../../../../../Users/gmanq/Desktop/UnknownWorld/Content/Personaje/Animaciones/Sprites/Otros/Fusion-Samus_Sprite_417.uasset" 500
"../../../../../../Users/gmanq/Desktop/UnknownWorld/Content/Personaje/Animaciones/Sprites/Otros/Fusion-Samus_Sprite_418.uasset" 501
"../../../../../../Users/gmanq/Desktop/UnknownWorld/Content/Personaje/Animaciones/Sprites/Otros/Fusion-Samus_Sprite_419.uasset" 502
"../../../../../../Users/gmanq/Desktop/UnknownWorld/Content/Personaje/Animaciones/Sprites/Otros/Fusion-Samus_Sprite_420.uasset" 503
"../../../../../../Users/gmanq/Desktop/UnknownWorld/Content/Personaje/Animaciones/Sprites/Otros/Fusion-Samus_Sprite_421.uasset" 504
"../../../../../../Users/gmanq/Desktop/UnknownWorld/Content/Personaje/Animaciones/Sprites/Otros/Fusion-Samus_Sprite_422.uasset" 505
"../../../../../../Users/gmanq/Desktop/UnknownWorld/Content/Personaje/Animaciones/Sprites/Otros/Fusion-Samus_Sprite_423.uasset" 506
"../../../../../../Users/gmanq/Desktop/UnknownWorld/Content/Personaje/Animaciones/Sprites/Otros/Fusion-Samus_Sprite_424.uasset" 507
"../../../../../../Users/gmanq/Desktop/UnknownWorld/Content/Personaje/Animaciones/Sprites/Otros/Fusion-Samus_Sprite_425.uasset" 508
"../../../../../../Users/gmanq/Desktop/UnknownWorld/Content/Personaje/Animaciones/Sprites/Otros/Fusion-Samus_Sprite_426.uasset" 509
"../../../../../../Users/gmanq/Desktop/UnknownWorld/Content/Personaje/Animaciones/Sprites/Otros/Fusion-Samus_Sprite_427.uasset" 510
"../../../../../../Users/gmanq/Desktop/UnknownWorld/Content/Personaje/Animaciones/Sprites/Otros/Fusion-Samus_Sprite_428.uasset" 511
"../../../../../../Users/gmanq/Desktop/UnknownWorld/Content/Personaje/Animaciones/Sprites/Otros/Fusion-Samus_Sprite_429.uasset" 512
"../../../../../../Users/gmanq/Desktop/UnknownWorld/Content/Personaje/Animaciones/Sprites/Otros/Fusion-Samus_Sprite_430.uasset" 513
"../../../../../../Users/gmanq/Desktop/UnknownWorld/Content/Personaje/Animaciones/Sprites/Otros/Fusion-Samus_Sprite_431.uasset" 514
"../../../../../../Users/gmanq/Desktop/UnknownWorld/Content/Personaje/Animaciones/Sprites/Otros/Fusion-Samus_Sprite_432.uasset" 515
"../../../../../../Users/gmanq/Desktop/UnknownWorld/Content/Personaje/Animaciones/Sprites/Otros/Fusion-Samus_Sprite_433.uasset" 516
"../../../../../../Users/gmanq/Desktop/UnknownWorld/Content/Personaje/Animaciones/Sprites/Otros/Fusion-Samus_Sprite_434.uasset" 517
"../../../../../../Users/gmanq/Desktop/UnknownWorld/Content/Personaje/Animaciones/Sprites/Otros/Fusion-Samus_Sprite_435.uasset" 518
"../../../../../../Users/gmanq/Desktop/UnknownWorld/Content/Personaje/Animaciones/Sprites/Otros/Fusion-Samus_Sprite_436.uasset" 519
"../../../../../../Users/gmanq/Desktop/UnknownWorld/Content/Personaje/Animaciones/Sprites/Otros/Fusion-Samus_Sprite_437.uasset" 520
"../../../../../../Users/gmanq/Desktop/UnknownWorld/Content/Personaje/Animaciones/Sprites/Otros/Fusion-Samus_Sprite_438.uasset" 521
"../../../Engine/Content/Animation/DefaultAnimCurveCompressionSettings.uasset" 522
"../../../Engine/Content/ArtTools/RenderToTexture/Meshes/S_1_Unit_Plane.uasset" 523
"../../../Engine/Content/EngineMaterials/DefaultMaterial.uasset" 524
"../../../Engine/Content/BasicShapes/Cone.uasset" 525
"../../../Engine/Content/BasicShapes/Cylinder.uasset" 526
"../../../Engine/Content/BasicShapes/Plane.uasset" 527
"../../../Engine/Content/BasicShapes/Sphere.uasset" 528
"../../../Engine/Content/EditorLandscapeResources/DataLayer.uasset" 529
"../../../Engine/Content/EditorMaterials/MAT_Groups_Toggle.uasset" 530
"../../../Engine/Content/EditorMaterials/MAT_Groups_Visibility.uasset" 531
"../../../Engine/Content/EditorMaterials/PreviewShadowIndicator.uasset" 532
"../../../Engine/Content/EditorMaterials/PreviewShadowIndicatorMaterial.uasset" 533
"../../../Engine/Content/EditorMaterials/MatineeGroups/MAT_ColorTrack.uasset" 534
"../../../Engine/Content/EditorMaterials/MatineeGroups/MAT_Groups_Anim.uasset" 535
"../../../Engine/Content/EditorMaterials/MatineeGroups/MAT_Groups_AudioMaster.uasset" 536
"../../../Engine/Content/EditorMaterials/MatineeGroups/MAT_Groups_Director.uasset" 537
"../../../Engine/Content/EditorMaterials/MatineeGroups/MAT_Groups_Event.uasset" 538
"../../../Engine/Content/EditorMaterials/MatineeGroups/MAT_Groups_Fade.uasset" 539
"../../../Engine/Content/EditorMaterials/MatineeGroups/MAT_Groups_Float.uasset" 540
"../../../Engine/Content/EditorMaterials/MatineeGroups/MAT_Groups_Move.uasset" 541
"../../../Engine/Content/EditorMaterials/MatineeGroups/MAT_Groups_Slomo.uasset" 542
"../../../Engine/Content/EditorMaterials/MatineeGroups/MAT_Groups_Sound.uasset" 543
"../../../Engine/Content/EditorMaterials/MatineeGroups/MAT_Groups_Vector.uasset" 544
"../../../Engine/Content/EditorMaterials/ParticleSystems/PSysThumbnail_NoImage.uasset" 545
"../../../Engine/Content/EditorMaterials/ParticleSystems/PSysThumbnail_OOD.uasset" 546
"../../../Engine/Content/EditorMaterials/Camera/CineMat.uasset" 547
"../../../Engine/Content/EditorMaterials/Camera/MI_CineMat_Rig.uasset" 548
"../../../Engine/Content/EditorMeshes/Camera/SM_CraneRig_Arm.uasset" 549
"../../../Engine/Content/EditorMeshes/Camera/SM_CraneRig_Base.uasset" 550
"../../../Engine/Content/EditorMeshes/Camera/SM_CraneRig_Body.uasset" 551
"../../../Engine/Content/EditorMeshes/Camera/SM_CraneRig_Mount.uasset" 552
"../../../Engine/Content/EditorMeshes/Camera/SM_RailRig_Mount.uasset" 553
"../../../Engine/Content/EditorMeshes/Camera/SM_RailRig_Track.uasset" 554
"../../../Engine/Content/EditorResources/BSPVertex.uasset" 555
"../../../Engine/Content/EditorResources/EmptyActor.uasset" 556
"../../../Engine/Content/EditorResources/S_Actor.uasset" 557
"../../../Engine/Content/EditorResources/S_Note.uasset" 558
"../../../Engine/Content/EditorResources/S_Solver.uasset" 559
"../../../Engine/Content/EditorResources/S_Trigger.uasset" 560
"../../../Engine/Content/EditorResources/SequenceRecorder/Countdown.uasset" 561
"../../../Engine/Content/EditorResources/SequenceRecorder/RecordingIndicator.uasset" 562
"../../../Engine/Content/EditorSounds/Notifications/CompileFailed.uasset" 563
"../../../Engine/Content/EditorSounds/Notifications/CompileFailed_Cue.uasset" 564
"../../../Engine/Content/EditorSounds/Notifications/CompileSuccess.uasset" 565
"../../../Engine/Content/EditorSounds/Notifications/CompileStart_Cue.uasset" 566
"../../../Engine/Content/EditorSounds/Notifications/CompileSuccess_Cue.uasset" 567
"../../../Engine/Content/EngineDamageTypes/DmgTypeBP_Environmental.uasset" 568
"../../../Engine/Content/EngineDebugMaterials/DebugEditorMaterial.uasset" 569
"../../../Engine/Content/EngineDebugMaterials/DebugMeshMaterial.uasset" 570
"../../../Engine/Content/EngineDebugMaterials/M_SimpleTranslucent.uasset" 571
"../../../Engine/Content/Functions/Engine_MaterialFunctions02/Utility/CameraDirectionVector.uasset" 572
"../../../Engine/Content/EngineDebugMaterials/VolumeToRender.uasset" 573
"../../../Engine/Content/EngineDebugMaterials/M_VolumeRenderSphereTracePP.uasset" 574
"../../../Engine/Content/EngineDebugMaterials/WireframeMaterial.uasset" 575
"../../../Engine/Content/EngineFonts/Faces/DroidSansFallback.uasset" 576
"../../../Engine/Content/EngineFonts/Faces/RobotoBold.uasset" 577
"../../../Engine/Content/EngineFonts/Faces/RobotoBoldItalic.uasset" 578
"../../../Engine/Content/EngineFonts/Faces/RobotoItalic.uasset" 579
"../../../Engine/Content/EngineFonts/Faces/RobotoLight.uasset" 580
"../../../Engine/Content/EngineFonts/Faces/RobotoRegular.uasset" 581
"../../../Engine/Content/EngineFonts/Roboto.uasset" 582
"../../../Engine/Content/EngineMaterials/BaseFlattenDiffuseMap.uasset" 583
"../../../Engine/Content/EngineMaterials/BaseFlattenEmissiveMap.uasset" 584
"../../../Engine/Content/EngineMaterials/BaseFlattenGrayscaleMap.uasset" 585
"../../../Engine/Content/EngineMaterials/BaseFlattenNormalMap.uasset" 586
"../../../Engine/Content/EngineMaterials/BaseFlattenMaterial.uasset" 587
"../../../Engine/Content/EngineMaterials/BlueNoise.uasset" 588
"../../../Engine/Content/EngineMaterials/DefaultBloomKernel.uasset" 589
"../../../Engine/Content/EngineMaterials/DefaultBokeh.uasset" 590
"../../../Engine/Content/EngineMaterials/DefaultDiffuse.uasset" 591
"../../../Engine/Content/EngineMaterials/DefaultDeferredDecalMaterial.uasset" 592
"../../../Engine/Content/EngineMaterials/DefaultLightFunctionMaterial.uasset" 593
"../../../Engine/Content/EngineMaterials/DefaultPhysicalMaterial.uasset" 594
"../../../Engine/Content/Functions/Engine_MaterialFunctions02/Utility/BreakOutFloat2Components.uasset" 595
"../../../Engine/Content/EngineMaterials/DefaultPostProcessMaterial.uasset" 596
"../../../Engine/Content/EngineFonts/RobotoDistanceField.uasset" 597
"../../../Engine/Content/EngineMaterials/DefaultTextMaterialOpaque.uasset" 598
"../../../Engine/Content/EngineMaterials/DefaultVirtualTextureMaterial.uasset" 599
"../../../Engine/Content/EngineMaterials/DefaultWhiteGrid.uasset" 600
"../../../Engine/Content/EngineMaterials/DefaultWhiteGrid_Low.uasset" 601
"../../../Engine/Content/EngineMaterials/EmissiveMeshMaterial.uasset" 602
"../../../Engine/Content/EngineMaterials/GizmoMaterial.uasset" 603
"../../../Engine/Content/EngineMaterials/Good64x64TilingNoiseHighFreq.uasset" 604
"../../../Engine/Content/EngineMaterials/HairDefaultMaterial.uasset" 605
"../../../Engine/Content/EngineMaterials/MiniFont.uasset" 606
"../../../Engine/Content/EngineMaterials/InvalidLightmapSettings.uasset" 607
"../../../Engine/Content/EngineMaterials/M_InvalidLightmapSettings.uasset" 608
"../../../Engine/Content/Functions/Engine_MaterialFunctions02/WorldPositionOffset/CameraOffset.uasset" 609
"../../../Engine/Content/EngineMaterials/PhAT_JointLimitMaterial.uasset" 610
"../../../Engine/Content/EngineMaterials/PreintegratedSkinBRDF.uasset" 611
"../../../Engine/Content/EngineMaterials/RemoveSurfaceMaterial.uasset" 612
"../../../Engine/Content/EngineMaterials/WeightMapPlaceholderTexture.uasset" 613
"../../../Engine/Content/EngineResources/WhiteSquareTexture.uasset" 614
"../../../Engine/Content/EngineMaterials/Widget3DPassThrough.uasset" 615
"../../../Engine/Content/EngineMaterials/Widget3DPassThrough_Masked.uasset" 616
"../../../Engine/Content/EngineMaterials/Widget3DPassThrough_Opaque.uasset" 617
"../../../Engine/Content/EngineMaterials/Widget3DPassThrough_Masked_OneSided.uasset" 618
"../../../Engine/Content/EngineMaterials/Widget3DPassThrough_Opaque_OneSided.uasset" 619
"../../../Engine/Content/EngineMaterials/Widget3DPassThrough_Translucent.uasset" 620
"../../../Engine/Content/EngineMaterials/Widget3DPassThrough_Translucent_OneSided.uasset" 621
"../../../Engine/Content/EngineMeshes/Cylinder.uasset" 622
"../../../Engine/Content/EngineMeshes/Sphere.uasset" 623
"../../../Engine/Content/EngineResources/Black.uasset" 624
"../../../Engine/Content/EngineResources/DefaultTexture.uasset" 625
"../../../Engine/Content/EngineResources/DefaultTextureCube.uasset" 626
"../../../Engine/Content/EngineResources/DefaultVolumeTexture2D.uasset" 627
"../../../Engine/Content/EngineResources/DefaultVolumeTexture.uasset" 628
"../../../Engine/Content/EngineResources/GradientTexture0.uasset" 629
"../../../Engine/Content/EngineSounds/Master.uasset" 630
"../../../Engine/Content/Functions/Engine_MaterialFunctions01/Shading/ConvertFromDiffSpec.uasset" 631
"../../../Engine/Content/Functions/Engine_MaterialFunctions01/Shading/PowerToRoughness.uasset" 632
"../../../Engine/Content/Maps/Templates/Thumbnails/Default.uasset" 633
"../../../Engine/Content/Maps/Templates/Thumbnails/TimeOfDay.uasset" 634
"../../../Engine/Content/Maps/Templates/Thumbnails/VR-Basic.uasset" 635
"../../../Engine/Content/MobileResources/T_MobileControls_texture.uasset" 636
"../../../Engine/Content/MobileResources/T_MobileMenu2.uasset" 637
"../../../Engine/Content/MobileResources/HUD/AnalogHat.uasset" 638
"../../../Engine/Content/MobileResources/HUD/VirtualJoystick_Background.uasset" 639
"../../../Engine/Content/MobileResources/HUD/VirtualJoystick_Thumb.uasset" 640
"../../../Engine/Content/MobileResources/HUD/DefaultVirtualJoysticks.uasset" 641
"../../../Engine/Content/MobileResources/HUD/LeftVirtualJoystickOnly.uasset" 642
"../../../Engine/Content/MobileResources/HUD/MobileHUDButton1_off.uasset" 643
"../../../Engine/Content/MobileResources/HUD/MobileHUDButton1_on.uasset" 644
"../../../Engine/Content/MobileResources/HUD/MobileHUDButton2_off.uasset" 645
"../../../Engine/Content/MobileResources/HUD/MobileHUDButton2_on.uasset" 646
"../../../Engine/Content/MobileResources/HUD/MobileHUDButton3.uasset" 647
"../../../Engine/Content/MobileResources/HUD/MobileHUDButtonFire.uasset" 648
"../../../Engine/Content/MobileResources/HUD/MobileHUDDirectionPad.uasset" 649
"../../../Engine/Content/MobileResources/HUD/MobileHUDDirectionPad2.uasset" 650
"../../../Engine/Content/MobileResources/HUD/MobileHUDDirectionPad3.uasset" 651
"../../../Engine/Content/MobileResources/HUD/MobileHUDDirectionStick.uasset" 652
"../../../Engine/Content/MobileResources/HUD/T_Castle_ThumbstickInner.uasset" 653
"../../../Engine/Content/MobileResources/HUD/T_Castle_ThumbstickOutter.uasset" 654
"../../../Engine/Content/Tutorial/ContentIntroCurve.uasset" 655
"../../../Engine/Content/Tutorial/Basics/LevelEditorAttract.uasset" 656
"../../../Engine/Content/Tutorial/Basics/TutorialAssets/icon_tab_Levels_40x.uasset" 657
"../../../Engine/Content/Tutorial/Basics/LevelEditorOverview.uasset" 658
"../../../Engine/Content/VREditor/LaserPointer/VR_LaserPower_01.uasset" 659
"../../../Engine/Content/VREditor/TransformGizmo/TransformGizmoMaterial.uasset" 660
"../../../Engine/Content/VREditor/TransformGizmo/TranslucentTransformGizmoMaterial.uasset" 661
"../../../Engine/Content/VREditor/TransformGizmo/BoundingBoxCorner.uasset" 662
"../../../Engine/Content/VREditor/TransformGizmo/BoundingBoxEdge.uasset" 663
"../../../Engine/Content/VREditor/TransformGizmo/PlaneTranslationHandle.uasset" 664
"../../../Engine/Content/VREditor/TransformGizmo/Main.uasset" 665
"../../../Engine/Content/VREditor/TransformGizmo/Xray.uasset" 666
"../../../Engine/Content/VREditor/TransformGizmo/SM_Sequencer_Key.uasset" 667
"../../../Engine/Content/VREditor/TransformGizmo/SM_Sequencer_Node.uasset" 668
"../../Plugins/2D/Paper2D/Content/DummySprite.uasset" 669
"../../Plugins/2D/Paper2D/Content/DefaultPaperTerrainMaterial.uasset" 670
"../../Plugins/2D/Paper2D/Content/MaskedUnlitSpriteMaterial.uasset" 671
"../../../Engine/Content/Functions/Engine_MaterialFunctions02/Utility/BreakOutFloat4Components.uasset" 672
"../../../Engine/Content/Functions/Engine_MaterialFunctions02/Utility/MakeFloat2.uasset" 673
"../../../Engine/Content/Functions/Engine_MaterialFunctions02/Utility/MakeFloat3.uasset" 674
"../../Plugins/Runtime/Oculus/OculusVR/Content/Materials/OculusMR_ChromaKey.uasset" 675
"../../Plugins/Runtime/Oculus/OculusVR/Content/Materials/OculusMR_ChromaKey_Lit.uasset" 676
"../../Plugins/Runtime/Oculus/OculusVR/Content/Materials/OculusMR_OpaqueColoredMaterial.uasset" 677
"../../Plugins/Runtime/Oculus/OculusVR/Content/Materials/OculusMR_WhiteMaterial.uasset" 678
"../../../../../../Users/gmanq/Desktop/UnknownWorld/Content/Items/Objetos/Ataques/Bala_Torreta.uasset" 679
"../../../../../../Users/gmanq/Desktop/UnknownWorld/Content/Items/Sprites/torreta_Sprite_0.uasset" 680
"../../../../../../Users/gmanq/Desktop/UnknownWorld/Content/Items/Objetos/Torreta.uasset" 681
"../../../../../../Users/gmanq/Desktop/UnknownWorld/Content/2DSideScrollerBP/Blueprints/2DSideScrollerGameMode.uasset" 682
"../../../../../../Users/gmanq/Desktop/UnknownWorld/Content/Item_nivel/Pisos/sprites/Sprite/plataforma_Sprite_0.uasset" 683
"../../../../../../Users/gmanq/Desktop/UnknownWorld/Content/Item_nivel/Pisos/actores/Base_piso.uasset" 684
"../../../../../../Users/gmanq/Desktop/UnknownWorld/Content/Items/Fragmento_energia.uasset" 685
"../../../../../../Users/gmanq/Desktop/UnknownWorld/Content/Items/Sprites/Fragmento_vida.uasset" 686
"../../../../../../Users/gmanq/Desktop/UnknownWorld/Content/Items/Objetos/Fragmento_energia.uasset" 687
"../../../../../../Users/gmanq/Desktop/UnknownWorld/Content/2DSideScrollerBP/Maps/2DSideScrollerExampleMap_BuiltData.uasset" 688
"../../../../../../Users/gmanq/Desktop/UnknownWorld/Content/Item_nivel/Pisos/sprites/Sprite/4_Sprite_0.uasset" 689
"../../../../../../Users/gmanq/Desktop/UnknownWorld/Content/Item_nivel/Pisos/sprites/Sprite/5_Sprite_0.uasset" 690
"../../../../../../Users/gmanq/Desktop/UnknownWorld/Content/Item_nivel/Pisos/sprites/Sprite/6_Sprite_0.uasset" 691
"../../../../../../Users/gmanq/Desktop/UnknownWorld/Content/Item_nivel/Pisos/sprites/Sprite/orig_63352_Sprite_0.uasset" 692
"../../../../../../Users/gmanq/Desktop/UnknownWorld/Content/2DSideScrollerBP/Maps/2DSideScrollerExampleMap.umap" 693
"../../../../../../Users/gmanq/Desktop/UnknownWorld/Content/Niveles/Cueva_1.uasset" 694
"../../../../../../Users/gmanq/Desktop/UnknownWorld/Content/Niveles/Cuevas_2.uasset" 695
"../../../../../../Users/gmanq/Desktop/UnknownWorld/Content/Niveles/to_cueva1.uasset" 696
"../../../../../../Users/gmanq/Desktop/UnknownWorld/Content/Item_nivel/Pisos/sprites/Cueva2_TileMap.uasset" 697
"../../../../../../Users/gmanq/Desktop/UnknownWorld/Content/sonidos/musica_fondo.uasset" 698
"../../../../../../Users/gmanq/Desktop/UnknownWorld/Content/sonidos/musica_fondo_Cue.uasset" 699
"../../../../../../Users/gmanq/Desktop/UnknownWorld/Content/Niveles/Cueva1.umap" 700
"../../../../../../Users/gmanq/Desktop/UnknownWorld/Content/Niveles/Cueva2.umap" 701
"../../../Engine/Content/Maps/Entry_BuiltData.uasset" 702
"../../../Engine/Content/Maps/Entry.umap" 703
