Log file open, 07/15/20 16:05:37
LogInit: Display: Running engine for game: UnknownWorld
LogPlatformFile: Not using cached read wrapper
LogTaskGraph: Started task graph with 5 named threads and 14 total threads with 3 sets of task threads.
LogStats: Stats thread started at 1.828866
LogD3D11RHI: Loaded GFSDK_Aftermath_Lib.x64.dll
LogICUInternationalization: ICU TimeZone Detection - Raw Offset: -4:00, Platform Override: ''
LogPluginManager: Mounting plugin Paper2D
LogPluginManager: Mounting plugin AISupport
LogPluginManager: Mounting plugin LightPropagationVolume
LogPluginManager: Mounting plugin CameraShakePreviewer
LogPluginManager: Mounting plugin ActorLayerUtilities
LogPluginManager: Mounting plugin AnimationSharing
LogPluginManager: Mounting plugin CLionSourceCodeAccess
LogPluginManager: Mounting plugin CodeLiteSourceCodeAccess
LogPluginManager: Mounting plugin GitSourceControl
LogPluginManager: Mounting plugin KDevelopSourceCodeAccess
LogPluginManager: Mounting plugin NullSourceCodeAccess
LogPluginManager: Mounting plugin PerforceSourceControl
LogPluginManager: Mounting plugin PlasticSourceControl
LogPluginManager: Mounting plugin RiderSourceCodeAccess
LogPluginManager: Mounting plugin SubversionSourceControl
LogPluginManager: Mounting plugin UObjectPlugin
LogPluginManager: Mounting plugin VisualStudioCodeSourceCodeAccess
LogPluginManager: Mounting plugin VisualStudioSourceCodeAccess
LogPluginManager: Mounting plugin XCodeSourceCodeAccess
LogPluginManager: Mounting plugin AssetManagerEditor
LogPluginManager: Mounting plugin CryptoKeys
LogPluginManager: Mounting plugin CurveEditorTools
LogPluginManager: Mounting plugin DataValidation
LogPluginManager: Mounting plugin EditorScriptingUtilities
LogPluginManager: Mounting plugin FacialAnimation
LogPluginManager: Mounting plugin GameplayTagsEditor
LogPluginManager: Mounting plugin GeometryMode
LogPluginManager: Mounting plugin MacGraphicsSwitching
LogPluginManager: Mounting plugin MaterialAnalyzer
LogPluginManager: Mounting plugin MobileLauncherProfileWizard
LogPluginManager: Mounting plugin PluginBrowser
LogPluginManager: Mounting plugin SpeedTreeImporter
LogPluginManager: Mounting plugin DatasmithContent
LogPluginManager: Mounting plugin VariantManagerContent
LogPluginManager: Mounting plugin AlembicImporter
LogPluginManager: Mounting plugin AutomationUtils
LogPluginManager: Mounting plugin BackChannel
LogPluginManager: Mounting plugin ChaosCloth
LogPluginManager: Mounting plugin ChaosClothEditor
LogPluginManager: Mounting plugin ChaosEditor
LogPluginManager: Mounting plugin ChaosNiagara
LogPluginManager: Mounting plugin ChaosSolverPlugin
LogPluginManager: Mounting plugin CharacterAI
LogPluginManager: Mounting plugin GeometryCache
LogPluginManager: Mounting plugin GeometryCollectionPlugin
LogPluginManager: Mounting plugin GeometryProcessing
LogPluginManager: Mounting plugin PlanarCut
LogPluginManager: Mounting plugin PlatformCrypto
LogPluginManager: Mounting plugin ProxyLODPlugin
LogPluginManager: Mounting plugin SkeletalReduction
LogPluginManager: Mounting plugin Niagara
LogPluginManager: Mounting plugin MagicLeap
LogPluginManager: Mounting plugin MagicLeapLightEstimation
LogPluginManager: Mounting plugin MagicLeapMedia
LogPluginManager: Mounting plugin MagicLeapPassableWorld
LogPluginManager: Mounting plugin MLSDK
LogPluginManager: Mounting plugin AndroidMedia
LogPluginManager: Mounting plugin AvfMedia
LogPluginManager: Mounting plugin ImgMedia
LogPluginManager: Mounting plugin MediaCompositing
LogPluginManager: Mounting plugin MediaPlayerEditor
LogPluginManager: Mounting plugin WebMMedia
LogPluginManager: Mounting plugin WmfMedia
LogPluginManager: Mounting plugin MeshPainting
LogPluginManager: Mounting plugin TcpMessaging
LogPluginManager: Mounting plugin UdpMessaging
LogPluginManager: Mounting plugin ActorSequence
LogPluginManager: Mounting plugin LevelSequenceEditor
LogPluginManager: Mounting plugin MatineeToLevelSequence
LogPluginManager: Mounting plugin MovieRenderPipeline
LogPluginManager: Mounting plugin TemplateSequence
LogPluginManager: Mounting plugin NetcodeUnitTest
LogPluginManager: Mounting plugin NUTUnrealEngine4
LogPluginManager: Mounting plugin OnlineSubsystemGooglePlay
LogPluginManager: Mounting plugin OnlineSubsystemIOS
LogPluginManager: Mounting plugin OnlineSubsystem
LogPluginManager: Mounting plugin OnlineSubsystemNull
LogPluginManager: Mounting plugin OnlineSubsystemUtils
LogPluginManager: Mounting plugin LauncherChunkInstaller
LogPluginManager: Mounting plugin AndroidDeviceProfileSelector
LogPluginManager: Mounting plugin AndroidMoviePlayer
LogPluginManager: Mounting plugin AndroidPermission
LogPluginManager: Mounting plugin AppleImageUtils
LogPluginManager: Mounting plugin AppleMoviePlayer
LogPluginManager: Mounting plugin ArchVisCharacter
LogPluginManager: Mounting plugin AssetTags
LogPluginManager: Mounting plugin AudioCapture
LogPluginManager: Mounting plugin CableComponent
LogPluginManager: Mounting plugin CustomMeshComponent
LogPluginManager: Mounting plugin EditableMesh
LogPluginManager: Mounting plugin ExampleDeviceProfileSelector
LogPluginManager: Mounting plugin GoogleCloudMessaging
LogPluginManager: Mounting plugin GooglePAD
LogPluginManager: Mounting plugin IOSDeviceProfileSelector
LogPluginManager: Mounting plugin LinuxDeviceProfileSelector
LogPluginManager: Mounting plugin LocationServicesBPLibrary
LogPluginManager: Mounting plugin MobilePatchingUtils
LogPluginManager: Mounting plugin OculusVR
LogPluginManager: Mounting plugin PhysXVehicles
LogPluginManager: Mounting plugin PostSplashScreen
LogPluginManager: Mounting plugin ProceduralMeshComponent
LogPluginManager: Mounting plugin RuntimePhysXCooking
LogPluginManager: Mounting plugin SignificanceManager
LogPluginManager: Mounting plugin SoundFields
LogPluginManager: Mounting plugin SteamVR
LogPluginManager: Mounting plugin Synthesis
LogPluginManager: Mounting plugin WebMMoviePlayer
LogPluginManager: Mounting plugin WindowsMoviePlayer
LogPluginManager: Mounting plugin ScreenshotTools
LogInit: Using libcurl 7.55.1-DEV
LogInit:  - built for x86_64-pc-win32
LogInit:  - supports SSL with OpenSSL/1.1.1
LogInit:  - supports HTTP deflate (compression) using libz 1.2.8
LogInit:  - other features:
LogInit:      CURL_VERSION_SSL
LogInit:      CURL_VERSION_LIBZ
LogInit:      CURL_VERSION_IPV6
LogInit:      CURL_VERSION_ASYNCHDNS
LogInit:      CURL_VERSION_LARGEFILE
LogInit:      CURL_VERSION_IDN
LogInit:  CurlRequestOptions (configurable via config and command line):
LogInit:  - bVerifyPeer = true  - Libcurl will verify peer certificate
LogInit:  - bUseHttpProxy = false  - Libcurl will NOT use HTTP proxy
LogInit:  - bDontReuseConnections = false  - Libcurl will reuse connections
LogInit:  - MaxHostConnections = 16  - Libcurl will limit the number of connections to a host
LogInit:  - LocalHostAddr = Default
LogInit:  - BufferSize = 65536
LogOnline: OSS: Creating online subsystem instance for: NULL
LogInit: WinSock: version 1.1 (2.2), MaxSocks=32767, MaxUdp=65467
LogOnline: OSS: TryLoadSubsystemAndSetDefault: Loaded subsystem for module [NULL]
LogInit: Build: ++UE4+Release-4.25-CL-13594126
LogInit: Engine Version: 4.25.1-13594126+++UE4+Release-4.25
LogInit: Compatible Engine Version: 4.25.0-13144385+++UE4+Release-4.25
LogInit: Net CL: 13144385
LogInit: OS: Windows 10 (Release 1909) (), CPU:         Intel(R) Core(TM) i5-3570 CPU @ 3.40GHz, GPU: AMD Radeon HD 7800 Series
LogInit: Compiled (64-bit): Jun  2 2020 02:10:36
LogInit: Compiled with Visual C++: 19.24.28315.00
LogInit: Build Configuration: Development
LogInit: Branch Name: ++UE4+Release-4.25
LogInit: Command Line: 
LogInit: Base Directory: D:/UnrealEngine/UE_4.25/Engine/Binaries/Win64/
LogInit: Allocator: TBB
LogInit: Installed Engine Build: 1
LogDevObjectVersion: Number of dev versions registered: 26
LogDevObjectVersion:   Dev-Blueprints (B0D832E4-1F89-4F0D-ACCF-7EB736FD4AA2): 10
LogDevObjectVersion:   Dev-Build (E1C64328-A22C-4D53-A36C-8E866417BD8C): 0
LogDevObjectVersion:   Dev-Core (375EC13C-06E4-48FB-B500-84F0262A717E): 4
LogDevObjectVersion:   Dev-Editor (E4B068ED-F494-42E9-A231-DA0B2E46BB41): 38
LogDevObjectVersion:   Dev-Framework (CFFC743F-43B0-4480-9391-14DF171D2073): 37
LogDevObjectVersion:   Dev-Mobile (B02B49B5-BB20-44E9-A304-32B752E40360): 2
LogDevObjectVersion:   Dev-Networking (A4E4105C-59A1-49B5-A7C5-40C4547EDFEE): 0
LogDevObjectVersion:   Dev-Online (39C831C9-5AE6-47DC-9A44-9C173E1C8E7C): 0
LogDevObjectVersion:   Dev-Physics (78F01B33-EBEA-4F98-B9B4-84EACCB95AA2): 4
LogDevObjectVersion:   Dev-Platform (6631380F-2D4D-43E0-8009-CF276956A95A): 0
LogDevObjectVersion:   Dev-Rendering (12F88B9F-8875-4AFC-A67C-D90C383ABD29): 43
LogDevObjectVersion:   Dev-Sequencer (7B5AE74C-D270-4C10-A958-57980B212A5A): 12
LogDevObjectVersion:   Dev-VR (D7296918-1DD6-4BDD-9DE2-64A83CC13884): 3
LogDevObjectVersion:   Dev-LoadTimes (C2A15278-BFE7-4AFE-6C17-90FF531DF755): 1
LogDevObjectVersion:   Private-Geometry (6EACA3D4-40EC-4CC1-B786-8BED09428FC5): 3
LogDevObjectVersion:   Dev-AnimPhys (29E575DD-E0A3-4627-9D10-D276232CDCEA): 17
LogDevObjectVersion:   Dev-Anim (AF43A65D-7FD3-4947-9873-3E8ED9C1BB05): 7
LogDevObjectVersion:   Dev-ReflectionCapture (6B266CEC-1EC7-4B8F-A30B-E4D90942FC07): 1
LogDevObjectVersion:   Dev-Automation (0DF73D61-A23F-47EA-B727-89E90C41499A): 1
LogDevObjectVersion:   FortniteMain (601D1886-AC64-4F84-AA16-D3DE0DEAC7D6): 31
LogDevObjectVersion:   Dev-Enterprise (9DFFBCD6-494F-0158-E221-12823C92A888): 10
LogDevObjectVersion:   Dev-Niagara (F2AED0AC-9AFE-416F-8664-AA7FFA26D6FC): 1
LogDevObjectVersion:   Dev-Destruction (174F1F0B-B4C6-45A5-B13F-2EE8D0FB917D): 10
LogDevObjectVersion:   Dev-Physics-Ext (35F94A83-E258-406C-A318-09F59610247C): 37
LogDevObjectVersion:   Dev-PhysicsMaterial-Chaos (B68FC16E-8B1B-42E2-B453-215C058844FE): 1
LogDevObjectVersion:   Dev-CineCamera (B2E18506-4273-CFC2-A54E-F4BB758BBA07): 1
LogInit: Presizing for max 25165824 objects, including 0 objects not considered by GC, pre-allocating 0 bytes for permanent pool.
LogConfig: Applying CVar settings from Section [/Script/Engine.StreamingSettings] File [D:/Github Unknown World/UnknownWorld/Saved/Config/Windows/Engine.ini]
LogConfig: Setting CVar [[s.MinBulkDataSizeForAsyncLoading:131072]]
LogConfig: Setting CVar [[s.AsyncLoadingThreadEnabled:0]]
LogConfig: Setting CVar [[s.EventDrivenLoaderEnabled:1]]
LogConfig: Setting CVar [[s.WarnIfTimeLimitExceeded:0]]
LogConfig: Setting CVar [[s.TimeLimitExceededMultiplier:1.5]]
LogConfig: Setting CVar [[s.TimeLimitExceededMinTime:0.005]]
LogConfig: Setting CVar [[s.UseBackgroundLevelStreaming:1]]
LogConfig: Setting CVar [[s.PriorityAsyncLoadingExtraTime:15.0]]
LogConfig: Setting CVar [[s.LevelStreamingActorsUpdateTimeLimit:5.0]]
LogConfig: Setting CVar [[s.PriorityLevelStreamingActorsUpdateExtraTime:5.0]]
LogConfig: Setting CVar [[s.LevelStreamingComponentsRegistrationGranularity:10]]
LogConfig: Setting CVar [[s.UnregisterComponentsTimeLimit:1.0]]
LogConfig: Setting CVar [[s.LevelStreamingComponentsUnregistrationGranularity:5]]
LogConfig: Setting CVar [[s.FlushStreamingOnExit:1]]
LogInit: Object subsystem initialized
LogConfig: Setting CVar [[con.DebugEarlyDefault:1]]
LogConfig: Setting CVar [[r.setres:1280x720]]
[2020.07.15-20.05.38:242][  0]LogConfig: Setting CVar [[r.VSync:0]]
[2020.07.15-20.05.38:242][  0]LogConfig: Setting CVar [[r.RHICmdBypass:0]]
[2020.07.15-20.05.38:242][  0]LogConfig: Applying CVar settings from Section [/Script/Engine.RendererSettings] File [D:/Github Unknown World/UnknownWorld/Saved/Config/Windows/Engine.ini]
[2020.07.15-20.05.38:242][  0]LogConfig: Setting CVar [[r.GPUCrashDebugging:0]]
[2020.07.15-20.05.38:242][  0]LogConfig: Setting CVar [[r.MobileHDR:0]]
[2020.07.15-20.05.38:242][  0]LogConfig: Setting CVar [[r.Mobile.DisableVertexFog:1]]
[2020.07.15-20.05.38:242][  0]LogConfig: Setting CVar [[r.Shadow.CSM.MaxMobileCascades:2]]
[2020.07.15-20.05.38:242][  0]LogConfig: Setting CVar [[r.MobileMSAA:1]]
[2020.07.15-20.05.38:243][  0]LogConfig: Setting CVar [[r.Mobile.UseLegacyShadingModel:0]]
[2020.07.15-20.05.38:243][  0]LogConfig: Setting CVar [[r.Mobile.UseHWsRGBEncoding:0]]
[2020.07.15-20.05.38:243][  0]LogConfig: Setting CVar [[r.Mobile.AllowDitheredLODTransition:0]]
[2020.07.15-20.05.38:243][  0]LogConfig: Setting CVar [[r.Mobile.AllowSoftwareOcclusion:0]]
[2020.07.15-20.05.38:243][  0]LogConfig: Setting CVar [[r.DiscardUnusedQuality:0]]
[2020.07.15-20.05.38:243][  0]LogConfig: Setting CVar [[r.AllowOcclusionQueries:1]]
[2020.07.15-20.05.38:243][  0]LogConfig: Setting CVar [[r.MinScreenRadiusForLights:0.030000]]
[2020.07.15-20.05.38:243][  0]LogConfig: Setting CVar [[r.MinScreenRadiusForDepthPrepass:0.030000]]
[2020.07.15-20.05.38:243][  0]LogConfig: Setting CVar [[r.MinScreenRadiusForCSMDepth:0.010000]]
[2020.07.15-20.05.38:243][  0]LogConfig: Setting CVar [[r.PrecomputedVisibilityWarning:0]]
[2020.07.15-20.05.38:243][  0]LogConfig: Setting CVar [[r.TextureStreaming:1]]
[2020.07.15-20.05.38:243][  0]LogConfig: Setting CVar [[Compat.UseDXT5NormalMaps:0]]
[2020.07.15-20.05.38:243][  0]LogConfig: Setting CVar [[r.VirtualTextures:0]]
[2020.07.15-20.05.38:243][  0]LogConfig: Setting CVar [[r.VirtualTexturedLightmaps:0]]
[2020.07.15-20.05.38:243][  0]LogConfig: Setting CVar [[r.VT.TileSize:128]]
[2020.07.15-20.05.38:243][  0]LogConfig: Setting CVar [[r.VT.TileBorderSize:4]]
[2020.07.15-20.05.38:243][  0]LogConfig: Setting CVar [[r.vt.FeedbackFactor:16]]
[2020.07.15-20.05.38:243][  0]LogConfig: Setting CVar [[r.VT.EnableCompressZlib:1]]
[2020.07.15-20.05.38:243][  0]LogConfig: Setting CVar [[r.VT.EnableCompressCrunch:0]]
[2020.07.15-20.05.38:243][  0]LogConfig: Setting CVar [[r.ClearCoatNormal:0]]
[2020.07.15-20.05.38:243][  0]LogConfig: Setting CVar [[r.ReflectionCaptureResolution:128]]
[2020.07.15-20.05.38:243][  0]LogConfig: Setting CVar [[r.ReflectionEnvironmentLightmapMixBasedOnRoughness:1]]
[2020.07.15-20.05.38:243][  0]LogConfig: Setting CVar [[r.ForwardShading:0]]
[2020.07.15-20.05.38:243][  0]LogConfig: Setting CVar [[r.VertexFoggingForOpaque:1]]
[2020.07.15-20.05.38:243][  0]LogConfig: Setting CVar [[r.AllowStaticLighting:1]]
[2020.07.15-20.05.38:243][  0]LogConfig: Setting CVar [[r.NormalMapsForStaticLighting:0]]
[2020.07.15-20.05.38:243][  0]LogConfig: Setting CVar [[r.GenerateMeshDistanceFields:0]]
[2020.07.15-20.05.38:243][  0]LogConfig: Setting CVar [[r.DistanceFieldBuild.EightBit:0]]
[2020.07.15-20.05.38:243][  0]LogConfig: Setting CVar [[r.GenerateLandscapeGIData:0]]
[2020.07.15-20.05.38:243][  0]LogConfig: Setting CVar [[r.DistanceFieldBuild.Compress:0]]
[2020.07.15-20.05.38:243][  0]LogConfig: Setting CVar [[r.TessellationAdaptivePixelsPerTriangle:48.000000]]
[2020.07.15-20.05.38:243][  0]LogConfig: Setting CVar [[r.SeparateTranslucency:0]]
[2020.07.15-20.05.38:243][  0]LogConfig: Setting CVar [[r.TranslucentSortPolicy:0]]
[2020.07.15-20.05.38:243][  0]LogConfig: Setting CVar [[r.CustomDepth:1]]
[2020.07.15-20.05.38:243][  0]LogConfig: Setting CVar [[r.CustomDepthTemporalAAJitter:1]]
[2020.07.15-20.05.38:243][  0]LogConfig: Setting CVar [[r.PostProcessing.PropagateAlpha:0]]
[2020.07.15-20.05.38:243][  0]LogConfig: Setting CVar [[r.DefaultFeature.Bloom:0]]
[2020.07.15-20.05.38:243][  0]LogConfig: Setting CVar [[r.DefaultFeature.AmbientOcclusion:0]]
[2020.07.15-20.05.38:243][  0]LogConfig: Setting CVar [[r.DefaultFeature.AmbientOcclusionStaticFraction:1]]
[2020.07.15-20.05.38:243][  0]LogConfig: Setting CVar [[r.DefaultFeature.AutoExposure:0]]
[2020.07.15-20.05.38:243][  0]LogConfig: Setting CVar [[r.DefaultFeature.AutoExposure.Method:0]]
[2020.07.15-20.05.38:243][  0]LogConfig: Setting CVar [[r.DefaultFeature.AutoExposure.ExtendDefaultLuminanceRange:0]]
[2020.07.15-20.05.38:243][  0]LogConfig: Setting CVar [[r.UsePreExposure:1]]
[2020.07.15-20.05.38:243][  0]LogConfig: Setting CVar [[r.EyeAdaptation.EditorOnly:1]]
[2020.07.15-20.05.38:243][  0]LogConfig: Setting CVar [[r.DefaultFeature.MotionBlur:0]]
[2020.07.15-20.05.38:243][  0]LogConfig: Setting CVar [[r.DefaultFeature.LensFlare:0]]
[2020.07.15-20.05.38:243][  0]LogConfig: Setting CVar [[r.TemporalAA.Upsampling:0]]
[2020.07.15-20.05.38:243][  0]LogConfig: Setting CVar [[r.SSGI.Enable:0]]
[2020.07.15-20.05.38:243][  0]LogConfig: Setting CVar [[r.DefaultFeature.AntiAliasing:0]]
[2020.07.15-20.05.38:243][  0]LogConfig: Setting CVar [[r.DefaultFeature.LightUnits:1]]
[2020.07.15-20.05.38:243][  0]LogConfig: Setting CVar [[r.DefaultBackBufferPixelFormat:4]]
[2020.07.15-20.05.38:243][  0]LogConfig: Setting CVar [[r.Shadow.UnbuiltPreviewInGame:1]]
[2020.07.15-20.05.38:243][  0]LogConfig: Setting CVar [[r.StencilForLODDither:0]]
[2020.07.15-20.05.38:243][  0]LogConfig: Setting CVar [[r.EarlyZPass:3]]
[2020.07.15-20.05.38:243][  0]LogConfig: Setting CVar [[r.EarlyZPassOnlyMaterialMasking:0]]
[2020.07.15-20.05.38:243][  0]LogConfig: Setting CVar [[r.DBuffer:1]]
[2020.07.15-20.05.38:243][  0]LogConfig: Setting CVar [[r.ClearSceneMethod:1]]
[2020.07.15-20.05.38:244][  0]LogConfig: Setting CVar [[r.BasePassOutputsVelocity:0]]
[2020.07.15-20.05.38:244][  0]LogConfig: Setting CVar [[r.SelectiveBasePassOutputs:0]]
[2020.07.15-20.05.38:244][  0]LogConfig: Setting CVar [[fx.GPUSimulationTextureSizeX:1024]]
[2020.07.15-20.05.38:244][  0]LogConfig: Setting CVar [[fx.GPUSimulationTextureSizeY:1024]]
[2020.07.15-20.05.38:244][  0]LogConfig: Setting CVar [[r.AllowGlobalClipPlane:0]]
[2020.07.15-20.05.38:244][  0]LogConfig: Setting CVar [[r.GBufferFormat:1]]
[2020.07.15-20.05.38:244][  0]LogConfig: Setting CVar [[r.MorphTarget.Mode:1]]
[2020.07.15-20.05.38:244][  0]LogConfig: Setting CVar [[vr.InstancedStereo:0]]
[2020.07.15-20.05.38:244][  0]LogConfig: Setting CVar [[vr.MobileMultiView:0]]
[2020.07.15-20.05.38:244][  0]LogConfig: Setting CVar [[vr.RoundRobinOcclusion:0]]
[2020.07.15-20.05.38:244][  0]LogConfig: Setting CVar [[vr.ODSCapture:0]]
[2020.07.15-20.05.38:244][  0]LogConfig: Setting CVar [[r.WireframeCullThreshold:5.000000]]
[2020.07.15-20.05.38:244][  0]LogConfig: Setting CVar [[r.RayTracing:0]]
[2020.07.15-20.05.38:244][  0]LogConfig: Setting CVar [[r.RayTracing.UseTextureLod:0]]
[2020.07.15-20.05.38:244][  0]LogConfig: Setting CVar [[r.SupportStationarySkylight:1]]
[2020.07.15-20.05.38:244][  0]LogConfig: Setting CVar [[r.SupportLowQualityLightmaps:1]]
[2020.07.15-20.05.38:244][  0]LogConfig: Setting CVar [[r.SupportPointLightWholeSceneShadows:1]]
[2020.07.15-20.05.38:244][  0]LogConfig: Setting CVar [[r.SupportAtmosphericFog:1]]
[2020.07.15-20.05.38:244][  0]LogConfig: Setting CVar [[r.SupportSkyAtmosphere:1]]
[2020.07.15-20.05.38:244][  0]LogConfig: Setting CVar [[r.SupportSkyAtmosphereAffectsHeightFog:0]]
[2020.07.15-20.05.38:244][  0]LogConfig: Setting CVar [[r.SkinCache.CompileShaders:0]]
[2020.07.15-20.05.38:244][  0]LogConfig: Setting CVar [[r.Mobile.EnableStaticAndCSMShadowReceivers:1]]
[2020.07.15-20.05.38:244][  0]LogConfig: Setting CVar [[r.Mobile.EnableMovableLightCSMShaderCulling:1]]
[2020.07.15-20.05.38:244][  0]LogConfig: Setting CVar [[r.Mobile.AllowDistanceFieldShadows:1]]
[2020.07.15-20.05.38:244][  0]LogConfig: Setting CVar [[r.Mobile.AllowMovableDirectionalLights:1]]
[2020.07.15-20.05.38:244][  0]LogConfig: Setting CVar [[r.MobileNumDynamicPointLights:4]]
[2020.07.15-20.05.38:244][  0]LogConfig: Setting CVar [[r.MobileDynamicPointLightsUseStaticBranch:1]]
[2020.07.15-20.05.38:244][  0]LogConfig: Setting CVar [[r.Mobile.EnableMovableSpotlights:0]]
[2020.07.15-20.05.38:244][  0]LogConfig: Setting CVar [[r.SkinCache.SceneMemoryLimitInMB:128.000000]]
[2020.07.15-20.05.38:244][  0]LogConfig: Setting CVar [[r.GPUSkin.Limit2BoneInfluences:0]]
[2020.07.15-20.05.38:244][  0]LogConfig: Setting CVar [[r.SupportDepthOnlyIndexBuffers:1]]
[2020.07.15-20.05.38:244][  0]LogConfig: Setting CVar [[r.SupportReversedIndexBuffers:1]]
[2020.07.15-20.05.38:244][  0]LogConfig: Setting CVar [[r.SupportMaterialLayers:0]]
[2020.07.15-20.05.38:244][  0]LogConfig: Setting CVar [[r.LightPropagationVolume:0]]
[2020.07.15-20.05.38:244][  0]LogConfig: Applying CVar settings from Section [/Script/Engine.RendererOverrideSettings] File [D:/Github Unknown World/UnknownWorld/Saved/Config/Windows/Engine.ini]
[2020.07.15-20.05.38:244][  0]LogConfig: Applying CVar settings from Section [/Script/Engine.StreamingSettings] File [D:/Github Unknown World/UnknownWorld/Saved/Config/Windows/Engine.ini]
[2020.07.15-20.05.38:244][  0]LogConfig: Setting CVar [[s.MinBulkDataSizeForAsyncLoading:131072]]
[2020.07.15-20.05.38:244][  0]LogConfig: Setting CVar [[s.AsyncLoadingThreadEnabled:0]]
[2020.07.15-20.05.38:244][  0]LogConfig: Setting CVar [[s.EventDrivenLoaderEnabled:1]]
[2020.07.15-20.05.38:244][  0]LogConfig: Setting CVar [[s.WarnIfTimeLimitExceeded:0]]
[2020.07.15-20.05.38:244][  0]LogConfig: Setting CVar [[s.TimeLimitExceededMultiplier:1.5]]
[2020.07.15-20.05.38:244][  0]LogConfig: Setting CVar [[s.TimeLimitExceededMinTime:0.005]]
[2020.07.15-20.05.38:244][  0]LogConfig: Setting CVar [[s.UseBackgroundLevelStreaming:1]]
[2020.07.15-20.05.38:244][  0]LogConfig: Setting CVar [[s.PriorityAsyncLoadingExtraTime:15.0]]
[2020.07.15-20.05.38:244][  0]LogConfig: Setting CVar [[s.LevelStreamingActorsUpdateTimeLimit:5.0]]
[2020.07.15-20.05.38:244][  0]LogConfig: Setting CVar [[s.PriorityLevelStreamingActorsUpdateExtraTime:5.0]]
[2020.07.15-20.05.38:244][  0]LogConfig: Setting CVar [[s.LevelStreamingComponentsRegistrationGranularity:10]]
[2020.07.15-20.05.38:244][  0]LogConfig: Setting CVar [[s.UnregisterComponentsTimeLimit:1.0]]
[2020.07.15-20.05.38:244][  0]LogConfig: Setting CVar [[s.LevelStreamingComponentsUnregistrationGranularity:5]]
[2020.07.15-20.05.38:244][  0]LogConfig: Setting CVar [[s.FlushStreamingOnExit:1]]
[2020.07.15-20.05.38:244][  0]LogConfig: Applying CVar settings from Section [/Script/Engine.GarbageCollectionSettings] File [D:/Github Unknown World/UnknownWorld/Saved/Config/Windows/Engine.ini]
[2020.07.15-20.05.38:244][  0]LogConfig: Setting CVar [[gc.MaxObjectsNotConsideredByGC:1]]
[2020.07.15-20.05.38:244][  0]LogConfig: Setting CVar [[gc.SizeOfPermanentObjectPool:0]]
[2020.07.15-20.05.38:244][  0]LogConfig: Setting CVar [[gc.FlushStreamingOnGC:0]]
[2020.07.15-20.05.38:244][  0]LogConfig: Setting CVar [[gc.NumRetriesBeforeForcingGC:10]]
[2020.07.15-20.05.38:244][  0]LogConfig: Setting CVar [[gc.AllowParallelGC:1]]
[2020.07.15-20.05.38:244][  0]LogConfig: Setting CVar [[gc.TimeBetweenPurgingPendingKillObjects:61.1]]
[2020.07.15-20.05.38:244][  0]LogConfig: Setting CVar [[gc.MaxObjectsInEditor:25165824]]
[2020.07.15-20.05.38:245][  0]LogConfig: Setting CVar [[gc.IncrementalBeginDestroyEnabled:1]]
[2020.07.15-20.05.38:245][  0]LogConfig: Setting CVar [[gc.CreateGCClusters:1]]
[2020.07.15-20.05.38:245][  0]LogConfig: Setting CVar [[gc.MinGCClusterSize:5]]
[2020.07.15-20.05.38:245][  0]LogConfig: Setting CVar [[gc.ActorClusteringEnabled:0]]
[2020.07.15-20.05.38:245][  0]LogConfig: Setting CVar [[gc.BlueprintClusteringEnabled:0]]
[2020.07.15-20.05.38:245][  0]LogConfig: Setting CVar [[gc.UseDisregardForGCOnDedicatedServers:0]]
[2020.07.15-20.05.38:245][  0]LogConfig: Applying CVar settings from Section [/Script/Engine.NetworkSettings] File [D:/Github Unknown World/UnknownWorld/Saved/Config/Windows/Engine.ini]
[2020.07.15-20.05.38:245][  0]LogConfig: Applying CVar settings from Section [/Script/UnrealEd.CookerSettings] File [D:/Github Unknown World/UnknownWorld/Saved/Config/Windows/Engine.ini]
[2020.07.15-20.05.38:254][  0]LogConfig: Applying CVar settings from Section [ViewDistanceQuality@3] File [D:/Github Unknown World/UnknownWorld/Saved/Config/Windows/Scalability.ini]
[2020.07.15-20.05.38:254][  0]LogConfig: Setting CVar [[r.SkeletalMeshLODBias:0]]
[2020.07.15-20.05.38:254][  0]LogConfig: Setting CVar [[r.ViewDistanceScale:1.0]]
[2020.07.15-20.05.38:254][  0]LogConfig: Applying CVar settings from Section [AntiAliasingQuality@3] File [D:/Github Unknown World/UnknownWorld/Saved/Config/Windows/Scalability.ini]
[2020.07.15-20.05.38:254][  0]LogConfig: Setting CVar [[r.PostProcessAAQuality:4]]
[2020.07.15-20.05.38:254][  0]LogConfig: Applying CVar settings from Section [ShadowQuality@3] File [D:/Github Unknown World/UnknownWorld/Saved/Config/Windows/Scalability.ini]
[2020.07.15-20.05.38:254][  0]LogConfig: Setting CVar [[r.LightFunctionQuality:1]]
[2020.07.15-20.05.38:254][  0]LogConfig: Setting CVar [[r.ShadowQuality:5]]
[2020.07.15-20.05.38:254][  0]LogConfig: Setting CVar [[r.Shadow.CSM.MaxCascades:10]]
[2020.07.15-20.05.38:254][  0]LogConfig: Setting CVar [[r.Shadow.MaxResolution:2048]]
[2020.07.15-20.05.38:254][  0]LogConfig: Setting CVar [[r.Shadow.MaxCSMResolution:2048]]
[2020.07.15-20.05.38:254][  0]LogConfig: Setting CVar [[r.Shadow.RadiusThreshold:0.01]]
[2020.07.15-20.05.38:254][  0]LogConfig: Setting CVar [[r.Shadow.DistanceScale:1.0]]
[2020.07.15-20.05.38:254][  0]LogConfig: Setting CVar [[r.Shadow.CSM.TransitionScale:1.0]]
[2020.07.15-20.05.38:254][  0]LogConfig: Setting CVar [[r.Shadow.PreShadowResolutionFactor:1.0]]
[2020.07.15-20.05.38:254][  0]LogConfig: Setting CVar [[r.DistanceFieldShadowing:1]]
[2020.07.15-20.05.38:254][  0]LogConfig: Setting CVar [[r.DistanceFieldAO:1]]
[2020.07.15-20.05.38:254][  0]LogConfig: Setting CVar [[r.AOQuality:2]]
[2020.07.15-20.05.38:254][  0]LogConfig: Setting CVar [[r.VolumetricFog:1]]
[2020.07.15-20.05.38:254][  0]LogConfig: Setting CVar [[r.VolumetricFog.GridPixelSize:8]]
[2020.07.15-20.05.38:254][  0]LogConfig: Setting CVar [[r.VolumetricFog.GridSizeZ:128]]
[2020.07.15-20.05.38:254][  0]LogConfig: Setting CVar [[r.VolumetricFog.HistoryMissSupersampleCount:4]]
[2020.07.15-20.05.38:254][  0]LogConfig: Setting CVar [[r.LightMaxDrawDistanceScale:1]]
[2020.07.15-20.05.38:255][  0]LogConfig: Setting CVar [[r.CapsuleShadows:1]]
[2020.07.15-20.05.38:255][  0]LogConfig: Applying CVar settings from Section [PostProcessQuality@3] File [D:/Github Unknown World/UnknownWorld/Saved/Config/Windows/Scalability.ini]
[2020.07.15-20.05.38:255][  0]LogConfig: Setting CVar [[r.MotionBlurQuality:4]]
[2020.07.15-20.05.38:255][  0]LogConfig: Setting CVar [[r.AmbientOcclusionMipLevelFactor:0.4]]
[2020.07.15-20.05.38:255][  0]LogConfig: Setting CVar [[r.AmbientOcclusionMaxQuality:100]]
[2020.07.15-20.05.38:255][  0]LogConfig: Setting CVar [[r.AmbientOcclusionLevels:-1]]
[2020.07.15-20.05.38:255][  0]LogConfig: Setting CVar [[r.AmbientOcclusionRadiusScale:1.0]]
[2020.07.15-20.05.38:255][  0]LogConfig: Setting CVar [[r.DepthOfFieldQuality:2]]
[2020.07.15-20.05.38:255][  0]LogConfig: Setting CVar [[r.RenderTargetPoolMin:400]]
[2020.07.15-20.05.38:255][  0]LogConfig: Setting CVar [[r.LensFlareQuality:2]]
[2020.07.15-20.05.38:255][  0]LogConfig: Setting CVar [[r.SceneColorFringeQuality:1]]
[2020.07.15-20.05.38:255][  0]LogConfig: Setting CVar [[r.EyeAdaptationQuality:2]]
[2020.07.15-20.05.38:255][  0]LogConfig: Setting CVar [[r.BloomQuality:5]]
[2020.07.15-20.05.38:255][  0]LogConfig: Setting CVar [[r.FastBlurThreshold:100]]
[2020.07.15-20.05.38:255][  0]LogConfig: Setting CVar [[r.Upscale.Quality:3]]
[2020.07.15-20.05.38:255][  0]LogConfig: Setting CVar [[r.Tonemapper.GrainQuantization:1]]
[2020.07.15-20.05.38:255][  0]LogConfig: Setting CVar [[r.LightShaftQuality:1]]
[2020.07.15-20.05.38:255][  0]LogConfig: Setting CVar [[r.Filter.SizeScale:1]]
[2020.07.15-20.05.38:255][  0]LogConfig: Setting CVar [[r.Tonemapper.Quality:5]]
[2020.07.15-20.05.38:255][  0]LogConfig: Setting CVar [[r.DOF.Gather.AccumulatorQuality:1        ; higher gathering accumulator quality]]
[2020.07.15-20.05.38:255][  0]LogConfig: Setting CVar [[r.DOF.Gather.PostfilterMethod:1          ; Median3x3 postfilering method]]
[2020.07.15-20.05.38:255][  0]LogConfig: Setting CVar [[r.DOF.Gather.EnableBokehSettings:0       ; no bokeh simulation when gathering]]
[2020.07.15-20.05.38:255][  0]LogConfig: Setting CVar [[r.DOF.Gather.RingCount:4                 ; medium number of samples when gathering]]
[2020.07.15-20.05.38:255][  0]LogConfig: Setting CVar [[r.DOF.Scatter.ForegroundCompositing:1    ; additive foreground scattering]]
[2020.07.15-20.05.38:255][  0]LogConfig: Setting CVar [[r.DOF.Scatter.BackgroundCompositing:2    ; additive background scattering]]
[2020.07.15-20.05.38:255][  0]LogConfig: Setting CVar [[r.DOF.Scatter.EnableBokehSettings:1      ; bokeh simulation when scattering]]
[2020.07.15-20.05.38:255][  0]LogConfig: Setting CVar [[r.DOF.Scatter.MaxSpriteRatio:0.1         ; only a maximum of 10% of scattered bokeh]]
[2020.07.15-20.05.38:255][  0]LogConfig: Setting CVar [[r.DOF.Recombine.Quality:1                ; cheap slight out of focus]]
[2020.07.15-20.05.38:255][  0]LogConfig: Setting CVar [[r.DOF.Recombine.EnableBokehSettings:0    ; no bokeh simulation on slight out of focus]]
[2020.07.15-20.05.38:255][  0]LogConfig: Setting CVar [[r.DOF.TemporalAAQuality:1                ; more stable temporal accumulation]]
[2020.07.15-20.05.38:255][  0]LogConfig: Setting CVar [[r.DOF.Kernel.MaxForegroundRadius:0.025]]
[2020.07.15-20.05.38:255][  0]LogConfig: Setting CVar [[r.DOF.Kernel.MaxBackgroundRadius:0.025]]
[2020.07.15-20.05.38:255][  0]LogConfig: Applying CVar settings from Section [TextureQuality@3] File [D:/Github Unknown World/UnknownWorld/Saved/Config/Windows/Scalability.ini]
[2020.07.15-20.05.38:255][  0]LogConfig: Setting CVar [[r.Streaming.MipBias:0]]
[2020.07.15-20.05.38:255][  0]LogConfig: Setting CVar [[r.Streaming.AmortizeCPUToGPUCopy:0]]
[2020.07.15-20.05.38:255][  0]LogConfig: Setting CVar [[r.Streaming.MaxNumTexturesToStreamPerFrame:0]]
[2020.07.15-20.05.38:255][  0]LogConfig: Setting CVar [[r.Streaming.Boost:1]]
[2020.07.15-20.05.38:255][  0]LogConfig: Setting CVar [[r.MaxAnisotropy:8]]
[2020.07.15-20.05.38:255][  0]LogConfig: Setting CVar [[r.VT.MaxAnisotropy:8]]
[2020.07.15-20.05.38:255][  0]LogConfig: Setting CVar [[r.Streaming.LimitPoolSizeToVRAM:0]]
[2020.07.15-20.05.38:255][  0]LogConfig: Setting CVar [[r.Streaming.PoolSize:1000]]
[2020.07.15-20.05.38:255][  0]LogConfig: Setting CVar [[r.Streaming.MaxEffectiveScreenSize:0]]
[2020.07.15-20.05.38:255][  0]LogConfig: Applying CVar settings from Section [EffectsQuality@3] File [D:/Github Unknown World/UnknownWorld/Saved/Config/Windows/Scalability.ini]
[2020.07.15-20.05.38:255][  0]LogConfig: Setting CVar [[r.TranslucencyLightingVolumeDim:64]]
[2020.07.15-20.05.38:255][  0]LogConfig: Setting CVar [[r.RefractionQuality:2]]
[2020.07.15-20.05.38:255][  0]LogConfig: Setting CVar [[r.SSR.Quality:3]]
[2020.07.15-20.05.38:255][  0]LogConfig: Setting CVar [[r.SSR.HalfResSceneColor:0]]
[2020.07.15-20.05.38:255][  0]LogConfig: Setting CVar [[r.SceneColorFormat:4]]
[2020.07.15-20.05.38:255][  0]LogConfig: Setting CVar [[r.DetailMode:2]]
[2020.07.15-20.05.38:255][  0]LogConfig: Setting CVar [[r.TranslucencyVolumeBlur:1]]
[2020.07.15-20.05.38:255][  0]LogConfig: Setting CVar [[r.MaterialQualityLevel:1 ; High quality]]
[2020.07.15-20.05.38:255][  0]LogConfig: Setting CVar [[r.SSS.Scale:1]]
[2020.07.15-20.05.38:255][  0]LogConfig: Setting CVar [[r.SSS.SampleSet:2]]
[2020.07.15-20.05.38:255][  0]LogConfig: Setting CVar [[r.SSS.Quality:1]]
[2020.07.15-20.05.38:255][  0]LogConfig: Setting CVar [[r.SSS.HalfRes:0]]
[2020.07.15-20.05.38:255][  0]LogConfig: Setting CVar [[r.SSGI.Quality:3]]
[2020.07.15-20.05.38:255][  0]LogConfig: Setting CVar [[r.EmitterSpawnRateScale:1.0]]
[2020.07.15-20.05.38:255][  0]LogConfig: Setting CVar [[r.ParticleLightQuality:2]]
[2020.07.15-20.05.38:256][  0]LogConfig: Setting CVar [[r.SkyAtmosphere.AerialPerspectiveLUT.FastApplyOnOpaque:1 ; Always have FastSkyLUT 1 in this case to avoid wrong sky]]
[2020.07.15-20.05.38:256][  0]LogConfig: Setting CVar [[r.SkyAtmosphere.AerialPerspectiveLUT.SampleCountPerSlice:1]]
[2020.07.15-20.05.38:256][  0]LogConfig: Setting CVar [[r.SkyAtmosphere.AerialPerspectiveLUT.DepthResolution:16.0]]
[2020.07.15-20.05.38:256][  0]LogConfig: Setting CVar [[r.SkyAtmosphere.FastSkyLUT:1]]
[2020.07.15-20.05.38:256][  0]LogConfig: Setting CVar [[r.SkyAtmosphere.FastSkyLUT.SampleCountMin:4.0]]
[2020.07.15-20.05.38:256][  0]LogConfig: Setting CVar [[r.SkyAtmosphere.FastSkyLUT.SampleCountMax:32.0]]
[2020.07.15-20.05.38:256][  0]LogConfig: Setting CVar [[r.SkyAtmosphere.SampleCountMin:4.0]]
[2020.07.15-20.05.38:256][  0]LogConfig: Setting CVar [[r.SkyAtmosphere.SampleCountMax:32.0]]
[2020.07.15-20.05.38:256][  0]LogConfig: Setting CVar [[r.SkyAtmosphere.TransmittanceLUT.UseSmallFormat:0]]
[2020.07.15-20.05.38:256][  0]LogConfig: Setting CVar [[r.SkyAtmosphere.TransmittanceLUT.SampleCount:10.0]]
[2020.07.15-20.05.38:256][  0]LogConfig: Setting CVar [[r.SkyAtmosphere.MultiScatteringLUT.SampleCount:15.0]]
[2020.07.15-20.05.38:256][  0]LogConfig: Applying CVar settings from Section [FoliageQuality@3] File [D:/Github Unknown World/UnknownWorld/Saved/Config/Windows/Scalability.ini]
[2020.07.15-20.05.38:256][  0]LogConfig: Setting CVar [[foliage.DensityScale:1.0]]
[2020.07.15-20.05.38:256][  0]LogConfig: Setting CVar [[grass.DensityScale:1.0]]
[2020.07.15-20.05.38:256][  0]LogConfig: Applying CVar settings from Section [ShadingQuality@3] File [D:/Github Unknown World/UnknownWorld/Saved/Config/Windows/Scalability.ini]
[2020.07.15-20.05.38:256][  0]LogConfig: Setting CVar [[r.HairStrands.SkyLighting.SampleCount:16]]
[2020.07.15-20.05.38:256][  0]LogConfig: Setting CVar [[r.HairStrands.SkyLighting.JitterIntegration:0]]
[2020.07.15-20.05.38:256][  0]LogConfig: Setting CVar [[r.HairStrands.SkyAO.SampleCount:16]]
[2020.07.15-20.05.38:256][  0]LogConfig: Setting CVar [[r.HairStrands.DeepShadow.SuperSampling:0]]
[2020.07.15-20.05.38:256][  0]LogConfig: Setting CVar [[r.HairStrands.VisibilityPPLL:0]]
[2020.07.15-20.05.38:256][  0]LogConfig: Setting CVar [[r.HairStrands.RasterizationScale:0.5]]
[2020.07.15-20.05.38:256][  0]LogConfig: Setting CVar [[r.HairStrands.VelocityRasterizationScale:1]]
[2020.07.15-20.05.38:256][  0]LogInit: Selected Device Profile: [Windows]
[2020.07.15-20.05.38:256][  0]LogInit: Applying CVar settings loaded from the selected device profile: [Windows]
[2020.07.15-20.05.38:256][  0]LogHAL: Display: Platform has ~ 16 GB [17132126208 / 17179869184 / 16], which maps to Larger [LargestMinGB=32, LargerMinGB=12, DefaultMinGB=8, SmallerMinGB=6, SmallestMinGB=0)
[2020.07.15-20.05.38:256][  0]LogInit: Going up to parent DeviceProfile []
[2020.07.15-20.05.38:256][  0]LogConfig: Applying CVar settings from Section [ViewDistanceQuality@3] File [D:/Github Unknown World/UnknownWorld/Saved/Config/Windows/Scalability.ini]
[2020.07.15-20.05.38:256][  0]LogConfig: Setting CVar [[r.SkeletalMeshLODBias:0]]
[2020.07.15-20.05.38:256][  0]LogConfig: Setting CVar [[r.ViewDistanceScale:1.0]]
[2020.07.15-20.05.38:256][  0]LogConfig: Applying CVar settings from Section [AntiAliasingQuality@3] File [D:/Github Unknown World/UnknownWorld/Saved/Config/Windows/Scalability.ini]
[2020.07.15-20.05.38:256][  0]LogConfig: Setting CVar [[r.PostProcessAAQuality:4]]
[2020.07.15-20.05.38:256][  0]LogConfig: Applying CVar settings from Section [ShadowQuality@3] File [D:/Github Unknown World/UnknownWorld/Saved/Config/Windows/Scalability.ini]
[2020.07.15-20.05.38:256][  0]LogConfig: Setting CVar [[r.LightFunctionQuality:1]]
[2020.07.15-20.05.38:256][  0]LogConfig: Setting CVar [[r.ShadowQuality:5]]
[2020.07.15-20.05.38:256][  0]LogConfig: Setting CVar [[r.Shadow.CSM.MaxCascades:10]]
[2020.07.15-20.05.38:256][  0]LogConfig: Setting CVar [[r.Shadow.MaxResolution:2048]]
[2020.07.15-20.05.38:256][  0]LogConfig: Setting CVar [[r.Shadow.MaxCSMResolution:2048]]
[2020.07.15-20.05.38:256][  0]LogConfig: Setting CVar [[r.Shadow.RadiusThreshold:0.01]]
[2020.07.15-20.05.38:256][  0]LogConfig: Setting CVar [[r.Shadow.DistanceScale:1.0]]
[2020.07.15-20.05.38:256][  0]LogConfig: Setting CVar [[r.Shadow.CSM.TransitionScale:1.0]]
[2020.07.15-20.05.38:256][  0]LogConfig: Setting CVar [[r.Shadow.PreShadowResolutionFactor:1.0]]
[2020.07.15-20.05.38:256][  0]LogConfig: Setting CVar [[r.DistanceFieldShadowing:1]]
[2020.07.15-20.05.38:256][  0]LogConfig: Setting CVar [[r.DistanceFieldAO:1]]
[2020.07.15-20.05.38:256][  0]LogConfig: Setting CVar [[r.AOQuality:2]]
[2020.07.15-20.05.38:256][  0]LogConfig: Setting CVar [[r.VolumetricFog:1]]
[2020.07.15-20.05.38:256][  0]LogConfig: Setting CVar [[r.VolumetricFog.GridPixelSize:8]]
[2020.07.15-20.05.38:256][  0]LogConfig: Setting CVar [[r.VolumetricFog.GridSizeZ:128]]
[2020.07.15-20.05.38:256][  0]LogConfig: Setting CVar [[r.VolumetricFog.HistoryMissSupersampleCount:4]]
[2020.07.15-20.05.38:256][  0]LogConfig: Setting CVar [[r.LightMaxDrawDistanceScale:1]]
[2020.07.15-20.05.38:256][  0]LogConfig: Setting CVar [[r.CapsuleShadows:1]]
[2020.07.15-20.05.38:257][  0]LogConfig: Applying CVar settings from Section [PostProcessQuality@3] File [D:/Github Unknown World/UnknownWorld/Saved/Config/Windows/Scalability.ini]
[2020.07.15-20.05.38:257][  0]LogConfig: Setting CVar [[r.MotionBlurQuality:4]]
[2020.07.15-20.05.38:257][  0]LogConfig: Setting CVar [[r.AmbientOcclusionMipLevelFactor:0.4]]
[2020.07.15-20.05.38:257][  0]LogConfig: Setting CVar [[r.AmbientOcclusionMaxQuality:100]]
[2020.07.15-20.05.38:257][  0]LogConfig: Setting CVar [[r.AmbientOcclusionLevels:-1]]
[2020.07.15-20.05.38:257][  0]LogConfig: Setting CVar [[r.AmbientOcclusionRadiusScale:1.0]]
[2020.07.15-20.05.38:257][  0]LogConfig: Setting CVar [[r.DepthOfFieldQuality:2]]
[2020.07.15-20.05.38:257][  0]LogConfig: Setting CVar [[r.RenderTargetPoolMin:400]]
[2020.07.15-20.05.38:257][  0]LogConfig: Setting CVar [[r.LensFlareQuality:2]]
[2020.07.15-20.05.38:257][  0]LogConfig: Setting CVar [[r.SceneColorFringeQuality:1]]
[2020.07.15-20.05.38:257][  0]LogConfig: Setting CVar [[r.EyeAdaptationQuality:2]]
[2020.07.15-20.05.38:257][  0]LogConfig: Setting CVar [[r.BloomQuality:5]]
[2020.07.15-20.05.38:257][  0]LogConfig: Setting CVar [[r.FastBlurThreshold:100]]
[2020.07.15-20.05.38:257][  0]LogConfig: Setting CVar [[r.Upscale.Quality:3]]
[2020.07.15-20.05.38:257][  0]LogConfig: Setting CVar [[r.Tonemapper.GrainQuantization:1]]
[2020.07.15-20.05.38:257][  0]LogConfig: Setting CVar [[r.LightShaftQuality:1]]
[2020.07.15-20.05.38:257][  0]LogConfig: Setting CVar [[r.Filter.SizeScale:1]]
[2020.07.15-20.05.38:257][  0]LogConfig: Setting CVar [[r.Tonemapper.Quality:5]]
[2020.07.15-20.05.38:257][  0]LogConfig: Setting CVar [[r.DOF.Gather.AccumulatorQuality:1        ; higher gathering accumulator quality]]
[2020.07.15-20.05.38:257][  0]LogConfig: Setting CVar [[r.DOF.Gather.PostfilterMethod:1          ; Median3x3 postfilering method]]
[2020.07.15-20.05.38:257][  0]LogConfig: Setting CVar [[r.DOF.Gather.EnableBokehSettings:0       ; no bokeh simulation when gathering]]
[2020.07.15-20.05.38:257][  0]LogConfig: Setting CVar [[r.DOF.Gather.RingCount:4                 ; medium number of samples when gathering]]
[2020.07.15-20.05.38:257][  0]LogConfig: Setting CVar [[r.DOF.Scatter.ForegroundCompositing:1    ; additive foreground scattering]]
[2020.07.15-20.05.38:257][  0]LogConfig: Setting CVar [[r.DOF.Scatter.BackgroundCompositing:2    ; additive background scattering]]
[2020.07.15-20.05.38:257][  0]LogConfig: Setting CVar [[r.DOF.Scatter.EnableBokehSettings:1      ; bokeh simulation when scattering]]
[2020.07.15-20.05.38:257][  0]LogConfig: Setting CVar [[r.DOF.Scatter.MaxSpriteRatio:0.1         ; only a maximum of 10% of scattered bokeh]]
[2020.07.15-20.05.38:257][  0]LogConfig: Setting CVar [[r.DOF.Recombine.Quality:1                ; cheap slight out of focus]]
[2020.07.15-20.05.38:257][  0]LogConfig: Setting CVar [[r.DOF.Recombine.EnableBokehSettings:0    ; no bokeh simulation on slight out of focus]]
[2020.07.15-20.05.38:257][  0]LogConfig: Setting CVar [[r.DOF.TemporalAAQuality:1                ; more stable temporal accumulation]]
[2020.07.15-20.05.38:257][  0]LogConfig: Setting CVar [[r.DOF.Kernel.MaxForegroundRadius:0.025]]
[2020.07.15-20.05.38:257][  0]LogConfig: Setting CVar [[r.DOF.Kernel.MaxBackgroundRadius:0.025]]
[2020.07.15-20.05.38:257][  0]LogConfig: Applying CVar settings from Section [TextureQuality@3] File [D:/Github Unknown World/UnknownWorld/Saved/Config/Windows/Scalability.ini]
[2020.07.15-20.05.38:257][  0]LogConfig: Setting CVar [[r.Streaming.MipBias:0]]
[2020.07.15-20.05.38:257][  0]LogConfig: Setting CVar [[r.Streaming.AmortizeCPUToGPUCopy:0]]
[2020.07.15-20.05.38:257][  0]LogConfig: Setting CVar [[r.Streaming.MaxNumTexturesToStreamPerFrame:0]]
[2020.07.15-20.05.38:257][  0]LogConfig: Setting CVar [[r.Streaming.Boost:1]]
[2020.07.15-20.05.38:257][  0]LogConfig: Setting CVar [[r.MaxAnisotropy:8]]
[2020.07.15-20.05.38:257][  0]LogConfig: Setting CVar [[r.VT.MaxAnisotropy:8]]
[2020.07.15-20.05.38:257][  0]LogConfig: Setting CVar [[r.Streaming.LimitPoolSizeToVRAM:0]]
[2020.07.15-20.05.38:257][  0]LogConfig: Setting CVar [[r.Streaming.PoolSize:1000]]
[2020.07.15-20.05.38:257][  0]LogConfig: Setting CVar [[r.Streaming.MaxEffectiveScreenSize:0]]
[2020.07.15-20.05.38:257][  0]LogConfig: Applying CVar settings from Section [EffectsQuality@3] File [D:/Github Unknown World/UnknownWorld/Saved/Config/Windows/Scalability.ini]
[2020.07.15-20.05.38:257][  0]LogConfig: Setting CVar [[r.TranslucencyLightingVolumeDim:64]]
[2020.07.15-20.05.38:257][  0]LogConfig: Setting CVar [[r.RefractionQuality:2]]
[2020.07.15-20.05.38:257][  0]LogConfig: Setting CVar [[r.SSR.Quality:3]]
[2020.07.15-20.05.38:257][  0]LogConfig: Setting CVar [[r.SSR.HalfResSceneColor:0]]
[2020.07.15-20.05.38:257][  0]LogConfig: Setting CVar [[r.SceneColorFormat:4]]
[2020.07.15-20.05.38:257][  0]LogConfig: Setting CVar [[r.DetailMode:2]]
[2020.07.15-20.05.38:257][  0]LogConfig: Setting CVar [[r.TranslucencyVolumeBlur:1]]
[2020.07.15-20.05.38:257][  0]LogConfig: Setting CVar [[r.MaterialQualityLevel:1 ; High quality]]
[2020.07.15-20.05.38:257][  0]LogConfig: Setting CVar [[r.SSS.Scale:1]]
[2020.07.15-20.05.38:257][  0]LogConfig: Setting CVar [[r.SSS.SampleSet:2]]
[2020.07.15-20.05.38:257][  0]LogConfig: Setting CVar [[r.SSS.Quality:1]]
[2020.07.15-20.05.38:257][  0]LogConfig: Setting CVar [[r.SSS.HalfRes:0]]
[2020.07.15-20.05.38:257][  0]LogConfig: Setting CVar [[r.SSGI.Quality:3]]
[2020.07.15-20.05.38:257][  0]LogConfig: Setting CVar [[r.EmitterSpawnRateScale:1.0]]
[2020.07.15-20.05.38:257][  0]LogConfig: Setting CVar [[r.ParticleLightQuality:2]]
[2020.07.15-20.05.38:258][  0]LogConfig: Setting CVar [[r.SkyAtmosphere.AerialPerspectiveLUT.FastApplyOnOpaque:1 ; Always have FastSkyLUT 1 in this case to avoid wrong sky]]
[2020.07.15-20.05.38:258][  0]LogConfig: Setting CVar [[r.SkyAtmosphere.AerialPerspectiveLUT.SampleCountPerSlice:1]]
[2020.07.15-20.05.38:258][  0]LogConfig: Setting CVar [[r.SkyAtmosphere.AerialPerspectiveLUT.DepthResolution:16.0]]
[2020.07.15-20.05.38:258][  0]LogConfig: Setting CVar [[r.SkyAtmosphere.FastSkyLUT:1]]
[2020.07.15-20.05.38:258][  0]LogConfig: Setting CVar [[r.SkyAtmosphere.FastSkyLUT.SampleCountMin:4.0]]
[2020.07.15-20.05.38:258][  0]LogConfig: Setting CVar [[r.SkyAtmosphere.FastSkyLUT.SampleCountMax:32.0]]
[2020.07.15-20.05.38:258][  0]LogConfig: Setting CVar [[r.SkyAtmosphere.SampleCountMin:4.0]]
[2020.07.15-20.05.38:258][  0]LogConfig: Setting CVar [[r.SkyAtmosphere.SampleCountMax:32.0]]
[2020.07.15-20.05.38:258][  0]LogConfig: Setting CVar [[r.SkyAtmosphere.TransmittanceLUT.UseSmallFormat:0]]
[2020.07.15-20.05.38:258][  0]LogConfig: Setting CVar [[r.SkyAtmosphere.TransmittanceLUT.SampleCount:10.0]]
[2020.07.15-20.05.38:258][  0]LogConfig: Setting CVar [[r.SkyAtmosphere.MultiScatteringLUT.SampleCount:15.0]]
[2020.07.15-20.05.38:258][  0]LogConfig: Applying CVar settings from Section [FoliageQuality@3] File [D:/Github Unknown World/UnknownWorld/Saved/Config/Windows/Scalability.ini]
[2020.07.15-20.05.38:258][  0]LogConfig: Setting CVar [[foliage.DensityScale:1.0]]
[2020.07.15-20.05.38:258][  0]LogConfig: Setting CVar [[grass.DensityScale:1.0]]
[2020.07.15-20.05.38:258][  0]LogConfig: Applying CVar settings from Section [ShadingQuality@3] File [D:/Github Unknown World/UnknownWorld/Saved/Config/Windows/Scalability.ini]
[2020.07.15-20.05.38:258][  0]LogConfig: Setting CVar [[r.HairStrands.SkyLighting.SampleCount:16]]
[2020.07.15-20.05.38:258][  0]LogConfig: Setting CVar [[r.HairStrands.SkyLighting.JitterIntegration:0]]
[2020.07.15-20.05.38:258][  0]LogConfig: Setting CVar [[r.HairStrands.SkyAO.SampleCount:16]]
[2020.07.15-20.05.38:258][  0]LogConfig: Setting CVar [[r.HairStrands.DeepShadow.SuperSampling:0]]
[2020.07.15-20.05.38:258][  0]LogConfig: Setting CVar [[r.HairStrands.VisibilityPPLL:0]]
[2020.07.15-20.05.38:258][  0]LogConfig: Setting CVar [[r.HairStrands.RasterizationScale:0.5]]
[2020.07.15-20.05.38:258][  0]LogConfig: Setting CVar [[r.HairStrands.VelocityRasterizationScale:1]]
[2020.07.15-20.05.38:258][  0]LogConfig: Applying CVar settings from Section [Startup] File [../../../Engine/Config/ConsoleVariables.ini]
[2020.07.15-20.05.38:258][  0]LogConfig: Setting CVar [[net.UseAdaptiveNetUpdateFrequency:0]]
[2020.07.15-20.05.38:258][  0]LogConfig: Setting CVar [[p.chaos.AllowCreatePhysxBodies:1]]
[2020.07.15-20.05.38:258][  0]LogConfig: Setting CVar [[fx.SkipVectorVMBackendOptimizations:1]]
[2020.07.15-20.05.38:258][  0]LogConfig: Applying CVar settings from Section [ConsoleVariables] File [D:/Github Unknown World/UnknownWorld/Saved/Config/Windows/Engine.ini]
[2020.07.15-20.05.38:258][  0]LogInit: Computer: DESKTOP-8GP6TPP
[2020.07.15-20.05.38:258][  0]LogInit: User: yolu
[2020.07.15-20.05.38:258][  0]LogInit: CPU Page size=4096, Cores=4
[2020.07.15-20.05.38:258][  0]LogInit: High frequency timer resolution =10.000000 MHz
[2020.07.15-20.05.38:259][  0]LogMemory: Memory total: Physical=16.0GB (16GB approx)
[2020.07.15-20.05.38:259][  0]LogMemory: Platform Memory Stats for Windows
[2020.07.15-20.05.38:259][  0]LogMemory: Process Physical Memory: 115.00 MB used, 115.00 MB peak
[2020.07.15-20.05.38:259][  0]LogMemory: Process Virtual Memory: 97.67 MB used, 97.67 MB peak
[2020.07.15-20.05.38:259][  0]LogMemory: Physical Memory: 6448.38 MB used,  9890.09 MB free, 16338.47 MB total
[2020.07.15-20.05.38:259][  0]LogMemory: Virtual Memory: 5129.85 MB used,  134212600.00 MB free, 134217728.00 MB total
[2020.07.15-20.05.38:266][  0]LogWindows: WindowsPlatformFeatures enabled
[2020.07.15-20.05.38:303][  0]LogInit: Physics initialised using underlying interface: PhysX
[2020.07.15-20.05.38:304][  0]LogInit: Using OS detected language (es-MX).
[2020.07.15-20.05.38:304][  0]LogInit: Using OS detected locale (es-CL).
[2020.07.15-20.05.38:306][  0]LogTextLocalizationResource: LocRes '../../../Engine/Content/Localization/Editor/es-MX/Editor.locres' could not be opened for reading!
[2020.07.15-20.05.38:306][  0]LogTextLocalizationResource: LocRes '../../../Engine/Content/Localization/EditorTutorials/es-MX/EditorTutorials.locres' could not be opened for reading!
[2020.07.15-20.05.38:306][  0]LogTextLocalizationResource: LocRes '../../../Engine/Content/Localization/Keywords/es-MX/Keywords.locres' could not be opened for reading!
[2020.07.15-20.05.38:306][  0]LogTextLocalizationResource: LocRes '../../../Engine/Content/Localization/Category/es-MX/Category.locres' could not be opened for reading!
[2020.07.15-20.05.38:306][  0]LogTextLocalizationResource: LocRes '../../../Engine/Content/Localization/ToolTips/es-MX/ToolTips.locres' could not be opened for reading!
[2020.07.15-20.05.38:306][  0]LogTextLocalizationResource: LocRes '../../../Engine/Content/Localization/PropertyNames/es-MX/PropertyNames.locres' could not be opened for reading!
[2020.07.15-20.05.38:306][  0]LogTextLocalizationResource: LocRes '../../../Engine/Content/Localization/Engine/es-MX/Engine.locres' could not be opened for reading!
[2020.07.15-20.05.38:306][  0]LogTextLocalizationResource: LocRes '../../../Engine/Plugins/Online/Android/OnlineSubsystemGooglePlay/Content/Localization/OnlineSubsystemGooglePlay/es-MX/OnlineSubsystemGooglePlay.locres' could not be opened for reading!
[2020.07.15-20.05.38:307][  0]LogTextLocalizationResource: LocRes '../../../Engine/Plugins/Online/IOS/OnlineSubsystemIOS/Content/Localization/OnlineSubsystemIOS/es-MX/OnlineSubsystemIOS.locres' could not be opened for reading!
[2020.07.15-20.05.38:307][  0]LogTextLocalizationResource: LocRes '../../../Engine/Plugins/Online/OnlineSubsystemUtils/Content/Localization/OnlineSubsystemUtils/es-MX/OnlineSubsystemUtils.locres' could not be opened for reading!
[2020.07.15-20.05.38:351][  0]LogInit: Setting process to per monitor DPI aware
[2020.07.15-20.05.38:391][  0]LogSlate: New Slate User Created.  User Index 0, Is Virtual User: 0
[2020.07.15-20.05.38:391][  0]LogSlate: Slate User Registered.  User Index 0, Is Virtual User: 0
[2020.07.15-20.05.38:550][  0]LogHMD: Failed to initialize OpenVR with code 110
[2020.07.15-20.05.38:550][  0]LogD3D11RHI: D3D11 min allowed feature level: 11_0
[2020.07.15-20.05.38:550][  0]LogD3D11RHI: D3D11 max allowed feature level: 11_0
[2020.07.15-20.05.38:550][  0]LogD3D11RHI: D3D11 adapters:
[2020.07.15-20.05.38:571][  0]LogD3D11RHI:    0. 'AMD Radeon HD 7800 Series' (Feature Level 11_0)
[2020.07.15-20.05.38:571][  0]LogD3D11RHI:       2028/0/8169 MB DedicatedVideo/DedicatedSystem/SharedSystem, Outputs:1, VendorId:0x1002
[2020.07.15-20.05.38:574][  0]LogD3D11RHI:    1. 'Microsoft Basic Render Driver' (Feature Level 11_0)
[2020.07.15-20.05.38:574][  0]LogD3D11RHI:       0/0/8169 MB DedicatedVideo/DedicatedSystem/SharedSystem, Outputs:0, VendorId:0x1414
[2020.07.15-20.05.38:577][  0]LogD3D11RHI:    2. 'Microsoft Basic Render Driver' (Feature Level 11_0)
[2020.07.15-20.05.38:577][  0]LogD3D11RHI:       0/0/8169 MB DedicatedVideo/DedicatedSystem/SharedSystem, Outputs:0, VendorId:0x1414
[2020.07.15-20.05.38:577][  0]LogD3D11RHI: Chosen D3D11 Adapter: 0
[2020.07.15-20.05.38:584][  0]LogD3D11RHI: Creating new Direct3DDevice
[2020.07.15-20.05.38:584][  0]LogD3D11RHI:     GPU DeviceId: 0x6818 (for the marketing name, search the web for "GPU Device Id")
[2020.07.15-20.05.38:584][  0]LogWindows: EnumDisplayDevices:
[2020.07.15-20.05.38:584][  0]LogWindows:    0. 'AMD Radeon HD 7800 Series' (P:1 D:1)
[2020.07.15-20.05.38:585][  0]LogWindows:    1. 'AMD Radeon HD 7800 Series' (P:0 D:0)
[2020.07.15-20.05.38:586][  0]LogWindows:    2. 'AMD Radeon HD 7800 Series' (P:0 D:0)
[2020.07.15-20.05.38:586][  0]LogWindows:    3. 'AMD Radeon HD 7800 Series' (P:0 D:0)
[2020.07.15-20.05.38:587][  0]LogWindows:    4. 'AMD Radeon HD 7800 Series' (P:0 D:0)
[2020.07.15-20.05.38:588][  0]LogWindows:    5. 'AMD Radeon HD 7800 Series' (P:0 D:0)
[2020.07.15-20.05.38:589][  0]LogWindows:    6. 'AMD Radeon HD 7800 Series' (P:0 D:0)
[2020.07.15-20.05.38:589][  0]LogWindows:    7. 'AMD Radeon HD 7800 Series' (P:0 D:0)
[2020.07.15-20.05.38:590][  0]LogWindows:    8. 'spacedesk Graphics Adapter' (P:0 D:0)
[2020.07.15-20.05.38:590][  0]LogWindows:    9. 'spacedesk Graphics Adapter' (P:0 D:0)
[2020.07.15-20.05.38:591][  0]LogWindows:    10. 'spacedesk Graphics Adapter' (P:0 D:0)
[2020.07.15-20.05.38:591][  0]LogWindows:    11. 'spacedesk Graphics Adapter' (P:0 D:0)
[2020.07.15-20.05.38:592][  0]LogWindows:    12. 'spacedesk Graphics Adapter' (P:0 D:0)
[2020.07.15-20.05.38:592][  0]LogWindows:    13. 'spacedesk Graphics Adapter' (P:0 D:0)
[2020.07.15-20.05.38:592][  0]LogWindows:    14. 'spacedesk Graphics Adapter' (P:0 D:0)
[2020.07.15-20.05.38:593][  0]LogWindows:    15. 'spacedesk Graphics Adapter' (P:0 D:0)
[2020.07.15-20.05.38:593][  0]LogWindows:    16. 'spacedesk Graphics Adapter' (P:0 D:0)
[2020.07.15-20.05.38:594][  0]LogWindows:    17. 'spacedesk Graphics Adapter' (P:0 D:0)
[2020.07.15-20.05.38:594][  0]LogWindows:    18. 'spacedesk Graphics Adapter' (P:0 D:0)
[2020.07.15-20.05.38:595][  0]LogWindows:    19. 'spacedesk Graphics Adapter' (P:0 D:0)
[2020.07.15-20.05.38:595][  0]LogWindows:    20. 'spacedesk Graphics Adapter' (P:0 D:0)
[2020.07.15-20.05.38:596][  0]LogWindows:    21. 'spacedesk Graphics Adapter' (P:0 D:0)
[2020.07.15-20.05.38:596][  0]LogWindows:    22. 'spacedesk Graphics Adapter' (P:0 D:0)
[2020.07.15-20.05.38:597][  0]LogWindows:    23. 'spacedesk Graphics Adapter' (P:0 D:0)
[2020.07.15-20.05.38:597][  0]LogWindows: DebugString: GetVideoDriverDetailsInvalid PrimaryIsNotTheChoosenAdapter GetVideoDriverDetailsInvalid PrimaryIsNotTheChoosenAdapter GetVideoDriverDetailsInvalid PrimaryIsNotTheChoosenAdapter GetVideoDriverDetailsInvalid PrimaryIsNotTheChoosenAdapter GetVideoDriverDetailsInvalid PrimaryIsNotTheChoosenAdapter GetVideoDriverDetailsInvalid PrimaryIsNotTheChoosenAdapter GetVideoDriverDetailsInvalid PrimaryIsNotTheChoosenAdapter GetVideoDriverDetailsInvalid PrimaryIsNotTheChoosenAdapter GetVideoDriverDetailsInvalid PrimaryIsNotTheChoosenAdapter GetVideoDriverDetailsInvalid PrimaryIsNotTheChoosenAdapter GetVideoDriverDetailsInvalid PrimaryIsNotTheChoosenAdapter GetVideoDriverDetailsInvalid PrimaryIsNotTheChoosenAdapter GetVideoDriverDetailsInvalid PrimaryIsNotTheChoosenAdapter GetVideoDriverDetailsInvalid PrimaryIsNotTheChoosenAdapter GetVideoDriverDetailsInvalid PrimaryIsNotTheChoosenAdapter GetVideoDriverDetailsInvalid PrimaryIsNotTheChoosenAdapter FoundDriverCount:8 
[2020.07.15-20.05.38:597][  0]LogD3D11RHI:     Adapter Name: AMD Radeon HD 7800 Series
[2020.07.15-20.05.38:597][  0]LogD3D11RHI:   Driver Version: Adrenalin 2019 19.5.1 (internal:26.20.11015.1003, unified:26.20.11015.1003)
[2020.07.15-20.05.38:597][  0]LogD3D11RHI:      Driver Date: 5-9-2019
[2020.07.15-20.05.38:597][  0]LogRHI: Texture pool is 1206 MB (70% of 1723 MB)
[2020.07.15-20.05.38:655][  0]LogD3D11RHI: RHI does not have support for 64 bit atomics
[2020.07.15-20.05.38:655][  0]LogD3D11RHI: Async texture creation enabled
[2020.07.15-20.05.38:655][  0]LogD3D11RHI: Array index from any shader is supported
[2020.07.15-20.05.38:668][  0]LogD3D11RHI: GPU Timing Frequency: 27.000000 (Debug: 2 1)
[2020.07.15-20.05.39:031][  0]LogTargetPlatformManager: Display: Loaded TargetPlatform 'AllDesktop'
[2020.07.15-20.05.39:056][  0]LogTargetPlatformManager: Display: Loaded TargetPlatform 'Android'
[2020.07.15-20.05.39:056][  0]LogTargetPlatformManager: Display: Loaded TargetPlatform 'Android_ASTC'
[2020.07.15-20.05.39:056][  0]LogTargetPlatformManager: Display: Loaded TargetPlatform 'Android_DXT'
[2020.07.15-20.05.39:056][  0]LogTargetPlatformManager: Display: Loaded TargetPlatform 'Android_ETC2'
[2020.07.15-20.05.39:056][  0]LogTargetPlatformManager: Display: Loaded TargetPlatform 'AndroidClient'
[2020.07.15-20.05.39:056][  0]LogTargetPlatformManager: Display: Loaded TargetPlatform 'Android_ASTCClient'
[2020.07.15-20.05.39:056][  0]LogTargetPlatformManager: Display: Loaded TargetPlatform 'Android_DXTClient'
[2020.07.15-20.05.39:056][  0]LogTargetPlatformManager: Display: Loaded TargetPlatform 'Android_ETC2Client'
[2020.07.15-20.05.39:056][  0]LogTargetPlatformManager: Display: Loaded TargetPlatform 'Android_Multi'
[2020.07.15-20.05.39:056][  0]LogTargetPlatformManager: Display: Loaded TargetPlatform 'Android_MultiClient'
[2020.07.15-20.05.39:084][  0]LogTargetPlatformManager: Display: Loaded TargetPlatform 'IOSClient'
[2020.07.15-20.05.39:084][  0]LogTargetPlatformManager: Display: Loaded TargetPlatform 'IOS'
[2020.07.15-20.05.39:096][  0]LogTargetPlatformManager: Display: Loaded TargetPlatform 'Linux'
[2020.07.15-20.05.39:108][  0]LogTargetPlatformManager: Display: Loaded TargetPlatform 'LinuxNoEditor'
[2020.07.15-20.05.39:119][  0]LogTargetPlatformManager: Display: Loaded TargetPlatform 'LinuxClient'
[2020.07.15-20.05.39:130][  0]LogTargetPlatformManager: Display: Loaded TargetPlatform 'LinuxServer'
[2020.07.15-20.05.39:142][  0]LogTargetPlatformManager: Display: Loaded TargetPlatform 'LinuxAArch64NoEditor'
[2020.07.15-20.05.39:154][  0]LogTargetPlatformManager: Display: Loaded TargetPlatform 'LinuxAArch64Client'
[2020.07.15-20.05.39:165][  0]LogTargetPlatformManager: Display: Loaded TargetPlatform 'LinuxAArch64Server'
[2020.07.15-20.05.39:195][  0]LogTargetPlatformManager: Display: Loaded TargetPlatform 'Lumin'
[2020.07.15-20.05.39:195][  0]LogTargetPlatformManager: Display: Loaded TargetPlatform 'LuminClient'
[2020.07.15-20.05.39:213][  0]LogTargetPlatformManager: Display: Loaded TargetPlatform 'TVOSClient'
[2020.07.15-20.05.39:213][  0]LogTargetPlatformManager: Display: Loaded TargetPlatform 'TVOS'
[2020.07.15-20.05.39:224][  0]LogTargetPlatformManager: Display: Loaded TargetPlatform 'WindowsNoEditor'
[2020.07.15-20.05.39:236][  0]LogTargetPlatformManager: Display: Loaded TargetPlatform 'Windows'
[2020.07.15-20.05.39:248][  0]LogTargetPlatformManager: Display: Loaded TargetPlatform 'WindowsClient'
[2020.07.15-20.05.39:259][  0]LogTargetPlatformManager: Display: Loaded TargetPlatform 'WindowsServer'
[2020.07.15-20.05.39:259][  0]LogTargetPlatformManager: Display: Building Assets For Windows
[2020.07.15-20.05.39:269][  0]LogAudioDebug: Display: Lib vorbis DLL was dynamically loaded.
[2020.07.15-20.05.39:347][  0]LogShaderCompilers: Guid format shader working directory is -3 characters bigger than the processId version (../../../../../Github Unknown World/UnknownWorld/Intermediate/Shaders/WorkingDirectory/12088/).
[2020.07.15-20.05.39:347][  0]LogShaderCompilers: Cleaned the shader compiler working directory 'C:/Users/yo_lu/AppData/Local/Temp/UnrealShaderWorkingDir/0066F1E443630F85F8C26CB31A10238F/'.
[2020.07.15-20.05.39:347][  0]LogXGEController: Cannot use XGE Controller as Incredibuild is not installed on this machine.
[2020.07.15-20.05.39:348][  0]LogShaderCompilers: Cannot use XGE Shader Compiler as Incredibuild is not installed on this machine.
[2020.07.15-20.05.39:348][  0]LogShaderCompilers: Display: Using Local Shader Compiler.
[2020.07.15-20.05.40:227][  0]LogDerivedDataCache: Display: Max Cache Size: 512 MB
[2020.07.15-20.05.40:286][  0]LogDerivedDataCache: Loaded boot cache 0.06s 76MB C:/Users/yo_lu/AppData/Local/UnrealEngine/4.25/DerivedDataCache/Boot.ddc.
[2020.07.15-20.05.40:287][  0]LogDerivedDataCache: Display: Loaded Boot cache: C:/Users/yo_lu/AppData/Local/UnrealEngine/4.25/DerivedDataCache/Boot.ddc
[2020.07.15-20.05.40:297][  0]LogDerivedDataCache: FDerivedDataBackendGraph:  Pak pak cache file ../../../../../Github Unknown World/UnknownWorld/DerivedDataCache/DDC.ddp not found, will not use a pak cache.
[2020.07.15-20.05.40:297][  0]LogDerivedDataCache: Unable to find inner node Pak for hierarchical cache Hierarchy.
[2020.07.15-20.05.40:298][  0]LogDerivedDataCache: FDerivedDataBackendGraph:  CompressedPak pak cache file ../../../../../Github Unknown World/UnknownWorld/DerivedDataCache/Compressed.ddp not found, will not use a pak cache.
[2020.07.15-20.05.40:298][  0]LogDerivedDataCache: Unable to find inner node CompressedPak for hierarchical cache Hierarchy.
[2020.07.15-20.05.40:309][  0]LogDerivedDataCache: Display: Pak cache opened for reading ../../../Engine/DerivedDataCache/Compressed.ddp.
[2020.07.15-20.05.40:309][  0]LogDerivedDataCache: FDerivedDataBackendGraph:  EnterprisePak pak cache file ../../../Enterprise/DerivedDataCache/Compressed.ddp not found, will not use a pak cache.
[2020.07.15-20.05.40:309][  0]LogDerivedDataCache: Unable to find inner node EnterprisePak for hierarchical cache Hierarchy.
[2020.07.15-20.05.40:311][  0]LogDerivedDataCache: Using Local data cache path C:/Users/yo_lu/AppData/Local/UnrealEngine/Common/DerivedDataCache: Writable
[2020.07.15-20.05.40:311][  0]LogDerivedDataCache: Shared data cache path not found in *engine.ini, will not use an Shared cache.
[2020.07.15-20.05.40:311][  0]LogDerivedDataCache: Unable to find inner node Shared for hierarchical cache Hierarchy.
[2020.07.15-20.05.40:374][  0]LogSlate: Using FreeType 2.10.0
[2020.07.15-20.05.40:374][  0]LogSlate: SlateFontServices - WITH_FREETYPE: 1, WITH_HARFBUZZ: 1
[2020.07.15-20.05.40:401][  0]LogAssetRegistry: FAssetRegistry took 0.0027 seconds to start up
[2020.07.15-20.05.40:685][  0]LogInit: Selected Device Profile: [Windows]
[2020.07.15-20.05.40:822][  0]LogMeshReduction: Using QuadricMeshReduction for automatic static mesh reduction
[2020.07.15-20.05.40:822][  0]LogMeshReduction: Using SimplygonMeshReduction for automatic skeletal mesh reduction
[2020.07.15-20.05.40:822][  0]LogMeshReduction: Using ProxyLODMeshReduction for automatic mesh merging
[2020.07.15-20.05.40:822][  0]LogMeshReduction: No distributed automatic mesh merging module available
[2020.07.15-20.05.40:822][  0]LogMeshMerging: No distributed automatic mesh merging module available
[2020.07.15-20.05.40:843][  0]LogNetVersion: UnknownWorld 1.0.0, NetCL: 13144385, EngineNetVer: 14, GameNetVer: 0 (Checksum: 4287957349)
[2020.07.15-20.05.41:330][  0]LogAISub: UAISubsystem::UAISubsystem AISubsystem (0000020DFF6B6DC0), frame # 0
[2020.07.15-20.05.41:330][  0]LogAISub: UAISubsystem::UAISubsystem AIPerceptionSystem (0000020DFF698900), frame # 0
[2020.07.15-20.05.41:331][  0]LogAISub: UAISubsystem::UAISubsystem EnvQueryManager (0000020DFF6ADE00), frame # 0
[2020.07.15-20.05.41:511][  0]LogPackageLocalizationCache: Processed 19 localized package path(s) for 2 prioritized culture(s) in 0.172765 seconds
[2020.07.15-20.05.41:517][  0]LogUObjectArray: 15917 objects as part of root set at end of initial load.
[2020.07.15-20.05.41:517][  0]LogUObjectAllocator: 3965568 out of 0 bytes used by permanent object pool.
[2020.07.15-20.05.41:517][  0]LogUObjectArray: CloseDisregardForGC: 0/0 objects in disregard for GC pool
[2020.07.15-20.05.41:950][  0]LogTcpMessaging: Initializing TcpMessaging bridge
[2020.07.15-20.05.41:955][  0]LogUdpMessaging: Initializing bridge on interface 0.0.0.0:0 to multicast group 230.0.0.1:6666.
[2020.07.15-20.05.42:070][  0]SourceControl: El control de código fuente está desactivado
[2020.07.15-20.05.42:813][  0]LogVSAccessor: Display: Unable to create Visual Studio setup instance: 80040154
[2020.07.15-20.05.42:814][  0]LogVSAccessor: Display: Unable to create Visual Studio setup instance: 80040154
[2020.07.15-20.05.43:101][  0]LogAndroidPermission: UAndroidPermissionCallbackProxy::GetInstance
[2020.07.15-20.05.43:128][  0]LogAudioCaptureCore: Display: No Audio Capture implementations found. Audio input will be silent.
[2020.07.15-20.05.43:128][  0]LogAudioCaptureCore: Display: No Audio Capture implementations found. Audio input will be silent.
[2020.07.15-20.05.43:193][  0]LogOcInput: OculusInput pre-init called
[2020.07.15-20.05.43:205][  0]LogWindows: Failed to load 'OVRPlugin.dll' (GetLastError=126)
[2020.07.15-20.05.43:206][  0]LogWindows: File 'OVRPlugin.dll' does not exist
[2020.07.15-20.05.43:282][  0]LogEngine: Initializing Engine...
[2020.07.15-20.05.43:283][  0]LogHMD: Failed to initialize OpenVR with code 110
[2020.07.15-20.05.43:283][  0]LogMagicLeap: Warning: VR disabled because ZI is not enabled.  To enable, in the editor, Edit -> Project Settings -> Plugins -> Magic Leap Plugin -> Enable Zero Iteration
[2020.07.15-20.05.43:284][  0]LogStats: UGameplayTagsManager::InitializeManager -  0.000 s
[2020.07.15-20.05.43:420][  0]LogInit: Initializing FReadOnlyCVARCache
[2020.07.15-20.05.43:429][  0]LogAIModule: Creating AISystem for world Untitled
[2020.07.15-20.05.43:429][  0]LogAISub: UAISubsystem::UAISubsystem EnvQueryManager (0000020D87D6FC00), frame # 0
[2020.07.15-20.05.43:429][  0]LogAISub: UAISubsystem::UAISubsystem AIPerceptionSystem (0000020D87D7BB00), frame # 0
[2020.07.15-20.05.43:455][  0]LogAudioMixer: Display: Audio Mixer Platform Settings:
[2020.07.15-20.05.43:455][  0]LogAudioMixer: Display: 	Sample Rate:						  48000
[2020.07.15-20.05.43:455][  0]LogAudioMixer: Display: 	Callback Buffer Frame Size Requested: 1024
[2020.07.15-20.05.43:455][  0]LogAudioMixer: Display: 	Callback Buffer Frame Size To Use:	  1024
[2020.07.15-20.05.43:455][  0]LogAudioMixer: Display: 	Number of buffers to queue:			  2
[2020.07.15-20.05.43:455][  0]LogAudioMixer: Display: 	Max Channels (voices):				  32
[2020.07.15-20.05.43:455][  0]LogAudioMixer: Display: 	Number of Async Source Workers:		  0
[2020.07.15-20.05.43:455][  0]LogAudio: Display: AudioDevice MaxSources: 32
[2020.07.15-20.05.43:455][  0]LogAudio: Display: Using built-in audio occlusion.
[2020.07.15-20.05.43:455][  0]LogAudioMixer: Display: Initializing audio mixer.
[2020.07.15-20.05.43:486][  0]LogAudioMixer: Display: 0: FrontLeft
[2020.07.15-20.05.43:486][  0]LogAudioMixer: Display: 1: FrontRight
[2020.07.15-20.05.43:541][  0]LogAudioMixer: Display: Using Audio Device Altavoces (2- High Definition Audio Device)
[2020.07.15-20.05.43:543][  0]LogAudioMixer: Display: Initializing Sound Submixes...
[2020.07.15-20.05.43:545][  0]LogAudioMixer: Display: Creating Master Submix 'MasterSubmixDefault'
[2020.07.15-20.05.43:545][  0]LogAudioMixer: Display: Creating Master Submix 'MasterReverbSubmixDefault'
[2020.07.15-20.05.43:546][  0]LogAudioMixer: Display: Creating Master Submix 'MasterEQSubmixDefault'
[2020.07.15-20.05.43:547][  0]LogInit: FAudioDevice initialized.
[2020.07.15-20.05.43:547][  0]LogNetVersion: Set ProjectVersion to 1.0.0.0. Version Checksum will be recalculated on next use.
[2020.07.15-20.05.43:640][  0]LogDerivedDataCache: Saved boot cache 0.09s 76MB C:/Users/yo_lu/AppData/Local/UnrealEngine/4.25/DerivedDataCache/Boot.ddc.
[2020.07.15-20.05.43:645][  0]LogInit: Texture streaming: Enabled
[2020.07.15-20.05.43:669][  0]LogEngineSessionManager: EngineSessionManager initialized
[2020.07.15-20.05.43:669][  0]LogEditorSessionSummary: Verbose: Initializing EditorSessionSummaryWriter for editor session tracking
[2020.07.15-20.05.43:671][  0]LogEditorSessionSummary: EditorSessionSummaryWriter initialized
[2020.07.15-20.05.43:748][  0]LogInit: Transaction tracking system initialized
[2020.07.15-20.05.43:777][  0]BlueprintLog: New page: Cargar el editor
[2020.07.15-20.05.43:870][  0]LocalizationService: Localization service is disabled
[2020.07.15-20.05.43:972][  0]LogVSAccessor: Display: Unable to create Visual Studio setup instance: 80040154
[2020.07.15-20.05.43:972][  0]LogVSAccessor: Display: Unable to create Visual Studio setup instance: 80040154
[2020.07.15-20.05.44:084][  0]LogCook: Display: Max memory allowance for cook 16384mb min free memory 0mb
[2020.07.15-20.05.44:085][  0]LogCook: Display: Mobile HDR setting 0
[2020.07.15-20.05.44:150][  0]LogFileCache: Scanning file cache for directory 'D:/Github Unknown World/UnknownWorld/Content/' took 0.01s
[2020.07.15-20.05.44:496][  0]LogUnrealEdMisc: Loading editor; pre map load, took 9.480
[2020.07.15-20.05.44:496][  0]Cmd: MAP LOAD FILE="../../../../../Github Unknown World/UnknownWorld/Content/Niveles/Menuprincipal.umap" TEMPLATE=0 SHOWPROGRESS=1 FEATURELEVEL=3
[2020.07.15-20.05.44:496][  0]LightingResults: New page: Diseñar la iluminación
[2020.07.15-20.05.44:497][  0]LogWorld: UWorld::CleanupWorld for Untitled, bSessionEnded=true, bCleanupResources=true
[2020.07.15-20.05.44:497][  0]LogSlate: InvalidateAllWidgets triggered.  All widgets were invalidated
[2020.07.15-20.05.44:497][  0]MapCheck: New page: Revisión del mapa
[2020.07.15-20.05.44:497][  0]LightingResults: New page: Diseñar la iluminación
[2020.07.15-20.05.44:505][  0]LogAISub: UAISubsystem::~UAISubsystem EnvQueryManager (0000020D87D6FC00), frame # 0
[2020.07.15-20.05.44:506][  0]LogAISub: UAISubsystem::~UAISubsystem AIPerceptionSystem (0000020D87D7BB00), frame # 0
[2020.07.15-20.05.44:506][  0]LogUObjectHash: Compacting FUObjectHashTables data took   0.83ms
[2020.07.15-20.05.46:824][  0]LogAIModule: Creating AISystem for world Menuprincipal
[2020.07.15-20.05.46:824][  0]LogAISub: UAISubsystem::UAISubsystem EnvQueryManager (0000020D8CB11600), frame # 0
[2020.07.15-20.05.46:824][  0]LogAISub: UAISubsystem::UAISubsystem AIPerceptionSystem (0000020DFC691F80), frame # 0
[2020.07.15-20.05.46:825][  0]LogEditorServer: Finished looking for orphan Actors (0.000 secs)
[2020.07.15-20.05.46:837][  0]LogUObjectHash: Compacting FUObjectHashTables data took   0.98ms
[2020.07.15-20.05.46:838][  0]Cmd: MAP CHECKDEP NOCLEARLOG
[2020.07.15-20.05.46:839][  0]MapCheck: Map check complete: 0 Error(s), 0 Warning(s), took 0,145ms to complete.
[2020.07.15-20.05.46:839][  0]LogFileHelpers: Loading map 'Menuprincipal' took 2.342
[2020.07.15-20.05.46:840][  0]LogUnrealEdMisc: Total Editor Startup Time, took 11.824
[2020.07.15-20.05.47:378][  0]LogSlate: Updating window title bar state: overlay mode, drag disabled, window buttons hidden, title bar hidden
[2020.07.15-20.05.47:388][  0]LogSlate: Updating window title bar state: overlay mode, drag disabled, window buttons hidden, title bar hidden
[2020.07.15-20.05.47:397][  0]LogSlate: Updating window title bar state: overlay mode, drag disabled, window buttons hidden, title bar hidden
[2020.07.15-20.05.47:407][  0]LogSlate: Updating window title bar state: overlay mode, drag disabled, window buttons hidden, title bar hidden
[2020.07.15-20.05.47:472][  0]LogCollectionManager: Loaded 0 collections in 0.000866 seconds
[2020.07.15-20.05.47:589][  0]LogFileCache: Scanning file cache for directory 'D:/Github Unknown World/UnknownWorld/Saved/Collections/' took 0.00s
[2020.07.15-20.05.47:589][  0]LogFileCache: Scanning file cache for directory 'D:/Github Unknown World/UnknownWorld/Content/Developers/yolu/Collections/' took 0.00s
[2020.07.15-20.05.47:589][  0]LogFileCache: Scanning file cache for directory 'D:/Github Unknown World/UnknownWorld/Content/Collections/' took 0.00s
[2020.07.15-20.05.47:589][  0]LogContentBrowser: Native class hierarchy populated in 0.0132 seconds. Added 3427 classes and 821 folders.
[2020.07.15-20.05.47:622][  0]LogContentBrowser: Native class hierarchy updated for 'WidgetCarousel' in 0.0003 seconds. Added 0 classes and 0 folders.
[2020.07.15-20.05.48:633][  0]LogContentBrowser: Native class hierarchy updated for 'AddContentDialog' in 0.0005 seconds. Added 0 classes and 0 folders.
[2020.07.15-20.05.48:669][  0]LogContentBrowser: Native class hierarchy updated for 'SceneOutliner' in 0.0004 seconds. Added 2 classes and 0 folders.
[2020.07.15-20.05.49:010][  0]LogSlate: Took 0.000292 seconds to synchronously load lazily loaded font '../../../Engine/Content/Slate/Fonts/Roboto-Regular.ttf' (155K)
[2020.07.15-20.05.49:016][  0]LogSlate: Took 0.000179 seconds to synchronously load lazily loaded font '../../../Engine/Content/Slate/Fonts/Roboto-Bold.ttf' (160K)
[2020.07.15-20.05.49:045][  0]LogSlate: Took 0.017052 seconds to synchronously load lazily loaded font '../../../Engine/Content/Editor/Slate/Fonts/FontAwesome.ttf' (139K)
[2020.07.15-20.05.49:566][  0]LogRenderer: Reallocating scene render targets to support 1208x572 Format 10 NumSamples 1 (Frame:1).
[2020.07.15-20.05.50:065][  0]LogContentBrowser: Native class hierarchy updated for 'HierarchicalLODOutliner' in 0.0003 seconds. Added 0 classes and 0 folders.
[2020.07.15-20.05.50:066][  0]LogLoad: (Engine Initialization) Total time: 15.05 seconds
[2020.07.15-20.05.50:066][  0]LogLoad: (Engine Initialization) Total Blueprint compile time: 0.00 seconds
[2020.07.15-20.05.50:131][  0]LogAssetRegistry: Asset discovery search completed in 9.7311 seconds
[2020.07.15-20.05.50:134][  0]LogCollectionManager: Fixed up redirectors for 0 collections in 0.000003 seconds (updated 0 objects)
[2020.07.15-20.05.50:399][  0]LogContentStreaming: Texture pool size now 1000 MB
[2020.07.15-20.05.50:594][  0]LogSlate: Took 0.069530 seconds to synchronously load lazily loaded font '../../../Engine/Content/Slate/Fonts/Roboto-Light.ttf' (167K)
[2020.07.15-20.05.51:550][ 74]LogTemp: Repeating last play command: Selected Viewport
[2020.07.15-20.05.51:568][ 74]LogPlayLevel: PlayLevel: No blueprints needed recompiling
[2020.07.15-20.05.51:569][ 74]PIE: New page: Sesión PIE (reproducción en el editor): MenuPrincipal (15-07-2020 12:05:51)
[2020.07.15-20.05.51:587][ 74]LogOnline: OSS: Creating online subsystem instance for: NULL
[2020.07.15-20.05.51:621][ 74]LogOnline: OSS: TryLoadSubsystemAndSetDefault: Loaded subsystem for module [NULL]
[2020.07.15-20.05.51:621][ 74]LogPlayLevel: Creating play world package: /Game/Niveles/UEDPIE_0_MenuPrincipal
[2020.07.15-20.05.51:623][ 74]LogPlayLevel: PIE: StaticDuplicateObject took: (0.001760s)
[2020.07.15-20.05.51:624][ 74]LogAIModule: Creating AISystem for world Menuprincipal
[2020.07.15-20.05.51:624][ 74]LogAISub: UAISubsystem::UAISubsystem EnvQueryManager (0000020D9FCB7E00), frame # 74
[2020.07.15-20.05.51:624][ 74]LogAISub: UAISubsystem::UAISubsystem AIPerceptionSystem (0000020D8CB31440), frame # 74
[2020.07.15-20.05.51:625][ 74]LogPlayLevel: PIE: World Init took: (0.001558s)
[2020.07.15-20.05.51:625][ 74]LogPlayLevel: PIE: Created PIE world by copying editor world from /Game/Niveles/MenuPrincipal.Menuprincipal to /Game/Niveles/UEDPIE_0_MenuPrincipal.Menuprincipal (0.003731s)
[2020.07.15-20.05.51:639][ 74]LogUObjectHash: Compacting FUObjectHashTables data took   0.69ms
[2020.07.15-20.05.51:642][ 74]LogAudioMixer: Display: Audio Mixer Platform Settings:
[2020.07.15-20.05.51:642][ 74]LogAudioMixer: Display: 	Sample Rate:						  48000
[2020.07.15-20.05.51:642][ 74]LogAudioMixer: Display: 	Callback Buffer Frame Size Requested: 1024
[2020.07.15-20.05.51:642][ 74]LogAudioMixer: Display: 	Callback Buffer Frame Size To Use:	  1024
[2020.07.15-20.05.51:642][ 74]LogAudioMixer: Display: 	Number of buffers to queue:			  2
[2020.07.15-20.05.51:642][ 74]LogAudioMixer: Display: 	Max Channels (voices):				  32
[2020.07.15-20.05.51:642][ 74]LogAudioMixer: Display: 	Number of Async Source Workers:		  0
[2020.07.15-20.05.51:642][ 74]LogAudio: Display: AudioDevice MaxSources: 32
[2020.07.15-20.05.51:643][ 74]LogAudio: Display: Using built-in audio occlusion.
[2020.07.15-20.05.51:643][ 74]LogAudioMixer: Display: Initializing audio mixer.
[2020.07.15-20.05.51:654][ 74]LogAudioMixer: Display: 0: FrontLeft
[2020.07.15-20.05.51:654][ 74]LogAudioMixer: Display: 1: FrontRight
[2020.07.15-20.05.51:687][ 74]LogAudioMixer: Display: Using Audio Device Altavoces (2- High Definition Audio Device)
[2020.07.15-20.05.51:687][ 74]LogAudioMixer: Display: Initializing Sound Submixes...
[2020.07.15-20.05.51:687][ 74]LogAudioMixer: Display: Creating Master Submix 'MasterSubmixDefault'
[2020.07.15-20.05.51:687][ 74]LogAudioMixer: Display: Creating Master Submix 'MasterReverbSubmixDefault'
[2020.07.15-20.05.51:687][ 74]LogAudioMixer: Display: Creating Master Submix 'MasterEQSubmixDefault'
[2020.07.15-20.05.51:701][ 74]LogInit: FAudioDevice initialized.
[2020.07.15-20.05.51:755][ 74]LogLoad: Game class is '2DSideScrollerGameMode_C'
[2020.07.15-20.05.51:795][ 74]LogWorld: Bringing World /Game/Niveles/UEDPIE_0_MenuPrincipal.Menuprincipal up for play (max tick rate 0) at 2020.07.15-16.05.51
[2020.07.15-20.05.51:795][ 74]LogWorld: Bringing up level for play took: 0.000769
[2020.07.15-20.05.51:796][ 74]LogOnline: OSS: Creating online subsystem instance for: :Context_1
[2020.07.15-20.05.51:800][ 74]LogContentBrowser: Native class hierarchy updated for 'MovieSceneCapture' in 0.0004 seconds. Added 20 classes and 0 folders.
[2020.07.15-20.05.51:961][ 74]PIE: El servidor ha iniciado la sesión
[2020.07.15-20.05.51:962][ 74]PIE: Play in editor total start time 0,395 seconds.
[2020.07.15-20.05.55:163][444]LogNet: Browse: /Game/Niveles/Mundo1
[2020.07.15-20.05.55:176][444]LogLoad: LoadMap: /Game/Niveles/Mundo1
[2020.07.15-20.05.55:176][444]LogWorld: BeginTearingDown for /Game/Niveles/UEDPIE_0_MenuPrincipal
[2020.07.15-20.05.55:177][444]LogWorld: UWorld::CleanupWorld for Menuprincipal, bSessionEnded=true, bCleanupResources=true
[2020.07.15-20.05.55:177][444]LogSlate: InvalidateAllWidgets triggered.  All widgets were invalidated
[2020.07.15-20.05.55:226][444]LogAISub: UAISubsystem::~UAISubsystem AIPerceptionSystem (0000020D8CB31440), frame # 444
[2020.07.15-20.05.55:226][444]LogAISub: UAISubsystem::~UAISubsystem EnvQueryManager (0000020D9FCB7E00), frame # 444
[2020.07.15-20.05.55:227][444]LogUObjectHash: Compacting FUObjectHashTables data took   0.99ms
[2020.07.15-20.05.55:661][444]LogAIModule: Creating AISystem for world Mundo1
[2020.07.15-20.05.55:661][444]LogAISub: UAISubsystem::UAISubsystem EnvQueryManager (0000020D9FCB5600), frame # 444
[2020.07.15-20.05.55:661][444]LogAISub: UAISubsystem::UAISubsystem AIPerceptionSystem (0000020D8CB0EFC0), frame # 444
[2020.07.15-20.05.55:662][444]LogLoad: Game class is '2DSideScrollerGameMode_C'
[2020.07.15-20.05.55:705][444]LogWorld: Bringing World /Game/Niveles/UEDPIE_0_Mundo1.Mundo1 up for play (max tick rate 0) at 2020.07.15-16.05.55
[2020.07.15-20.05.55:706][444]LogWorld: Bringing up level for play took: 0.043097
[2020.07.15-20.05.55:727][444]LogLoad: Took 0.551592 seconds to LoadMap(/Game/Niveles/Mundo1)
[2020.07.15-20.06.00:738][ 32]LogSlate: Updating window title bar state: overlay mode, drag disabled, window buttons hidden, title bar hidden
[2020.07.15-20.06.02:578][226]LogSlate: Updating window title bar state: overlay mode, drag disabled, window buttons hidden, title bar hidden
[2020.07.15-20.06.03:591][347]LogNet: Browse: /Game/Niveles/MenuPrincipal
[2020.07.15-20.06.03:591][347]LogLoad: LoadMap: /Game/Niveles/MenuPrincipal
[2020.07.15-20.06.03:591][347]LogWorld: BeginTearingDown for /Game/Niveles/UEDPIE_0_Mundo1
[2020.07.15-20.06.03:591][347]LogWorld: UWorld::CleanupWorld for Mundo1, bSessionEnded=true, bCleanupResources=true
[2020.07.15-20.06.03:595][347]LogSlate: InvalidateAllWidgets triggered.  All widgets were invalidated
[2020.07.15-20.06.03:638][347]LogAISub: UAISubsystem::~UAISubsystem AIPerceptionSystem (0000020D8CB0EFC0), frame # 1347
[2020.07.15-20.06.03:638][347]LogAISub: UAISubsystem::~UAISubsystem EnvQueryManager (0000020D9FCB5600), frame # 1347
[2020.07.15-20.06.03:639][347]LogUObjectHash: Compacting FUObjectHashTables data took   0.93ms
[2020.07.15-20.06.03:643][347]LogPlayLevel: Creating play world package: /Game/Niveles/UEDPIE_0_MenuPrincipal
[2020.07.15-20.06.03:644][347]LogPlayLevel: PIE: StaticDuplicateObject took: (0.001499s)
[2020.07.15-20.06.03:645][347]LogAIModule: Creating AISystem for world Menuprincipal
[2020.07.15-20.06.03:646][347]LogAISub: UAISubsystem::UAISubsystem EnvQueryManager (0000020D9FCB6200), frame # 1347
[2020.07.15-20.06.03:646][347]LogAISub: UAISubsystem::UAISubsystem AIPerceptionSystem (0000020D8CB31D00), frame # 1347
[2020.07.15-20.06.03:646][347]LogPlayLevel: PIE: World Init took: (0.001647s)
[2020.07.15-20.06.03:646][347]LogPlayLevel: PIE: Created PIE world by copying editor world from /Game/Niveles/MenuPrincipal.Menuprincipal to /Game/Niveles/UEDPIE_0_MenuPrincipal.Menuprincipal (0.003448s)
[2020.07.15-20.06.03:646][347]LogLoad: Game class is '2DSideScrollerGameMode_C'
[2020.07.15-20.06.03:647][347]LogWorld: Bringing World /Game/Niveles/UEDPIE_0_MenuPrincipal.Menuprincipal up for play (max tick rate 0) at 2020.07.15-16.06.03
[2020.07.15-20.06.03:647][347]LogWorld: Bringing up level for play took: 0.000490
[2020.07.15-20.06.03:648][347]LogGameMode: FindPlayerStart: PATHS NOT DEFINED or NO PLAYERSTART with positive rating
[2020.07.15-20.06.03:652][347]LogLoad: Took 0.060572 seconds to LoadMap(/Game/Niveles/UEDPIE_0_MenuPrincipal)
[2020.07.15-20.06.04:909][497]LogSlate: Updating window title bar state: overlay mode, drag disabled, window buttons hidden, title bar hidden
[2020.07.15-20.06.04:910][497]LogWorld: BeginTearingDown for /Game/Niveles/UEDPIE_0_MenuPrincipal
[2020.07.15-20.06.04:948][497]LogWorld: UWorld::CleanupWorld for Menuprincipal, bSessionEnded=true, bCleanupResources=true
[2020.07.15-20.06.04:948][497]LogSlate: InvalidateAllWidgets triggered.  All widgets were invalidated
[2020.07.15-20.06.04:957][497]LogPlayLevel: Display: Shutting down PIE online subsystems
[2020.07.15-20.06.04:958][497]LogSlate: InvalidateAllWidgets triggered.  All widgets were invalidated
[2020.07.15-20.06.04:983][497]LogSlate: Updating window title bar state: overlay mode, drag disabled, window buttons hidden, title bar hidden
[2020.07.15-20.06.04:983][497]LogAISub: UAISubsystem::~UAISubsystem AIPerceptionSystem (0000020D8CB31D00), frame # 1497
[2020.07.15-20.06.04:983][497]LogAISub: UAISubsystem::~UAISubsystem EnvQueryManager (0000020D9FCB6200), frame # 1497
[2020.07.15-20.06.04:984][497]LogUObjectHash: Compacting FUObjectHashTables data took   0.80ms
[2020.07.15-20.06.05:021][498]LogPlayLevel: Display: Destroying online subsystem :Context_1
[2020.07.15-20.08.55:891][755]LogTemp: Repeating last play command: Selected Viewport
[2020.07.15-20.08.55:909][755]LogPlayLevel: PlayLevel: No blueprints needed recompiling
[2020.07.15-20.08.55:909][755]PIE: New page: Sesión PIE (reproducción en el editor): MenuPrincipal (15-07-2020 12:08:55)
[2020.07.15-20.08.55:946][755]LogPlayLevel: Creating play world package: /Game/Niveles/UEDPIE_0_MenuPrincipal
[2020.07.15-20.08.55:947][755]LogPlayLevel: PIE: StaticDuplicateObject took: (0.001751s)
[2020.07.15-20.08.55:949][755]LogAIModule: Creating AISystem for world Menuprincipal
[2020.07.15-20.08.55:949][755]LogAISub: UAISubsystem::UAISubsystem EnvQueryManager (0000020D9F91F000), frame # 2755
[2020.07.15-20.08.55:949][755]LogAISub: UAISubsystem::UAISubsystem AIPerceptionSystem (0000020D8CCCE840), frame # 2755
[2020.07.15-20.08.55:949][755]LogPlayLevel: PIE: World Init took: (0.001921s)
[2020.07.15-20.08.55:950][755]LogPlayLevel: PIE: Created PIE world by copying editor world from /Game/Niveles/MenuPrincipal.Menuprincipal to /Game/Niveles/UEDPIE_0_MenuPrincipal.Menuprincipal (0.003894s)
[2020.07.15-20.08.55:959][755]LogUObjectHash: Compacting FUObjectHashTables data took   0.96ms
[2020.07.15-20.08.55:960][755]LogAudioMixer: Display: Audio Mixer Platform Settings:
[2020.07.15-20.08.55:960][755]LogAudioMixer: Display: 	Sample Rate:						  48000
[2020.07.15-20.08.55:961][755]LogAudioMixer: Display: 	Callback Buffer Frame Size Requested: 1024
[2020.07.15-20.08.55:961][755]LogAudioMixer: Display: 	Callback Buffer Frame Size To Use:	  1024
[2020.07.15-20.08.55:961][755]LogAudioMixer: Display: 	Number of buffers to queue:			  2
[2020.07.15-20.08.55:961][755]LogAudioMixer: Display: 	Max Channels (voices):				  32
[2020.07.15-20.08.55:961][755]LogAudioMixer: Display: 	Number of Async Source Workers:		  0
[2020.07.15-20.08.55:961][755]LogAudio: Display: AudioDevice MaxSources: 32
[2020.07.15-20.08.55:961][755]LogAudio: Display: Using built-in audio occlusion.
[2020.07.15-20.08.55:961][755]LogAudioMixer: Display: Initializing audio mixer.
[2020.07.15-20.08.55:973][755]LogAudioMixer: Display: 0: FrontLeft
[2020.07.15-20.08.55:974][755]LogAudioMixer: Display: 1: FrontRight
[2020.07.15-20.08.56:003][755]LogAudioMixer: Display: Using Audio Device Altavoces (2- High Definition Audio Device)
[2020.07.15-20.08.56:003][755]LogAudioMixer: Display: Initializing Sound Submixes...
[2020.07.15-20.08.56:003][755]LogAudioMixer: Display: Creating Master Submix 'MasterSubmixDefault'
[2020.07.15-20.08.56:003][755]LogAudioMixer: Display: Creating Master Submix 'MasterReverbSubmixDefault'
[2020.07.15-20.08.56:005][755]LogAudioMixer: Display: Creating Master Submix 'MasterEQSubmixDefault'
[2020.07.15-20.08.56:018][755]LogInit: FAudioDevice initialized.
[2020.07.15-20.08.56:030][755]LogLoad: Game class is '2DSideScrollerGameMode_C'
[2020.07.15-20.08.56:031][755]LogWorld: Bringing World /Game/Niveles/UEDPIE_0_MenuPrincipal.Menuprincipal up for play (max tick rate 0) at 2020.07.15-16.08.56
[2020.07.15-20.08.56:031][755]LogWorld: Bringing up level for play took: 0.000393
[2020.07.15-20.08.56:032][755]LogOnline: OSS: Creating online subsystem instance for: :Context_2
[2020.07.15-20.08.56:043][755]PIE: El servidor ha iniciado la sesión
[2020.07.15-20.08.56:044][755]PIE: Play in editor total start time 0,136 seconds.
[2020.07.15-20.09.04:056][705]LogNet: Browse: /Game/Niveles/Mundo1
[2020.07.15-20.09.04:056][705]LogLoad: LoadMap: /Game/Niveles/Mundo1
[2020.07.15-20.09.04:056][705]LogWorld: BeginTearingDown for /Game/Niveles/UEDPIE_0_MenuPrincipal
[2020.07.15-20.09.04:057][705]LogWorld: UWorld::CleanupWorld for Menuprincipal, bSessionEnded=true, bCleanupResources=true
[2020.07.15-20.09.04:057][705]LogSlate: InvalidateAllWidgets triggered.  All widgets were invalidated
[2020.07.15-20.09.04:094][705]LogAISub: UAISubsystem::~UAISubsystem AIPerceptionSystem (0000020D8CCCE840), frame # 3705
[2020.07.15-20.09.04:094][705]LogAISub: UAISubsystem::~UAISubsystem EnvQueryManager (0000020D9F91F000), frame # 3705
[2020.07.15-20.09.04:095][705]LogUObjectHash: Compacting FUObjectHashTables data took   0.73ms
[2020.07.15-20.09.04:103][705]LogAIModule: Creating AISystem for world Mundo1
[2020.07.15-20.09.04:103][705]LogAISub: UAISubsystem::UAISubsystem EnvQueryManager (0000020D9FFDC400), frame # 3705
[2020.07.15-20.09.04:103][705]LogAISub: UAISubsystem::UAISubsystem AIPerceptionSystem (0000020D878AD300), frame # 3705
[2020.07.15-20.09.04:103][705]LogLoad: Game class is '2DSideScrollerGameMode_C'
[2020.07.15-20.09.04:130][705]LogWorld: Bringing World /Game/Niveles/UEDPIE_0_Mundo1.Mundo1 up for play (max tick rate 0) at 2020.07.15-16.09.04
[2020.07.15-20.09.04:130][705]LogWorld: Bringing up level for play took: 0.026530
[2020.07.15-20.09.04:152][705]LogLoad: Took 0.095949 seconds to LoadMap(/Game/Niveles/Mundo1)
[2020.07.15-20.09.23:326][987]LogSlate: Updating window title bar state: overlay mode, drag disabled, window buttons hidden, title bar hidden
[2020.07.15-20.09.45:313][586]LogSlate: Updating window title bar state: overlay mode, drag disabled, window buttons hidden, title bar hidden
[2020.07.15-20.09.47:771][878]LogSlate: Updating window title bar state: overlay mode, drag disabled, window buttons hidden, title bar hidden
[2020.07.15-20.09.51:323][301]LogSlate: Updating window title bar state: overlay mode, drag disabled, window buttons hidden, title bar hidden
[2020.07.15-20.09.52:277][412]LogSlate: Updating window title bar state: overlay mode, drag disabled, window buttons hidden, title bar hidden
[2020.07.15-20.09.52:277][412]LogWorld: BeginTearingDown for /Game/Niveles/UEDPIE_0_Mundo1
[2020.07.15-20.09.52:277][412]LogWorld: UWorld::CleanupWorld for Mundo1, bSessionEnded=true, bCleanupResources=true
[2020.07.15-20.09.52:281][412]LogSlate: InvalidateAllWidgets triggered.  All widgets were invalidated
[2020.07.15-20.09.52:291][412]LogPlayLevel: Display: Shutting down PIE online subsystems
[2020.07.15-20.09.52:293][412]LogSlate: InvalidateAllWidgets triggered.  All widgets were invalidated
[2020.07.15-20.09.52:317][412]LogSlate: Updating window title bar state: overlay mode, drag disabled, window buttons hidden, title bar hidden
[2020.07.15-20.09.52:318][412]LogAISub: UAISubsystem::~UAISubsystem AIPerceptionSystem (0000020D878AD300), frame # 9412
[2020.07.15-20.09.52:318][412]LogAISub: UAISubsystem::~UAISubsystem EnvQueryManager (0000020D9FFDC400), frame # 9412
[2020.07.15-20.09.52:319][412]LogUObjectHash: Compacting FUObjectHashTables data took   0.72ms
[2020.07.15-20.09.52:363][414]LogPlayLevel: Display: Destroying online subsystem :Context_2
[2020.07.15-20.09.53:791][575]LogTemp: Repeating last play command: Selected Viewport
[2020.07.15-20.09.53:810][575]LogPlayLevel: PlayLevel: No blueprints needed recompiling
[2020.07.15-20.09.53:810][575]PIE: New page: Sesión PIE (reproducción en el editor): MenuPrincipal (15-07-2020 12:09:53)
[2020.07.15-20.09.53:810][575]LogPlayLevel: Creating play world package: /Game/Niveles/UEDPIE_0_MenuPrincipal
[2020.07.15-20.09.53:811][575]LogPlayLevel: PIE: StaticDuplicateObject took: (0.001578s)
[2020.07.15-20.09.53:813][575]LogAIModule: Creating AISystem for world Menuprincipal
[2020.07.15-20.09.53:813][575]LogAISub: UAISubsystem::UAISubsystem EnvQueryManager (0000020D9FFDEC00), frame # 9575
[2020.07.15-20.09.53:813][575]LogAISub: UAISubsystem::UAISubsystem AIPerceptionSystem (0000020D8CCB5BC0), frame # 9575
[2020.07.15-20.09.53:813][575]LogPlayLevel: PIE: World Init took: (0.001347s)
[2020.07.15-20.09.53:813][575]LogPlayLevel: PIE: Created PIE world by copying editor world from /Game/Niveles/MenuPrincipal.Menuprincipal to /Game/Niveles/UEDPIE_0_MenuPrincipal.Menuprincipal (0.003086s)
[2020.07.15-20.09.53:821][575]LogUObjectHash: Compacting FUObjectHashTables data took   0.86ms
[2020.07.15-20.09.53:823][575]LogAudioMixer: Display: Audio Mixer Platform Settings:
[2020.07.15-20.09.53:823][575]LogAudioMixer: Display: 	Sample Rate:						  48000
[2020.07.15-20.09.53:823][575]LogAudioMixer: Display: 	Callback Buffer Frame Size Requested: 1024
[2020.07.15-20.09.53:823][575]LogAudioMixer: Display: 	Callback Buffer Frame Size To Use:	  1024
[2020.07.15-20.09.53:823][575]LogAudioMixer: Display: 	Number of buffers to queue:			  2
[2020.07.15-20.09.53:823][575]LogAudioMixer: Display: 	Max Channels (voices):				  32
[2020.07.15-20.09.53:823][575]LogAudioMixer: Display: 	Number of Async Source Workers:		  0
[2020.07.15-20.09.53:823][575]LogAudio: Display: AudioDevice MaxSources: 32
[2020.07.15-20.09.53:824][575]LogAudio: Display: Using built-in audio occlusion.
[2020.07.15-20.09.53:824][575]LogAudioMixer: Display: Initializing audio mixer.
[2020.07.15-20.09.53:835][575]LogAudioMixer: Display: 0: FrontLeft
[2020.07.15-20.09.53:835][575]LogAudioMixer: Display: 1: FrontRight
[2020.07.15-20.09.53:868][575]LogAudioMixer: Display: Using Audio Device Altavoces (2- High Definition Audio Device)
[2020.07.15-20.09.53:869][575]LogAudioMixer: Display: Initializing Sound Submixes...
[2020.07.15-20.09.53:869][575]LogAudioMixer: Display: Creating Master Submix 'MasterSubmixDefault'
[2020.07.15-20.09.53:869][575]LogAudioMixer: Display: Creating Master Submix 'MasterReverbSubmixDefault'
[2020.07.15-20.09.53:869][575]LogAudioMixer: Display: Creating Master Submix 'MasterEQSubmixDefault'
[2020.07.15-20.09.53:883][575]LogInit: FAudioDevice initialized.
[2020.07.15-20.09.53:890][575]LogLoad: Game class is '2DSideScrollerGameMode_C'
[2020.07.15-20.09.53:891][575]LogWorld: Bringing World /Game/Niveles/UEDPIE_0_MenuPrincipal.Menuprincipal up for play (max tick rate 0) at 2020.07.15-16.09.53
[2020.07.15-20.09.53:891][575]LogWorld: Bringing up level for play took: 0.000382
[2020.07.15-20.09.53:891][575]LogOnline: OSS: Creating online subsystem instance for: :Context_3
[2020.07.15-20.09.53:895][575]PIE: El servidor ha iniciado la sesión
[2020.07.15-20.09.53:896][575]PIE: Play in editor total start time 0,089 seconds.
[2020.07.15-20.09.56:235][850]LogNet: Browse: /Game/Niveles/Mundo1
[2020.07.15-20.09.56:235][850]LogLoad: LoadMap: /Game/Niveles/Mundo1
[2020.07.15-20.09.56:235][850]LogWorld: BeginTearingDown for /Game/Niveles/UEDPIE_0_MenuPrincipal
[2020.07.15-20.09.56:236][850]LogWorld: UWorld::CleanupWorld for Menuprincipal, bSessionEnded=true, bCleanupResources=true
[2020.07.15-20.09.56:236][850]LogSlate: InvalidateAllWidgets triggered.  All widgets were invalidated
[2020.07.15-20.09.56:276][850]LogAISub: UAISubsystem::~UAISubsystem AIPerceptionSystem (0000020D8CCB5BC0), frame # 9850
[2020.07.15-20.09.56:276][850]LogAISub: UAISubsystem::~UAISubsystem EnvQueryManager (0000020D9FFDEC00), frame # 9850
[2020.07.15-20.09.56:277][850]LogUObjectHash: Compacting FUObjectHashTables data took   0.87ms
[2020.07.15-20.09.56:285][850]LogAIModule: Creating AISystem for world Mundo1
[2020.07.15-20.09.56:285][850]LogAISub: UAISubsystem::UAISubsystem EnvQueryManager (0000020D9FCB7800), frame # 9850
[2020.07.15-20.09.56:285][850]LogAISub: UAISubsystem::UAISubsystem AIPerceptionSystem (0000020D8CCB4B80), frame # 9850
[2020.07.15-20.09.56:286][850]LogLoad: Game class is '2DSideScrollerGameMode_C'
[2020.07.15-20.09.56:312][850]LogWorld: Bringing World /Game/Niveles/UEDPIE_0_Mundo1.Mundo1 up for play (max tick rate 0) at 2020.07.15-16.09.56
[2020.07.15-20.09.56:312][850]LogWorld: Bringing up level for play took: 0.025348
[2020.07.15-20.09.56:335][850]LogLoad: Took 0.099271 seconds to LoadMap(/Game/Niveles/Mundo1)
[2020.07.15-20.10.16:300][215]LogNet: Browse: /Game/Niveles/MenuPrincipal
[2020.07.15-20.10.16:301][215]LogLoad: LoadMap: /Game/Niveles/MenuPrincipal
[2020.07.15-20.10.16:301][215]LogWorld: BeginTearingDown for /Game/Niveles/UEDPIE_0_Mundo1
[2020.07.15-20.10.16:301][215]LogWorld: UWorld::CleanupWorld for Mundo1, bSessionEnded=true, bCleanupResources=true
[2020.07.15-20.10.16:305][215]LogSlate: InvalidateAllWidgets triggered.  All widgets were invalidated
[2020.07.15-20.10.16:355][215]LogAISub: UAISubsystem::~UAISubsystem AIPerceptionSystem (0000020D8CCB4B80), frame # 12215
[2020.07.15-20.10.16:355][215]LogAISub: UAISubsystem::~UAISubsystem EnvQueryManager (0000020D9FCB7800), frame # 12215
[2020.07.15-20.10.16:357][215]LogUObjectHash: Compacting FUObjectHashTables data took   0.98ms
[2020.07.15-20.10.16:360][215]LogPlayLevel: Creating play world package: /Game/Niveles/UEDPIE_0_MenuPrincipal
[2020.07.15-20.10.16:362][215]LogPlayLevel: PIE: StaticDuplicateObject took: (0.001738s)
[2020.07.15-20.10.16:363][215]LogAIModule: Creating AISystem for world Menuprincipal
[2020.07.15-20.10.16:363][215]LogAISub: UAISubsystem::UAISubsystem EnvQueryManager (0000020D9FFDDE00), frame # 12215
[2020.07.15-20.10.16:363][215]LogAISub: UAISubsystem::UAISubsystem AIPerceptionSystem (0000020D878ACA40), frame # 12215
[2020.07.15-20.10.16:363][215]LogPlayLevel: PIE: World Init took: (0.001212s)
[2020.07.15-20.10.16:363][215]LogPlayLevel: PIE: Created PIE world by copying editor world from /Game/Niveles/MenuPrincipal.Menuprincipal to /Game/Niveles/UEDPIE_0_MenuPrincipal.Menuprincipal (0.003181s)
[2020.07.15-20.10.16:363][215]LogLoad: Game class is '2DSideScrollerGameMode_C'
[2020.07.15-20.10.16:364][215]LogWorld: Bringing World /Game/Niveles/UEDPIE_0_MenuPrincipal.Menuprincipal up for play (max tick rate 0) at 2020.07.15-16.10.16
[2020.07.15-20.10.16:364][215]LogWorld: Bringing up level for play took: 0.000324
[2020.07.15-20.10.16:365][215]LogGameMode: FindPlayerStart: PATHS NOT DEFINED or NO PLAYERSTART with positive rating
[2020.07.15-20.10.16:367][215]LogLoad: Took 0.066729 seconds to LoadMap(/Game/Niveles/UEDPIE_0_MenuPrincipal)
[2020.07.15-20.10.20:747][735]LogNet: Browse: /Game/Niveles/Mundo1
[2020.07.15-20.10.20:747][735]LogLoad: LoadMap: /Game/Niveles/Mundo1
[2020.07.15-20.10.20:747][735]LogWorld: BeginTearingDown for /Game/Niveles/UEDPIE_0_MenuPrincipal
[2020.07.15-20.10.20:748][735]LogWorld: UWorld::CleanupWorld for Menuprincipal, bSessionEnded=true, bCleanupResources=true
[2020.07.15-20.10.20:748][735]LogSlate: InvalidateAllWidgets triggered.  All widgets were invalidated
[2020.07.15-20.10.20:795][735]LogAISub: UAISubsystem::~UAISubsystem AIPerceptionSystem (0000020D878ACA40), frame # 12735
[2020.07.15-20.10.20:795][735]LogAISub: UAISubsystem::~UAISubsystem EnvQueryManager (0000020D9FFDDE00), frame # 12735
[2020.07.15-20.10.20:796][735]LogUObjectHash: Compacting FUObjectHashTables data took   0.88ms
[2020.07.15-20.10.20:802][735]LogAIModule: Creating AISystem for world Mundo1
[2020.07.15-20.10.20:802][735]LogAISub: UAISubsystem::UAISubsystem EnvQueryManager (0000020D9FCB6600), frame # 12735
[2020.07.15-20.10.20:802][735]LogAISub: UAISubsystem::UAISubsystem AIPerceptionSystem (0000020DC93D16C0), frame # 12735
[2020.07.15-20.10.20:803][735]LogLoad: Game class is '2DSideScrollerGameMode_C'
[2020.07.15-20.10.20:828][735]LogWorld: Bringing World /Game/Niveles/UEDPIE_0_Mundo1.Mundo1 up for play (max tick rate 0) at 2020.07.15-16.10.20
[2020.07.15-20.10.20:828][735]LogWorld: Bringing up level for play took: 0.025016
[2020.07.15-20.10.20:849][735]LogLoad: Took 0.102276 seconds to LoadMap(/Game/Niveles/Mundo1)
[2020.07.15-20.11.21:136][912]LogSlate: Updating window title bar state: overlay mode, drag disabled, window buttons hidden, title bar hidden
[2020.07.15-20.11.21:136][912]LogWorld: BeginTearingDown for /Game/Niveles/UEDPIE_0_Mundo1
[2020.07.15-20.11.21:136][912]LogWorld: UWorld::CleanupWorld for Mundo1, bSessionEnded=true, bCleanupResources=true
[2020.07.15-20.11.21:141][912]LogSlate: InvalidateAllWidgets triggered.  All widgets were invalidated
[2020.07.15-20.11.21:148][912]LogPlayLevel: Display: Shutting down PIE online subsystems
[2020.07.15-20.11.21:149][912]LogSlate: InvalidateAllWidgets triggered.  All widgets were invalidated
[2020.07.15-20.11.21:177][912]LogSlate: Updating window title bar state: overlay mode, drag disabled, window buttons hidden, title bar hidden
[2020.07.15-20.11.21:178][912]LogAISub: UAISubsystem::~UAISubsystem AIPerceptionSystem (0000020DC93D16C0), frame # 19912
[2020.07.15-20.11.21:178][912]LogAISub: UAISubsystem::~UAISubsystem EnvQueryManager (0000020D9FCB6600), frame # 19912
[2020.07.15-20.11.21:179][912]LogUObjectHash: Compacting FUObjectHashTables data took   0.71ms
[2020.07.15-20.11.21:208][913]LogPlayLevel: Display: Destroying online subsystem :Context_3
